{"C:\\Projects\\PetronSanPedroApp\\src\\context\\AddressContext.js": {"path":"C:\\Projects\\PetronSanPedroApp\\src\\context\\AddressContext.js","statementMap":{"0":{"start":{"line":5,"column":23},"end":{"line":5,"column":42}},"1":{"start":{"line":7,"column":31},"end":{"line":202,"column":1}},"2":{"start":{"line":8,"column":19},"end":{"line":8,"column":28}},"3":{"start":{"line":9,"column":36},"end":{"line":9,"column":48}},"4":{"start":{"line":10,"column":32},"end":{"line":10,"column":46}},"5":{"start":{"line":13,"column":25},"end":{"line":32,"column":12}},"6":{"start":{"line":14,"column":4},"end":{"line":14,"column":22}},"7":{"start":{"line":14,"column":15},"end":{"line":14,"column":22}},"8":{"start":{"line":16,"column":4},"end":{"line":31,"column":5}},"9":{"start":{"line":17,"column":6},"end":{"line":17,"column":23}},"10":{"start":{"line":18,"column":30},"end":{"line":23,"column":50}},"11":{"start":{"line":25,"column":6},"end":{"line":25,"column":29}},"12":{"start":{"line":25,"column":17},"end":{"line":25,"column":29}},"13":{"start":{"line":26,"column":6},"end":{"line":26,"column":31}},"14":{"start":{"line":28,"column":6},"end":{"line":28,"column":64}},"15":{"start":{"line":30,"column":6},"end":{"line":30,"column":24}},"16":{"start":{"line":35,"column":21},"end":{"line":76,"column":12}},"17":{"start":{"line":36,"column":4},"end":{"line":36,"column":69}},"18":{"start":{"line":36,"column":15},"end":{"line":36,"column":69}},"19":{"start":{"line":38,"column":4},"end":{"line":75,"column":5}},"20":{"start":{"line":40,"column":6},"end":{"line":45,"column":7}},"21":{"start":{"line":41,"column":8},"end":{"line":44,"column":34}},"22":{"start":{"line":47,"column":30},"end":{"line":58,"column":17}},"23":{"start":{"line":60,"column":6},"end":{"line":60,"column":29}},"24":{"start":{"line":60,"column":17},"end":{"line":60,"column":29}},"25":{"start":{"line":63,"column":6},"end":{"line":69,"column":9}},"26":{"start":{"line":64,"column":24},"end":{"line":64,"column":39}},"27":{"start":{"line":65,"column":8},"end":{"line":67,"column":9}},"28":{"start":{"line":66,"column":10},"end":{"line":66,"column":89}},"29":{"start":{"line":66,"column":34},"end":{"line":66,"column":87}},"30":{"start":{"line":68,"column":8},"end":{"line":68,"column":23}},"31":{"start":{"line":71,"column":6},"end":{"line":71,"column":37}},"32":{"start":{"line":73,"column":6},"end":{"line":73,"column":60}},"33":{"start":{"line":74,"column":6},"end":{"line":74,"column":54}},"34":{"start":{"line":79,"column":24},"end":{"line":122,"column":12}},"35":{"start":{"line":80,"column":4},"end":{"line":80,"column":69}},"36":{"start":{"line":80,"column":15},"end":{"line":80,"column":69}},"37":{"start":{"line":82,"column":4},"end":{"line":121,"column":5}},"38":{"start":{"line":84,"column":6},"end":{"line":90,"column":7}},"39":{"start":{"line":85,"column":8},"end":{"line":89,"column":32}},"40":{"start":{"line":92,"column":30},"end":{"line":104,"column":17}},"41":{"start":{"line":106,"column":6},"end":{"line":106,"column":29}},"42":{"start":{"line":106,"column":17},"end":{"line":106,"column":29}},"43":{"start":{"line":109,"column":6},"end":{"line":115,"column":9}},"44":{"start":{"line":110,"column":24},"end":{"line":110,"column":68}},"45":{"start":{"line":110,"column":38},"end":{"line":110,"column":67}},"46":{"start":{"line":111,"column":8},"end":{"line":113,"column":9}},"47":{"start":{"line":112,"column":10},"end":{"line":112,"column":89}},"48":{"start":{"line":112,"column":34},"end":{"line":112,"column":87}},"49":{"start":{"line":114,"column":8},"end":{"line":114,"column":23}},"50":{"start":{"line":117,"column":6},"end":{"line":117,"column":37}},"51":{"start":{"line":119,"column":6},"end":{"line":119,"column":62}},"52":{"start":{"line":120,"column":6},"end":{"line":120,"column":54}},"53":{"start":{"line":125,"column":24},"end":{"line":144,"column":12}},"54":{"start":{"line":126,"column":4},"end":{"line":126,"column":69}},"55":{"start":{"line":126,"column":15},"end":{"line":126,"column":69}},"56":{"start":{"line":128,"column":4},"end":{"line":143,"column":5}},"57":{"start":{"line":129,"column":24},"end":{"line":132,"column":28}},"58":{"start":{"line":134,"column":6},"end":{"line":134,"column":29}},"59":{"start":{"line":134,"column":17},"end":{"line":134,"column":29}},"60":{"start":{"line":137,"column":6},"end":{"line":137,"column":65}},"61":{"start":{"line":137,"column":27},"end":{"line":137,"column":63}},"62":{"start":{"line":137,"column":44},"end":{"line":137,"column":62}},"63":{"start":{"line":139,"column":6},"end":{"line":139,"column":31}},"64":{"start":{"line":141,"column":6},"end":{"line":141,"column":62}},"65":{"start":{"line":142,"column":6},"end":{"line":142,"column":54}},"66":{"start":{"line":147,"column":28},"end":{"line":152,"column":32}},"67":{"start":{"line":148,"column":4},"end":{"line":151,"column":7}},"68":{"start":{"line":149,"column":29},"end":{"line":149,"column":47}},"69":{"start":{"line":155,"column":28},"end":{"line":157,"column":17}},"70":{"start":{"line":156,"column":4},"end":{"line":156,"column":69}},"71":{"start":{"line":156,"column":31},"end":{"line":156,"column":43}},"72":{"start":{"line":160,"column":2},"end":{"line":184,"column":29}},"73":{"start":{"line":161,"column":4},"end":{"line":161,"column":22}},"74":{"start":{"line":161,"column":15},"end":{"line":161,"column":22}},"75":{"start":{"line":163,"column":4},"end":{"line":163,"column":21}},"76":{"start":{"line":165,"column":20},"end":{"line":179,"column":18}},"77":{"start":{"line":176,"column":10},"end":{"line":176,"column":27}},"78":{"start":{"line":181,"column":4},"end":{"line":183,"column":6}},"79":{"start":{"line":182,"column":6},"end":{"line":182,"column":38}},"80":{"start":{"line":186,"column":16},"end":{"line":195,"column":3}},"81":{"start":{"line":197,"column":2},"end":{"line":201,"column":4}},"82":{"start":{"line":205,"column":28},"end":{"line":211,"column":1}},"83":{"start":{"line":206,"column":18},"end":{"line":206,"column":44}},"84":{"start":{"line":207,"column":2},"end":{"line":209,"column":3}},"85":{"start":{"line":208,"column":4},"end":{"line":208,"column":75}},"86":{"start":{"line":210,"column":2},"end":{"line":210,"column":17}}},"fnMap":{"0":{"name":"(anonymous_0)","decl":{"start":{"line":7,"column":31},"end":{"line":7,"column":32}},"loc":{"start":{"line":7,"column":49},"end":{"line":202,"column":1}},"line":7},"1":{"name":"(anonymous_1)","decl":{"start":{"line":13,"column":37},"end":{"line":13,"column":38}},"loc":{"start":{"line":13,"column":49},"end":{"line":32,"column":3}},"line":13},"2":{"name":"(anonymous_2)","decl":{"start":{"line":35,"column":33},"end":{"line":35,"column":34}},"loc":{"start":{"line":35,"column":56},"end":{"line":76,"column":3}},"line":35},"3":{"name":"(anonymous_3)","decl":{"start":{"line":63,"column":19},"end":{"line":63,"column":20}},"loc":{"start":{"line":63,"column":27},"end":{"line":69,"column":7}},"line":63},"4":{"name":"(anonymous_4)","decl":{"start":{"line":66,"column":29},"end":{"line":66,"column":30}},"loc":{"start":{"line":66,"column":34},"end":{"line":66,"column":87}},"line":66},"5":{"name":"(anonymous_5)","decl":{"start":{"line":79,"column":36},"end":{"line":79,"column":37}},"loc":{"start":{"line":79,"column":70},"end":{"line":122,"column":3}},"line":79},"6":{"name":"(anonymous_6)","decl":{"start":{"line":109,"column":19},"end":{"line":109,"column":20}},"loc":{"start":{"line":109,"column":27},"end":{"line":115,"column":7}},"line":109},"7":{"name":"(anonymous_7)","decl":{"start":{"line":110,"column":33},"end":{"line":110,"column":34}},"loc":{"start":{"line":110,"column":38},"end":{"line":110,"column":67}},"line":110},"8":{"name":"(anonymous_8)","decl":{"start":{"line":112,"column":29},"end":{"line":112,"column":30}},"loc":{"start":{"line":112,"column":34},"end":{"line":112,"column":87}},"line":112},"9":{"name":"(anonymous_9)","decl":{"start":{"line":125,"column":36},"end":{"line":125,"column":37}},"loc":{"start":{"line":125,"column":57},"end":{"line":144,"column":3}},"line":125},"10":{"name":"(anonymous_10)","decl":{"start":{"line":137,"column":19},"end":{"line":137,"column":20}},"loc":{"start":{"line":137,"column":27},"end":{"line":137,"column":63}},"line":137},"11":{"name":"(anonymous_11)","decl":{"start":{"line":137,"column":39},"end":{"line":137,"column":40}},"loc":{"start":{"line":137,"column":44},"end":{"line":137,"column":62}},"line":137},"12":{"name":"(anonymous_12)","decl":{"start":{"line":147,"column":40},"end":{"line":147,"column":41}},"loc":{"start":{"line":147,"column":61},"end":{"line":152,"column":3}},"line":147},"13":{"name":"(anonymous_13)","decl":{"start":{"line":149,"column":24},"end":{"line":149,"column":25}},"loc":{"start":{"line":149,"column":29},"end":{"line":149,"column":47}},"line":149},"14":{"name":"(anonymous_14)","decl":{"start":{"line":155,"column":40},"end":{"line":155,"column":41}},"loc":{"start":{"line":155,"column":46},"end":{"line":157,"column":3}},"line":155},"15":{"name":"(anonymous_15)","decl":{"start":{"line":156,"column":26},"end":{"line":156,"column":27}},"loc":{"start":{"line":156,"column":31},"end":{"line":156,"column":43}},"line":156},"16":{"name":"(anonymous_16)","decl":{"start":{"line":160,"column":12},"end":{"line":160,"column":13}},"loc":{"start":{"line":160,"column":18},"end":{"line":184,"column":3}},"line":160},"17":{"name":"(anonymous_17)","decl":{"start":{"line":175,"column":8},"end":{"line":175,"column":9}},"loc":{"start":{"line":175,"column":14},"end":{"line":177,"column":9}},"line":175},"18":{"name":"(anonymous_18)","decl":{"start":{"line":181,"column":11},"end":{"line":181,"column":12}},"loc":{"start":{"line":181,"column":17},"end":{"line":183,"column":5}},"line":181},"19":{"name":"(anonymous_19)","decl":{"start":{"line":205,"column":28},"end":{"line":205,"column":29}},"loc":{"start":{"line":205,"column":34},"end":{"line":211,"column":1}},"line":205}},"branchMap":{"0":{"loc":{"start":{"line":14,"column":4},"end":{"line":14,"column":22}},"type":"if","locations":[{"start":{"line":14,"column":4},"end":{"line":14,"column":22}},{"start":{},"end":{}}],"line":14},"1":{"loc":{"start":{"line":25,"column":6},"end":{"line":25,"column":29}},"type":"if","locations":[{"start":{"line":25,"column":6},"end":{"line":25,"column":29}},{"start":{},"end":{}}],"line":25},"2":{"loc":{"start":{"line":26,"column":19},"end":{"line":26,"column":29}},"type":"binary-expr","locations":[{"start":{"line":26,"column":19},"end":{"line":26,"column":23}},{"start":{"line":26,"column":27},"end":{"line":26,"column":29}}],"line":26},"3":{"loc":{"start":{"line":36,"column":4},"end":{"line":36,"column":69}},"type":"if","locations":[{"start":{"line":36,"column":4},"end":{"line":36,"column":69}},{"start":{},"end":{}}],"line":36},"4":{"loc":{"start":{"line":40,"column":6},"end":{"line":45,"column":7}},"type":"if","locations":[{"start":{"line":40,"column":6},"end":{"line":45,"column":7}},{"start":{},"end":{}}],"line":40},"5":{"loc":{"start":{"line":55,"column":22},"end":{"line":55,"column":53}},"type":"binary-expr","locations":[{"start":{"line":55,"column":22},"end":{"line":55,"column":44}},{"start":{"line":55,"column":48},"end":{"line":55,"column":53}}],"line":55},"6":{"loc":{"start":{"line":60,"column":6},"end":{"line":60,"column":29}},"type":"if","locations":[{"start":{"line":60,"column":6},"end":{"line":60,"column":29}},{"start":{},"end":{}}],"line":60},"7":{"loc":{"start":{"line":65,"column":8},"end":{"line":67,"column":9}},"type":"if","locations":[{"start":{"line":65,"column":8},"end":{"line":67,"column":9}},{"start":{},"end":{}}],"line":65},"8":{"loc":{"start":{"line":66,"column":34},"end":{"line":66,"column":87}},"type":"cond-expr","locations":[{"start":{"line":66,"column":53},"end":{"line":66,"column":57}},{"start":{"line":66,"column":60},"end":{"line":66,"column":87}}],"line":66},"9":{"loc":{"start":{"line":80,"column":4},"end":{"line":80,"column":69}},"type":"if","locations":[{"start":{"line":80,"column":4},"end":{"line":80,"column":69}},{"start":{},"end":{}}],"line":80},"10":{"loc":{"start":{"line":84,"column":6},"end":{"line":90,"column":7}},"type":"if","locations":[{"start":{"line":84,"column":6},"end":{"line":90,"column":7}},{"start":{},"end":{}}],"line":84},"11":{"loc":{"start":{"line":99,"column":22},"end":{"line":99,"column":53}},"type":"binary-expr","locations":[{"start":{"line":99,"column":22},"end":{"line":99,"column":44}},{"start":{"line":99,"column":48},"end":{"line":99,"column":53}}],"line":99},"12":{"loc":{"start":{"line":106,"column":6},"end":{"line":106,"column":29}},"type":"if","locations":[{"start":{"line":106,"column":6},"end":{"line":106,"column":29}},{"start":{},"end":{}}],"line":106},"13":{"loc":{"start":{"line":110,"column":38},"end":{"line":110,"column":67}},"type":"cond-expr","locations":[{"start":{"line":110,"column":59},"end":{"line":110,"column":63}},{"start":{"line":110,"column":66},"end":{"line":110,"column":67}}],"line":110},"14":{"loc":{"start":{"line":111,"column":8},"end":{"line":113,"column":9}},"type":"if","locations":[{"start":{"line":111,"column":8},"end":{"line":113,"column":9}},{"start":{},"end":{}}],"line":111},"15":{"loc":{"start":{"line":112,"column":34},"end":{"line":112,"column":87}},"type":"cond-expr","locations":[{"start":{"line":112,"column":53},"end":{"line":112,"column":57}},{"start":{"line":112,"column":60},"end":{"line":112,"column":87}}],"line":112},"16":{"loc":{"start":{"line":126,"column":4},"end":{"line":126,"column":69}},"type":"if","locations":[{"start":{"line":126,"column":4},"end":{"line":126,"column":69}},{"start":{},"end":{}}],"line":126},"17":{"loc":{"start":{"line":134,"column":6},"end":{"line":134,"column":29}},"type":"if","locations":[{"start":{"line":134,"column":6},"end":{"line":134,"column":29}},{"start":{},"end":{}}],"line":134},"18":{"loc":{"start":{"line":156,"column":11},"end":{"line":156,"column":68}},"type":"binary-expr","locations":[{"start":{"line":156,"column":11},"end":{"line":156,"column":44}},{"start":{"line":156,"column":48},"end":{"line":156,"column":60}},{"start":{"line":156,"column":64},"end":{"line":156,"column":68}}],"line":156},"19":{"loc":{"start":{"line":161,"column":4},"end":{"line":161,"column":22}},"type":"if","locations":[{"start":{"line":161,"column":4},"end":{"line":161,"column":22}},{"start":{},"end":{}}],"line":161},"20":{"loc":{"start":{"line":207,"column":2},"end":{"line":209,"column":3}},"type":"if","locations":[{"start":{"line":207,"column":2},"end":{"line":209,"column":3}},{"start":{},"end":{}}],"line":207}},"s":{"0":1,"1":1,"2":9,"3":9,"4":9,"5":9,"6":3,"7":0,"8":3,"9":3,"10":3,"11":3,"12":0,"13":3,"14":0,"15":3,"16":9,"17":1,"18":0,"19":1,"20":1,"21":0,"22":1,"23":1,"24":0,"25":1,"26":1,"27":1,"28":0,"29":0,"30":1,"31":1,"32":0,"33":0,"34":9,"35":1,"36":0,"37":1,"38":1,"39":0,"40":1,"41":1,"42":0,"43":1,"44":1,"45":2,"46":1,"47":0,"48":0,"49":1,"50":1,"51":0,"52":0,"53":9,"54":1,"55":0,"56":1,"57":1,"58":1,"59":0,"60":1,"61":1,"62":3,"63":1,"64":0,"65":0,"66":9,"67":0,"68":0,"69":9,"70":1,"71":1,"72":9,"73":3,"74":0,"75":3,"76":3,"77":0,"78":3,"79":3,"80":9,"81":9,"82":1,"83":12,"84":11,"85":2,"86":9},"f":{"0":9,"1":3,"2":1,"3":1,"4":0,"5":1,"6":1,"7":2,"8":0,"9":1,"10":1,"11":3,"12":0,"13":0,"14":1,"15":1,"16":3,"17":0,"18":3,"19":12},"b":{"0":[0,3],"1":[0,3],"2":[3,0],"3":[0,1],"4":[0,1],"5":[1,1],"6":[0,1],"7":[0,1],"8":[0,0],"9":[0,1],"10":[0,1],"11":[1,1],"12":[0,1],"13":[1,1],"14":[0,1],"15":[0,0],"16":[0,1],"17":[0,1],"18":[1,0,0],"19":[0,3],"20":[2,9]},"_coverageSchema":"1a1c01bbd47fc00a2c39e90264f33305004495a9","hash":"d23b2b6bef602f98e2a07d1d80ae5ddb2dbab11d"}
,"C:\\Projects\\PetronSanPedroApp\\src\\context\\AuthContext.js": {"path":"C:\\Projects\\PetronSanPedroApp\\src\\context\\AuthContext.js","statementMap":{"0":{"start":{"line":6,"column":20},"end":{"line":6,"column":35}},"1":{"start":{"line":8,"column":28},"end":{"line":170,"column":1}},"2":{"start":{"line":9,"column":26},"end":{"line":9,"column":40}},"3":{"start":{"line":10,"column":32},"end":{"line":10,"column":46}},"4":{"start":{"line":11,"column":26},"end":{"line":11,"column":40}},"5":{"start":{"line":12,"column":32},"end":{"line":12,"column":46}},"6":{"start":{"line":13,"column":22},"end":{"line":13,"column":51}},"7":{"start":{"line":14,"column":28},"end":{"line":14,"column":40}},"8":{"start":{"line":16,"column":24},"end":{"line":16,"column":45}},"9":{"start":{"line":17,"column":29},"end":{"line":17,"column":43}},"10":{"start":{"line":19,"column":2},"end":{"line":38,"column":9}},"11":{"start":{"line":20,"column":4},"end":{"line":20,"column":16}},"12":{"start":{"line":22,"column":39},"end":{"line":35,"column":6}},"13":{"start":{"line":23,"column":6},"end":{"line":34,"column":7}},"14":{"start":{"line":24,"column":8},"end":{"line":28,"column":9}},"15":{"start":{"line":25,"column":10},"end":{"line":25,"column":47}},"16":{"start":{"line":30,"column":8},"end":{"line":30,"column":22}},"17":{"start":{"line":31,"column":8},"end":{"line":31,"column":25}},"18":{"start":{"line":32,"column":8},"end":{"line":32,"column":22}},"19":{"start":{"line":33,"column":8},"end":{"line":33,"column":26}},"20":{"start":{"line":37,"column":4},"end":{"line":37,"column":44}},"21":{"start":{"line":37,"column":17},"end":{"line":37,"column":43}},"22":{"start":{"line":40,"column":2},"end":{"line":77,"column":9}},"23":{"start":{"line":41,"column":33},"end":{"line":70,"column":5}},"24":{"start":{"line":42,"column":24},"end":{"line":42,"column":43}},"25":{"start":{"line":44,"column":6},"end":{"line":46,"column":7}},"26":{"start":{"line":45,"column":8},"end":{"line":45,"column":47}},"27":{"start":{"line":48,"column":6},"end":{"line":67,"column":7}},"28":{"start":{"line":49,"column":31},"end":{"line":49,"column":56}},"29":{"start":{"line":50,"column":8},"end":{"line":50,"column":41}},"30":{"start":{"line":52,"column":8},"end":{"line":66,"column":9}},"31":{"start":{"line":53,"column":26},"end":{"line":53,"column":53}},"32":{"start":{"line":55,"column":10},"end":{"line":65,"column":11}},"33":{"start":{"line":56,"column":12},"end":{"line":62,"column":13}},"34":{"start":{"line":57,"column":14},"end":{"line":57,"column":44}},"35":{"start":{"line":59,"column":14},"end":{"line":59,"column":28}},"36":{"start":{"line":60,"column":14},"end":{"line":60,"column":31}},"37":{"start":{"line":61,"column":14},"end":{"line":61,"column":28}},"38":{"start":{"line":64,"column":12},"end":{"line":64,"column":24}},"39":{"start":{"line":69,"column":6},"end":{"line":69,"column":38}},"40":{"start":{"line":72,"column":25},"end":{"line":72,"column":82}},"41":{"start":{"line":74,"column":4},"end":{"line":76,"column":6}},"42":{"start":{"line":75,"column":6},"end":{"line":75,"column":28}},"43":{"start":{"line":79,"column":20},"end":{"line":94,"column":3}},"44":{"start":{"line":80,"column":4},"end":{"line":93,"column":5}},"45":{"start":{"line":81,"column":36},"end":{"line":81,"column":68}},"46":{"start":{"line":82,"column":6},"end":{"line":85,"column":7}},"47":{"start":{"line":84,"column":8},"end":{"line":84,"column":45}},"48":{"start":{"line":87,"column":6},"end":{"line":87,"column":46}},"49":{"start":{"line":88,"column":6},"end":{"line":88,"column":20}},"50":{"start":{"line":89,"column":6},"end":{"line":89,"column":23}},"51":{"start":{"line":90,"column":6},"end":{"line":90,"column":20}},"52":{"start":{"line":92,"column":6},"end":{"line":92,"column":24}},"53":{"start":{"line":96,"column":27},"end":{"line":123,"column":3}},"54":{"start":{"line":97,"column":28},"end":{"line":101,"column":15}},"55":{"start":{"line":103,"column":4},"end":{"line":105,"column":5}},"56":{"start":{"line":104,"column":6},"end":{"line":104,"column":18}},"57":{"start":{"line":107,"column":4},"end":{"line":109,"column":5}},"58":{"start":{"line":108,"column":6},"end":{"line":108,"column":48}},"59":{"start":{"line":112,"column":4},"end":{"line":118,"column":5}},"60":{"start":{"line":113,"column":6},"end":{"line":113,"column":36}},"61":{"start":{"line":114,"column":6},"end":{"line":114,"column":20}},"62":{"start":{"line":115,"column":6},"end":{"line":115,"column":23}},"63":{"start":{"line":116,"column":6},"end":{"line":116,"column":20}},"64":{"start":{"line":117,"column":6},"end":{"line":117,"column":72}},"65":{"start":{"line":120,"column":4},"end":{"line":120,"column":18}},"66":{"start":{"line":121,"column":4},"end":{"line":121,"column":21}},"67":{"start":{"line":122,"column":4},"end":{"line":122,"column":23}},"68":{"start":{"line":125,"column":17},"end":{"line":146,"column":3}},"69":{"start":{"line":127,"column":30},"end":{"line":131,"column":15}},"70":{"start":{"line":133,"column":4},"end":{"line":135,"column":5}},"71":{"start":{"line":134,"column":6},"end":{"line":134,"column":72}},"72":{"start":{"line":137,"column":28},"end":{"line":140,"column":6}},"73":{"start":{"line":141,"column":4},"end":{"line":141,"column":27}},"74":{"start":{"line":141,"column":15},"end":{"line":141,"column":27}},"75":{"start":{"line":143,"column":4},"end":{"line":145,"column":5}},"76":{"start":{"line":144,"column":6},"end":{"line":144,"column":40}},"77":{"start":{"line":148,"column":18},"end":{"line":153,"column":3}},"78":{"start":{"line":149,"column":4},"end":{"line":149,"column":34}},"79":{"start":{"line":150,"column":4},"end":{"line":150,"column":18}},"80":{"start":{"line":151,"column":4},"end":{"line":151,"column":21}},"81":{"start":{"line":152,"column":4},"end":{"line":152,"column":18}},"82":{"start":{"line":155,"column":2},"end":{"line":169,"column":4}},"83":{"start":{"line":172,"column":23},"end":{"line":172,"column":52}},"84":{"start":{"line":172,"column":29},"end":{"line":172,"column":52}}},"fnMap":{"0":{"name":"(anonymous_0)","decl":{"start":{"line":8,"column":28},"end":{"line":8,"column":29}},"loc":{"start":{"line":8,"column":46},"end":{"line":170,"column":1}},"line":8},"1":{"name":"(anonymous_1)","decl":{"start":{"line":19,"column":12},"end":{"line":19,"column":13}},"loc":{"start":{"line":19,"column":18},"end":{"line":38,"column":3}},"line":19},"2":{"name":"(anonymous_2)","decl":{"start":{"line":22,"column":71},"end":{"line":22,"column":72}},"loc":{"start":{"line":22,"column":98},"end":{"line":35,"column":5}},"line":22},"3":{"name":"(anonymous_3)","decl":{"start":{"line":37,"column":11},"end":{"line":37,"column":12}},"loc":{"start":{"line":37,"column":17},"end":{"line":37,"column":43}},"line":37},"4":{"name":"(anonymous_4)","decl":{"start":{"line":40,"column":12},"end":{"line":40,"column":13}},"loc":{"start":{"line":40,"column":18},"end":{"line":77,"column":3}},"line":40},"5":{"name":"(anonymous_5)","decl":{"start":{"line":41,"column":33},"end":{"line":41,"column":34}},"loc":{"start":{"line":41,"column":54},"end":{"line":70,"column":5}},"line":41},"6":{"name":"(anonymous_6)","decl":{"start":{"line":74,"column":11},"end":{"line":74,"column":12}},"loc":{"start":{"line":74,"column":17},"end":{"line":76,"column":5}},"line":74},"7":{"name":"(anonymous_7)","decl":{"start":{"line":79,"column":20},"end":{"line":79,"column":21}},"loc":{"start":{"line":79,"column":32},"end":{"line":94,"column":3}},"line":79},"8":{"name":"(anonymous_8)","decl":{"start":{"line":96,"column":27},"end":{"line":96,"column":28}},"loc":{"start":{"line":96,"column":43},"end":{"line":123,"column":3}},"line":96},"9":{"name":"(anonymous_9)","decl":{"start":{"line":125,"column":17},"end":{"line":125,"column":18}},"loc":{"start":{"line":125,"column":44},"end":{"line":146,"column":3}},"line":125},"10":{"name":"(anonymous_10)","decl":{"start":{"line":148,"column":18},"end":{"line":148,"column":19}},"loc":{"start":{"line":148,"column":30},"end":{"line":153,"column":3}},"line":148},"11":{"name":"(anonymous_11)","decl":{"start":{"line":172,"column":23},"end":{"line":172,"column":24}},"loc":{"start":{"line":172,"column":29},"end":{"line":172,"column":52}},"line":172}},"branchMap":{"0":{"loc":{"start":{"line":23,"column":6},"end":{"line":34,"column":7}},"type":"if","locations":[{"start":{"line":23,"column":6},"end":{"line":34,"column":7}},{"start":{"line":29,"column":13},"end":{"line":34,"column":7}}],"line":23},"1":{"loc":{"start":{"line":44,"column":6},"end":{"line":46,"column":7}},"type":"if","locations":[{"start":{"line":44,"column":6},"end":{"line":46,"column":7}},{"start":{},"end":{}}],"line":44},"2":{"loc":{"start":{"line":44,"column":10},"end":{"line":44,"column":92}},"type":"binary-expr","locations":[{"start":{"line":44,"column":10},"end":{"line":44,"column":32}},{"start":{"line":44,"column":37},"end":{"line":44,"column":61}},{"start":{"line":44,"column":65},"end":{"line":44,"column":91}}],"line":44},"3":{"loc":{"start":{"line":48,"column":6},"end":{"line":67,"column":7}},"type":"if","locations":[{"start":{"line":48,"column":6},"end":{"line":67,"column":7}},{"start":{},"end":{}}],"line":48},"4":{"loc":{"start":{"line":48,"column":10},"end":{"line":48,"column":92}},"type":"binary-expr","locations":[{"start":{"line":48,"column":11},"end":{"line":48,"column":35}},{"start":{"line":48,"column":39},"end":{"line":48,"column":65}},{"start":{"line":48,"column":70},"end":{"line":48,"column":92}}],"line":48},"5":{"loc":{"start":{"line":52,"column":8},"end":{"line":66,"column":9}},"type":"if","locations":[{"start":{"line":52,"column":8},"end":{"line":66,"column":9}},{"start":{},"end":{}}],"line":52},"6":{"loc":{"start":{"line":55,"column":10},"end":{"line":65,"column":11}},"type":"if","locations":[{"start":{"line":55,"column":10},"end":{"line":65,"column":11}},{"start":{"line":63,"column":17},"end":{"line":65,"column":11}}],"line":55},"7":{"loc":{"start":{"line":82,"column":6},"end":{"line":85,"column":7}},"type":"if","locations":[{"start":{"line":82,"column":6},"end":{"line":85,"column":7}},{"start":{},"end":{}}],"line":82},"8":{"loc":{"start":{"line":103,"column":4},"end":{"line":105,"column":5}},"type":"if","locations":[{"start":{"line":103,"column":4},"end":{"line":105,"column":5}},{"start":{},"end":{}}],"line":103},"9":{"loc":{"start":{"line":107,"column":4},"end":{"line":109,"column":5}},"type":"if","locations":[{"start":{"line":107,"column":4},"end":{"line":109,"column":5}},{"start":{},"end":{}}],"line":107},"10":{"loc":{"start":{"line":112,"column":4},"end":{"line":118,"column":5}},"type":"if","locations":[{"start":{"line":112,"column":4},"end":{"line":118,"column":5}},{"start":{},"end":{}}],"line":112},"11":{"loc":{"start":{"line":133,"column":4},"end":{"line":135,"column":5}},"type":"if","locations":[{"start":{"line":133,"column":4},"end":{"line":135,"column":5}},{"start":{},"end":{}}],"line":133},"12":{"loc":{"start":{"line":133,"column":8},"end":{"line":133,"column":56}},"type":"binary-expr","locations":[{"start":{"line":133,"column":8},"end":{"line":133,"column":15}},{"start":{"line":133,"column":19},"end":{"line":133,"column":56}}],"line":133},"13":{"loc":{"start":{"line":141,"column":4},"end":{"line":141,"column":27}},"type":"if","locations":[{"start":{"line":141,"column":4},"end":{"line":141,"column":27}},{"start":{},"end":{}}],"line":141},"14":{"loc":{"start":{"line":143,"column":4},"end":{"line":145,"column":5}},"type":"if","locations":[{"start":{"line":143,"column":4},"end":{"line":145,"column":5}},{"start":{},"end":{}}],"line":143}},"s":{"0":2,"1":2,"2":14,"3":14,"4":14,"5":14,"6":14,"7":14,"8":14,"9":14,"10":14,"11":6,"12":6,"13":0,"14":0,"15":0,"16":0,"17":0,"18":0,"19":0,"20":6,"21":6,"22":14,"23":6,"24":2,"25":2,"26":1,"27":2,"28":1,"29":1,"30":1,"31":1,"32":1,"33":1,"34":1,"35":1,"36":1,"37":1,"38":0,"39":2,"40":6,"41":6,"42":6,"43":14,"44":6,"45":6,"46":6,"47":3,"48":0,"49":0,"50":0,"51":0,"52":6,"53":14,"54":3,"55":3,"56":0,"57":3,"58":0,"59":3,"60":0,"61":0,"62":0,"63":0,"64":0,"65":3,"66":3,"67":3,"68":14,"69":2,"70":2,"71":2,"72":0,"73":0,"74":0,"75":0,"76":0,"77":14,"78":1,"79":1,"80":1,"81":1,"82":14,"83":2,"84":14},"f":{"0":14,"1":6,"2":0,"3":6,"4":6,"5":2,"6":6,"7":6,"8":3,"9":2,"10":1,"11":14},"b":{"0":[0,0],"1":[1,1],"2":[2,1,1],"3":[1,1],"4":[2,2,1],"5":[1,0],"6":[1,0],"7":[3,3],"8":[0,3],"9":[0,3],"10":[0,3],"11":[2,0],"12":[2,2],"13":[0,0],"14":[0,0]},"_coverageSchema":"1a1c01bbd47fc00a2c39e90264f33305004495a9","hash":"6aff7ab586d425c56b133912f142566db94e265a"}
,"C:\\Projects\\PetronSanPedroApp\\src\\context\\CartContext.js": {"path":"C:\\Projects\\PetronSanPedroApp\\src\\context\\CartContext.js","statementMap":{"0":{"start":{"line":4,"column":20},"end":{"line":4,"column":35}},"1":{"start":{"line":6,"column":28},"end":{"line":156,"column":1}},"2":{"start":{"line":7,"column":36},"end":{"line":7,"column":48}},"3":{"start":{"line":10,"column":34},"end":{"line":12,"column":8}},"4":{"start":{"line":11,"column":4},"end":{"line":11,"column":69}},"5":{"start":{"line":15,"column":20},"end":{"line":68,"column":31}},"6":{"start":{"line":17,"column":4},"end":{"line":20,"column":5}},"7":{"start":{"line":18,"column":6},"end":{"line":18,"column":57}},"8":{"start":{"line":19,"column":6},"end":{"line":19,"column":13}},"9":{"start":{"line":23,"column":4},"end":{"line":26,"column":5}},"10":{"start":{"line":24,"column":6},"end":{"line":24,"column":41}},"11":{"start":{"line":25,"column":6},"end":{"line":25,"column":13}},"12":{"start":{"line":28,"column":4},"end":{"line":67,"column":7}},"13":{"start":{"line":30,"column":32},"end":{"line":30,"column":85}},"14":{"start":{"line":30,"column":62},"end":{"line":30,"column":84}},"15":{"start":{"line":32,"column":6},"end":{"line":66,"column":7}},"16":{"start":{"line":34,"column":29},"end":{"line":34,"column":57}},"17":{"start":{"line":35,"column":28},"end":{"line":35,"column":60}},"18":{"start":{"line":38,"column":8},"end":{"line":41,"column":9}},"19":{"start":{"line":39,"column":10},"end":{"line":39,"column":63}},"20":{"start":{"line":40,"column":10},"end":{"line":40,"column":27}},"21":{"start":{"line":43,"column":30},"end":{"line":43,"column":75}},"22":{"start":{"line":45,"column":8},"end":{"line":55,"column":10}},"23":{"start":{"line":46,"column":10},"end":{"line":54,"column":18}},"24":{"start":{"line":58,"column":30},"end":{"line":58,"column":72}},"25":{"start":{"line":59,"column":8},"end":{"line":65,"column":11}},"26":{"start":{"line":71,"column":25},"end":{"line":97,"column":31}},"27":{"start":{"line":72,"column":4},"end":{"line":76,"column":5}},"28":{"start":{"line":74,"column":6},"end":{"line":74,"column":32}},"29":{"start":{"line":75,"column":6},"end":{"line":75,"column":13}},"30":{"start":{"line":78,"column":4},"end":{"line":96,"column":7}},"31":{"start":{"line":79,"column":6},"end":{"line":95,"column":9}},"32":{"start":{"line":80,"column":8},"end":{"line":93,"column":9}},"33":{"start":{"line":82,"column":10},"end":{"line":85,"column":11}},"34":{"start":{"line":83,"column":12},"end":{"line":83,"column":70}},"35":{"start":{"line":84,"column":12},"end":{"line":84,"column":24}},"36":{"start":{"line":87,"column":32},"end":{"line":87,"column":74}},"37":{"start":{"line":88,"column":10},"end":{"line":92,"column":12}},"38":{"start":{"line":94,"column":8},"end":{"line":94,"column":20}},"39":{"start":{"line":100,"column":25},"end":{"line":102,"column":8}},"40":{"start":{"line":101,"column":4},"end":{"line":101,"column":83}},"41":{"start":{"line":101,"column":32},"end":{"line":101,"column":81}},"42":{"start":{"line":101,"column":59},"end":{"line":101,"column":80}},"43":{"start":{"line":105,"column":20},"end":{"line":107,"column":8}},"44":{"start":{"line":106,"column":4},"end":{"line":106,"column":21}},"45":{"start":{"line":110,"column":23},"end":{"line":112,"column":17}},"46":{"start":{"line":111,"column":4},"end":{"line":111,"column":71}},"47":{"start":{"line":111,"column":45},"end":{"line":111,"column":66}},"48":{"start":{"line":115,"column":23},"end":{"line":117,"column":17}},"49":{"start":{"line":116,"column":4},"end":{"line":116,"column":77}},"50":{"start":{"line":116,"column":45},"end":{"line":116,"column":72}},"51":{"start":{"line":120,"column":19},"end":{"line":122,"column":17}},"52":{"start":{"line":121,"column":4},"end":{"line":121,"column":57}},"53":{"start":{"line":121,"column":34},"end":{"line":121,"column":55}},"54":{"start":{"line":125,"column":26},"end":{"line":128,"column":17}},"55":{"start":{"line":126,"column":17},"end":{"line":126,"column":62}},"56":{"start":{"line":126,"column":40},"end":{"line":126,"column":61}},"57":{"start":{"line":127,"column":4},"end":{"line":127,"column":36}},"58":{"start":{"line":131,"column":22},"end":{"line":136,"column":18}},"59":{"start":{"line":131,"column":37},"end":{"line":136,"column":3}},"60":{"start":{"line":133,"column":51},"end":{"line":133,"column":70}},"61":{"start":{"line":134,"column":46},"end":{"line":134,"column":71}},"62":{"start":{"line":138,"column":2},"end":{"line":155,"column":4}},"63":{"start":{"line":158,"column":23},"end":{"line":164,"column":1}},"64":{"start":{"line":159,"column":18},"end":{"line":159,"column":41}},"65":{"start":{"line":160,"column":2},"end":{"line":162,"column":3}},"66":{"start":{"line":161,"column":4},"end":{"line":161,"column":66}},"67":{"start":{"line":163,"column":2},"end":{"line":163,"column":17}}},"fnMap":{"0":{"name":"(anonymous_0)","decl":{"start":{"line":6,"column":28},"end":{"line":6,"column":29}},"loc":{"start":{"line":6,"column":46},"end":{"line":156,"column":1}},"line":6},"1":{"name":"(anonymous_1)","decl":{"start":{"line":10,"column":46},"end":{"line":10,"column":47}},"loc":{"start":{"line":10,"column":69},"end":{"line":12,"column":3}},"line":10},"2":{"name":"(anonymous_2)","decl":{"start":{"line":15,"column":32},"end":{"line":15,"column":33}},"loc":{"start":{"line":15,"column":55},"end":{"line":68,"column":3}},"line":15},"3":{"name":"(anonymous_3)","decl":{"start":{"line":28,"column":17},"end":{"line":28,"column":18}},"loc":{"start":{"line":28,"column":32},"end":{"line":67,"column":5}},"line":28},"4":{"name":"(anonymous_4)","decl":{"start":{"line":30,"column":52},"end":{"line":30,"column":53}},"loc":{"start":{"line":30,"column":62},"end":{"line":30,"column":84}},"line":30},"5":{"name":"(anonymous_5)","decl":{"start":{"line":45,"column":29},"end":{"line":45,"column":30}},"loc":{"start":{"line":46,"column":10},"end":{"line":54,"column":18}},"line":46},"6":{"name":"(anonymous_6)","decl":{"start":{"line":71,"column":37},"end":{"line":71,"column":38}},"loc":{"start":{"line":71,"column":65},"end":{"line":97,"column":3}},"line":71},"7":{"name":"(anonymous_7)","decl":{"start":{"line":78,"column":17},"end":{"line":78,"column":18}},"loc":{"start":{"line":78,"column":32},"end":{"line":96,"column":5}},"line":78},"8":{"name":"(anonymous_8)","decl":{"start":{"line":79,"column":27},"end":{"line":79,"column":28}},"loc":{"start":{"line":79,"column":37},"end":{"line":95,"column":7}},"line":79},"9":{"name":"(anonymous_9)","decl":{"start":{"line":100,"column":37},"end":{"line":100,"column":38}},"loc":{"start":{"line":100,"column":52},"end":{"line":102,"column":3}},"line":100},"10":{"name":"(anonymous_10)","decl":{"start":{"line":101,"column":17},"end":{"line":101,"column":18}},"loc":{"start":{"line":101,"column":32},"end":{"line":101,"column":81}},"line":101},"11":{"name":"(anonymous_11)","decl":{"start":{"line":101,"column":49},"end":{"line":101,"column":50}},"loc":{"start":{"line":101,"column":59},"end":{"line":101,"column":80}},"line":101},"12":{"name":"(anonymous_12)","decl":{"start":{"line":105,"column":32},"end":{"line":105,"column":33}},"loc":{"start":{"line":105,"column":38},"end":{"line":107,"column":3}},"line":105},"13":{"name":"(anonymous_13)","decl":{"start":{"line":110,"column":35},"end":{"line":110,"column":36}},"loc":{"start":{"line":110,"column":41},"end":{"line":112,"column":3}},"line":110},"14":{"name":"(anonymous_14)","decl":{"start":{"line":111,"column":28},"end":{"line":111,"column":29}},"loc":{"start":{"line":111,"column":45},"end":{"line":111,"column":66}},"line":111},"15":{"name":"(anonymous_15)","decl":{"start":{"line":115,"column":35},"end":{"line":115,"column":36}},"loc":{"start":{"line":115,"column":41},"end":{"line":117,"column":3}},"line":115},"16":{"name":"(anonymous_16)","decl":{"start":{"line":116,"column":28},"end":{"line":116,"column":29}},"loc":{"start":{"line":116,"column":45},"end":{"line":116,"column":72}},"line":116},"17":{"name":"(anonymous_17)","decl":{"start":{"line":120,"column":31},"end":{"line":120,"column":32}},"loc":{"start":{"line":120,"column":46},"end":{"line":122,"column":3}},"line":120},"18":{"name":"(anonymous_18)","decl":{"start":{"line":121,"column":26},"end":{"line":121,"column":27}},"loc":{"start":{"line":121,"column":34},"end":{"line":121,"column":55}},"line":121},"19":{"name":"(anonymous_19)","decl":{"start":{"line":125,"column":38},"end":{"line":125,"column":39}},"loc":{"start":{"line":125,"column":53},"end":{"line":128,"column":3}},"line":125},"20":{"name":"(anonymous_20)","decl":{"start":{"line":126,"column":32},"end":{"line":126,"column":33}},"loc":{"start":{"line":126,"column":40},"end":{"line":126,"column":61}},"line":126},"21":{"name":"(anonymous_21)","decl":{"start":{"line":131,"column":30},"end":{"line":131,"column":31}},"loc":{"start":{"line":131,"column":37},"end":{"line":136,"column":3}},"line":131},"22":{"name":"(anonymous_22)","decl":{"start":{"line":133,"column":36},"end":{"line":133,"column":37}},"loc":{"start":{"line":133,"column":51},"end":{"line":133,"column":70}},"line":133},"23":{"name":"(anonymous_23)","decl":{"start":{"line":134,"column":31},"end":{"line":134,"column":32}},"loc":{"start":{"line":134,"column":46},"end":{"line":134,"column":71}},"line":134},"24":{"name":"(anonymous_24)","decl":{"start":{"line":158,"column":23},"end":{"line":158,"column":24}},"loc":{"start":{"line":158,"column":29},"end":{"line":164,"column":1}},"line":158}},"branchMap":{"0":{"loc":{"start":{"line":17,"column":4},"end":{"line":20,"column":5}},"type":"if","locations":[{"start":{"line":17,"column":4},"end":{"line":20,"column":5}},{"start":{},"end":{}}],"line":17},"1":{"loc":{"start":{"line":23,"column":4},"end":{"line":26,"column":5}},"type":"if","locations":[{"start":{"line":23,"column":4},"end":{"line":26,"column":5}},{"start":{},"end":{}}],"line":23},"2":{"loc":{"start":{"line":23,"column":8},"end":{"line":23,"column":81}},"type":"binary-expr","locations":[{"start":{"line":23,"column":8},"end":{"line":23,"column":44}},{"start":{"line":23,"column":48},"end":{"line":23,"column":81}}],"line":23},"3":{"loc":{"start":{"line":32,"column":6},"end":{"line":66,"column":7}},"type":"if","locations":[{"start":{"line":32,"column":6},"end":{"line":66,"column":7}},{"start":{"line":56,"column":13},"end":{"line":66,"column":7}}],"line":32},"4":{"loc":{"start":{"line":38,"column":8},"end":{"line":41,"column":9}},"type":"if","locations":[{"start":{"line":38,"column":8},"end":{"line":41,"column":9}},{"start":{},"end":{}}],"line":38},"5":{"loc":{"start":{"line":38,"column":12},"end":{"line":38,"column":88}},"type":"binary-expr","locations":[{"start":{"line":38,"column":12},"end":{"line":38,"column":48}},{"start":{"line":38,"column":52},"end":{"line":38,"column":88}}],"line":38},"6":{"loc":{"start":{"line":46,"column":10},"end":{"line":54,"column":18}},"type":"cond-expr","locations":[{"start":{"line":47,"column":14},"end":{"line":53,"column":15}},{"start":{"line":54,"column":14},"end":{"line":54,"column":18}}],"line":46},"7":{"loc":{"start":{"line":72,"column":4},"end":{"line":76,"column":5}},"type":"if","locations":[{"start":{"line":72,"column":4},"end":{"line":76,"column":5}},{"start":{},"end":{}}],"line":72},"8":{"loc":{"start":{"line":80,"column":8},"end":{"line":93,"column":9}},"type":"if","locations":[{"start":{"line":80,"column":8},"end":{"line":93,"column":9}},{"start":{},"end":{}}],"line":80},"9":{"loc":{"start":{"line":82,"column":10},"end":{"line":85,"column":11}},"type":"if","locations":[{"start":{"line":82,"column":10},"end":{"line":85,"column":11}},{"start":{},"end":{}}],"line":82},"10":{"loc":{"start":{"line":82,"column":14},"end":{"line":82,"column":84}},"type":"binary-expr","locations":[{"start":{"line":82,"column":14},"end":{"line":82,"column":47}},{"start":{"line":82,"column":51},"end":{"line":82,"column":84}}],"line":82},"11":{"loc":{"start":{"line":127,"column":11},"end":{"line":127,"column":35}},"type":"cond-expr","locations":[{"start":{"line":127,"column":18},"end":{"line":127,"column":31}},{"start":{"line":127,"column":34},"end":{"line":127,"column":35}}],"line":127},"12":{"loc":{"start":{"line":160,"column":2},"end":{"line":162,"column":3}},"type":"if","locations":[{"start":{"line":160,"column":2},"end":{"line":162,"column":3}},{"start":{},"end":{}}],"line":160}},"s":{"0":1,"1":1,"2":12,"3":12,"4":7,"5":12,"6":8,"7":1,"8":1,"9":7,"10":1,"11":1,"12":6,"13":6,"14":2,"15":6,"16":1,"17":1,"18":1,"19":0,"20":0,"21":1,"22":1,"23":1,"24":5,"25":5,"26":12,"27":2,"28":1,"29":1,"30":1,"31":1,"32":1,"33":1,"34":0,"35":0,"36":1,"37":1,"38":0,"39":12,"40":1,"41":1,"42":1,"43":12,"44":1,"45":12,"46":2,"47":1,"48":12,"49":4,"50":3,"51":12,"52":1,"53":1,"54":12,"55":3,"56":3,"57":3,"58":12,"59":12,"60":6,"61":6,"62":12,"63":1,"64":12,"65":12,"66":0,"67":12},"f":{"0":12,"1":7,"2":8,"3":6,"4":2,"5":1,"6":2,"7":1,"8":1,"9":1,"10":1,"11":1,"12":1,"13":2,"14":1,"15":4,"16":3,"17":1,"18":1,"19":3,"20":3,"21":12,"22":6,"23":6,"24":12},"b":{"0":[1,7],"1":[1,6],"2":[7,7],"3":[1,5],"4":[0,1],"5":[1,1],"6":[1,0],"7":[1,1],"8":[1,0],"9":[0,1],"10":[1,1],"11":[3,0],"12":[0,12]},"_coverageSchema":"1a1c01bbd47fc00a2c39e90264f33305004495a9","hash":"1f2f15c659c5b9a5ba2b451bded90f777f3b496e"}
,"C:\\Projects\\PetronSanPedroApp\\src\\context\\DeliveryProofContext.js": {"path":"C:\\Projects\\PetronSanPedroApp\\src\\context\\DeliveryProofContext.js","statementMap":{"0":{"start":{"line":7,"column":29},"end":{"line":7,"column":48}},"1":{"start":{"line":9,"column":37},"end":{"line":171,"column":1}},"2":{"start":{"line":10,"column":19},"end":{"line":10,"column":28}},"3":{"start":{"line":11,"column":36},"end":{"line":11,"column":51}},"4":{"start":{"line":14,"column":27},"end":{"line":53,"column":12}},"5":{"start":{"line":15,"column":4},"end":{"line":15,"column":69}},"6":{"start":{"line":15,"column":15},"end":{"line":15,"column":69}},"7":{"start":{"line":17,"column":4},"end":{"line":52,"column":5}},"8":{"start":{"line":18,"column":6},"end":{"line":18,"column":25}},"9":{"start":{"line":21,"column":23},"end":{"line":21,"column":37}},"10":{"start":{"line":22,"column":24},"end":{"line":22,"column":67}},"11":{"start":{"line":25,"column":23},"end":{"line":25,"column":81}},"12":{"start":{"line":28,"column":21},"end":{"line":28,"column":106}},"13":{"start":{"line":29,"column":21},"end":{"line":29,"column":35}},"14":{"start":{"line":32,"column":55},"end":{"line":37,"column":10}},"15":{"start":{"line":39,"column":6},"end":{"line":39,"column":41}},"16":{"start":{"line":39,"column":23},"end":{"line":39,"column":41}},"17":{"start":{"line":42,"column":38},"end":{"line":44,"column":31}},"18":{"start":{"line":46,"column":6},"end":{"line":46,"column":52}},"19":{"start":{"line":48,"column":6},"end":{"line":48,"column":67}},"20":{"start":{"line":49,"column":6},"end":{"line":49,"column":54}},"21":{"start":{"line":51,"column":6},"end":{"line":51,"column":26}},"22":{"start":{"line":56,"column":28},"end":{"line":106,"column":12}},"23":{"start":{"line":57,"column":4},"end":{"line":57,"column":69}},"24":{"start":{"line":57,"column":15},"end":{"line":57,"column":69}},"25":{"start":{"line":59,"column":4},"end":{"line":105,"column":5}},"26":{"start":{"line":61,"column":58},"end":{"line":65,"column":17}},"27":{"start":{"line":67,"column":52},"end":{"line":71,"column":17}},"28":{"start":{"line":73,"column":6},"end":{"line":77,"column":9}},"29":{"start":{"line":79,"column":6},"end":{"line":81,"column":7}},"30":{"start":{"line":80,"column":8},"end":{"line":80,"column":81}},"31":{"start":{"line":82,"column":6},"end":{"line":84,"column":7}},"32":{"start":{"line":83,"column":8},"end":{"line":83,"column":75}},"33":{"start":{"line":86,"column":30},"end":{"line":97,"column":17}},"34":{"start":{"line":99,"column":6},"end":{"line":99,"column":29}},"35":{"start":{"line":99,"column":17},"end":{"line":99,"column":29}},"36":{"start":{"line":101,"column":6},"end":{"line":101,"column":37}},"37":{"start":{"line":103,"column":6},"end":{"line":103,"column":67}},"38":{"start":{"line":104,"column":6},"end":{"line":104,"column":54}},"39":{"start":{"line":109,"column":31},"end":{"line":130,"column":8}},"40":{"start":{"line":110,"column":4},"end":{"line":129,"column":5}},"41":{"start":{"line":111,"column":30},"end":{"line":115,"column":17}},"42":{"start":{"line":117,"column":6},"end":{"line":123,"column":7}},"43":{"start":{"line":119,"column":8},"end":{"line":121,"column":9}},"44":{"start":{"line":120,"column":10},"end":{"line":120,"column":22}},"45":{"start":{"line":122,"column":8},"end":{"line":122,"column":20}},"46":{"start":{"line":125,"column":6},"end":{"line":125,"column":18}},"47":{"start":{"line":127,"column":6},"end":{"line":127,"column":69}},"48":{"start":{"line":128,"column":6},"end":{"line":128,"column":18}},"49":{"start":{"line":133,"column":30},"end":{"line":156,"column":12}},"50":{"start":{"line":134,"column":4},"end":{"line":134,"column":69}},"51":{"start":{"line":134,"column":15},"end":{"line":134,"column":69}},"52":{"start":{"line":136,"column":4},"end":{"line":155,"column":5}},"53":{"start":{"line":137,"column":30},"end":{"line":147,"column":17}},"54":{"start":{"line":149,"column":6},"end":{"line":149,"column":29}},"55":{"start":{"line":149,"column":17},"end":{"line":149,"column":29}},"56":{"start":{"line":151,"column":6},"end":{"line":151,"column":37}},"57":{"start":{"line":153,"column":6},"end":{"line":153,"column":69}},"58":{"start":{"line":154,"column":6},"end":{"line":154,"column":54}},"59":{"start":{"line":158,"column":16},"end":{"line":164,"column":3}},"60":{"start":{"line":166,"column":2},"end":{"line":170,"column":4}},"61":{"start":{"line":174,"column":32},"end":{"line":180,"column":1}},"62":{"start":{"line":175,"column":18},"end":{"line":175,"column":50}},"63":{"start":{"line":176,"column":2},"end":{"line":178,"column":3}},"64":{"start":{"line":177,"column":4},"end":{"line":177,"column":84}},"65":{"start":{"line":179,"column":2},"end":{"line":179,"column":17}}},"fnMap":{"0":{"name":"(anonymous_0)","decl":{"start":{"line":9,"column":37},"end":{"line":9,"column":38}},"loc":{"start":{"line":9,"column":55},"end":{"line":171,"column":1}},"line":9},"1":{"name":"(anonymous_1)","decl":{"start":{"line":14,"column":39},"end":{"line":14,"column":40}},"loc":{"start":{"line":14,"column":66},"end":{"line":53,"column":3}},"line":14},"2":{"name":"(anonymous_2)","decl":{"start":{"line":56,"column":40},"end":{"line":56,"column":41}},"loc":{"start":{"line":56,"column":61},"end":{"line":106,"column":3}},"line":56},"3":{"name":"(anonymous_3)","decl":{"start":{"line":109,"column":43},"end":{"line":109,"column":44}},"loc":{"start":{"line":109,"column":65},"end":{"line":130,"column":3}},"line":109},"4":{"name":"(anonymous_4)","decl":{"start":{"line":133,"column":42},"end":{"line":133,"column":43}},"loc":{"start":{"line":133,"column":72},"end":{"line":156,"column":3}},"line":133},"5":{"name":"(anonymous_5)","decl":{"start":{"line":174,"column":32},"end":{"line":174,"column":33}},"loc":{"start":{"line":174,"column":38},"end":{"line":180,"column":1}},"line":174}},"branchMap":{"0":{"loc":{"start":{"line":15,"column":4},"end":{"line":15,"column":69}},"type":"if","locations":[{"start":{"line":15,"column":4},"end":{"line":15,"column":69}},{"start":{},"end":{}}],"line":15},"1":{"loc":{"start":{"line":35,"column":32},"end":{"line":35,"column":72}},"type":"cond-expr","locations":[{"start":{"line":35,"column":54},"end":{"line":35,"column":60}},{"start":{"line":35,"column":63},"end":{"line":35,"column":72}}],"line":35},"2":{"loc":{"start":{"line":39,"column":6},"end":{"line":39,"column":41}},"type":"if","locations":[{"start":{"line":39,"column":6},"end":{"line":39,"column":41}},{"start":{},"end":{}}],"line":39},"3":{"loc":{"start":{"line":57,"column":4},"end":{"line":57,"column":69}},"type":"if","locations":[{"start":{"line":57,"column":4},"end":{"line":57,"column":69}},{"start":{},"end":{}}],"line":57},"4":{"loc":{"start":{"line":79,"column":6},"end":{"line":81,"column":7}},"type":"if","locations":[{"start":{"line":79,"column":6},"end":{"line":81,"column":7}},{"start":{},"end":{}}],"line":79},"5":{"loc":{"start":{"line":82,"column":6},"end":{"line":84,"column":7}},"type":"if","locations":[{"start":{"line":82,"column":6},"end":{"line":84,"column":7}},{"start":{},"end":{}}],"line":82},"6":{"loc":{"start":{"line":99,"column":6},"end":{"line":99,"column":29}},"type":"if","locations":[{"start":{"line":99,"column":6},"end":{"line":99,"column":29}},{"start":{},"end":{}}],"line":99},"7":{"loc":{"start":{"line":117,"column":6},"end":{"line":123,"column":7}},"type":"if","locations":[{"start":{"line":117,"column":6},"end":{"line":123,"column":7}},{"start":{},"end":{}}],"line":117},"8":{"loc":{"start":{"line":119,"column":8},"end":{"line":121,"column":9}},"type":"if","locations":[{"start":{"line":119,"column":8},"end":{"line":121,"column":9}},{"start":{},"end":{}}],"line":119},"9":{"loc":{"start":{"line":134,"column":4},"end":{"line":134,"column":69}},"type":"if","locations":[{"start":{"line":134,"column":4},"end":{"line":134,"column":69}},{"start":{},"end":{}}],"line":134},"10":{"loc":{"start":{"line":149,"column":6},"end":{"line":149,"column":29}},"type":"if","locations":[{"start":{"line":149,"column":6},"end":{"line":149,"column":29}},{"start":{},"end":{}}],"line":149},"11":{"loc":{"start":{"line":176,"column":2},"end":{"line":178,"column":3}},"type":"if","locations":[{"start":{"line":176,"column":2},"end":{"line":178,"column":3}},{"start":{},"end":{}}],"line":176}},"s":{"0":1,"1":1,"2":7,"3":7,"4":7,"5":2,"6":1,"7":1,"8":1,"9":1,"10":1,"11":1,"12":1,"13":1,"14":1,"15":1,"16":0,"17":1,"18":1,"19":0,"20":0,"21":1,"22":7,"23":2,"24":1,"25":1,"26":1,"27":1,"28":1,"29":1,"30":0,"31":1,"32":0,"33":1,"34":1,"35":0,"36":1,"37":0,"38":0,"39":7,"40":1,"41":1,"42":1,"43":1,"44":1,"45":0,"46":0,"47":0,"48":0,"49":7,"50":2,"51":1,"52":1,"53":1,"54":1,"55":0,"56":1,"57":0,"58":0,"59":7,"60":7,"61":1,"62":10,"63":9,"64":2,"65":7},"f":{"0":7,"1":2,"2":2,"3":1,"4":2,"5":10},"b":{"0":[1,1],"1":[1,0],"2":[0,1],"3":[1,1],"4":[0,1],"5":[0,1],"6":[0,1],"7":[1,0],"8":[1,0],"9":[1,1],"10":[0,1],"11":[2,7]},"_coverageSchema":"1a1c01bbd47fc00a2c39e90264f33305004495a9","hash":"9aec63ffab3d715e5a0be60fc55b9f23aa95eabd"}
,"C:\\Projects\\PetronSanPedroApp\\src\\context\\FavoritesContext.js": {"path":"C:\\Projects\\PetronSanPedroApp\\src\\context\\FavoritesContext.js","statementMap":{"0":{"start":{"line":5,"column":25},"end":{"line":5,"column":44}},"1":{"start":{"line":8,"column":19},"end":{"line":8,"column":28}},"2":{"start":{"line":9,"column":36},"end":{"line":9,"column":55}},"3":{"start":{"line":10,"column":32},"end":{"line":10,"column":47}},"4":{"start":{"line":12,"column":24},"end":{"line":31,"column":3}},"5":{"start":{"line":13,"column":4},"end":{"line":16,"column":5}},"6":{"start":{"line":14,"column":6},"end":{"line":14,"column":30}},"7":{"start":{"line":15,"column":6},"end":{"line":15,"column":13}},"8":{"start":{"line":17,"column":4},"end":{"line":17,"column":21}},"9":{"start":{"line":18,"column":4},"end":{"line":30,"column":5}},"10":{"start":{"line":19,"column":30},"end":{"line":22,"column":31}},"11":{"start":{"line":23,"column":6},"end":{"line":25,"column":7}},"12":{"start":{"line":24,"column":8},"end":{"line":24,"column":59}},"13":{"start":{"line":24,"column":43},"end":{"line":24,"column":55}},"14":{"start":{"line":27,"column":6},"end":{"line":27,"column":50}},"15":{"start":{"line":29,"column":6},"end":{"line":29,"column":24}},"16":{"start":{"line":33,"column":21},"end":{"line":35,"column":3}},"17":{"start":{"line":34,"column":4},"end":{"line":34,"column":36}},"18":{"start":{"line":37,"column":25},"end":{"line":61,"column":3}},"19":{"start":{"line":38,"column":4},"end":{"line":38,"column":28}},"20":{"start":{"line":38,"column":15},"end":{"line":38,"column":28}},"21":{"start":{"line":39,"column":22},"end":{"line":39,"column":46}},"22":{"start":{"line":40,"column":4},"end":{"line":60,"column":5}},"23":{"start":{"line":41,"column":6},"end":{"line":56,"column":7}},"24":{"start":{"line":42,"column":26},"end":{"line":43,"column":61}},"25":{"start":{"line":44,"column":8},"end":{"line":44,"column":31}},"26":{"start":{"line":44,"column":19},"end":{"line":44,"column":31}},"27":{"start":{"line":45,"column":8},"end":{"line":49,"column":11}},"28":{"start":{"line":46,"column":20},"end":{"line":46,"column":33}},"29":{"start":{"line":47,"column":10},"end":{"line":47,"column":30}},"30":{"start":{"line":48,"column":10},"end":{"line":48,"column":19}},"31":{"start":{"line":50,"column":8},"end":{"line":50,"column":21}},"32":{"start":{"line":52,"column":26},"end":{"line":52,"column":110}},"33":{"start":{"line":53,"column":8},"end":{"line":53,"column":31}},"34":{"start":{"line":53,"column":19},"end":{"line":53,"column":31}},"35":{"start":{"line":54,"column":8},"end":{"line":54,"column":59}},"36":{"start":{"line":54,"column":29},"end":{"line":54,"column":57}},"37":{"start":{"line":55,"column":8},"end":{"line":55,"column":20}},"38":{"start":{"line":58,"column":6},"end":{"line":58,"column":48}},"39":{"start":{"line":59,"column":6},"end":{"line":59,"column":23}},"40":{"start":{"line":63,"column":2},"end":{"line":65,"column":13}},"41":{"start":{"line":64,"column":4},"end":{"line":64,"column":20}},"42":{"start":{"line":67,"column":2},"end":{"line":73,"column":4}},"43":{"start":{"line":77,"column":14},"end":{"line":77,"column":42}},"44":{"start":{"line":78,"column":2},"end":{"line":78,"column":82}},"45":{"start":{"line":78,"column":12},"end":{"line":78,"column":82}},"46":{"start":{"line":79,"column":2},"end":{"line":79,"column":13}}},"fnMap":{"0":{"name":"FavoritesProvider","decl":{"start":{"line":7,"column":16},"end":{"line":7,"column":33}},"loc":{"start":{"line":7,"column":48},"end":{"line":74,"column":1}},"line":7},"1":{"name":"(anonymous_1)","decl":{"start":{"line":12,"column":24},"end":{"line":12,"column":25}},"loc":{"start":{"line":12,"column":36},"end":{"line":31,"column":3}},"line":12},"2":{"name":"(anonymous_2)","decl":{"start":{"line":24,"column":38},"end":{"line":24,"column":39}},"loc":{"start":{"line":24,"column":43},"end":{"line":24,"column":55}},"line":24},"3":{"name":"(anonymous_3)","decl":{"start":{"line":33,"column":21},"end":{"line":33,"column":22}},"loc":{"start":{"line":33,"column":36},"end":{"line":35,"column":3}},"line":33},"4":{"name":"(anonymous_4)","decl":{"start":{"line":37,"column":25},"end":{"line":37,"column":26}},"loc":{"start":{"line":37,"column":46},"end":{"line":61,"column":3}},"line":37},"5":{"name":"(anonymous_5)","decl":{"start":{"line":45,"column":21},"end":{"line":45,"column":22}},"loc":{"start":{"line":45,"column":29},"end":{"line":49,"column":9}},"line":45},"6":{"name":"(anonymous_6)","decl":{"start":{"line":54,"column":21},"end":{"line":54,"column":22}},"loc":{"start":{"line":54,"column":29},"end":{"line":54,"column":57}},"line":54},"7":{"name":"(anonymous_7)","decl":{"start":{"line":63,"column":12},"end":{"line":63,"column":13}},"loc":{"start":{"line":63,"column":18},"end":{"line":65,"column":3}},"line":63},"8":{"name":"useFavorites","decl":{"start":{"line":76,"column":16},"end":{"line":76,"column":28}},"loc":{"start":{"line":76,"column":31},"end":{"line":80,"column":1}},"line":76}},"branchMap":{"0":{"loc":{"start":{"line":13,"column":4},"end":{"line":16,"column":5}},"type":"if","locations":[{"start":{"line":13,"column":4},"end":{"line":16,"column":5}},{"start":{},"end":{}}],"line":13},"1":{"loc":{"start":{"line":23,"column":6},"end":{"line":25,"column":7}},"type":"if","locations":[{"start":{"line":23,"column":6},"end":{"line":25,"column":7}},{"start":{},"end":{}}],"line":23},"2":{"loc":{"start":{"line":23,"column":10},"end":{"line":23,"column":24}},"type":"binary-expr","locations":[{"start":{"line":23,"column":10},"end":{"line":23,"column":16}},{"start":{"line":23,"column":20},"end":{"line":23,"column":24}}],"line":23},"3":{"loc":{"start":{"line":38,"column":4},"end":{"line":38,"column":28}},"type":"if","locations":[{"start":{"line":38,"column":4},"end":{"line":38,"column":28}},{"start":{},"end":{}}],"line":38},"4":{"loc":{"start":{"line":41,"column":6},"end":{"line":56,"column":7}},"type":"if","locations":[{"start":{"line":41,"column":6},"end":{"line":56,"column":7}},{"start":{"line":51,"column":13},"end":{"line":56,"column":7}}],"line":41},"5":{"loc":{"start":{"line":44,"column":8},"end":{"line":44,"column":31}},"type":"if","locations":[{"start":{"line":44,"column":8},"end":{"line":44,"column":31}},{"start":{},"end":{}}],"line":44},"6":{"loc":{"start":{"line":53,"column":8},"end":{"line":53,"column":31}},"type":"if","locations":[{"start":{"line":53,"column":8},"end":{"line":53,"column":31}},{"start":{},"end":{}}],"line":53},"7":{"loc":{"start":{"line":78,"column":2},"end":{"line":78,"column":82}},"type":"if","locations":[{"start":{"line":78,"column":2},"end":{"line":78,"column":82}},{"start":{},"end":{}}],"line":78}},"s":{"0":1,"1":13,"2":13,"3":13,"4":13,"5":4,"6":1,"7":1,"8":3,"9":3,"10":3,"11":3,"12":3,"13":3,"14":0,"15":3,"16":13,"17":7,"18":13,"19":3,"20":1,"21":2,"22":2,"23":2,"24":1,"25":1,"26":0,"27":1,"28":1,"29":1,"30":1,"31":1,"32":1,"33":1,"34":0,"35":1,"36":1,"37":1,"38":0,"39":0,"40":13,"41":4,"42":13,"43":16,"44":15,"45":2,"46":13},"f":{"0":13,"1":4,"2":3,"3":7,"4":3,"5":1,"6":1,"7":4,"8":16},"b":{"0":[1,3],"1":[3,0],"2":[3,3],"3":[1,2],"4":[1,1],"5":[0,1],"6":[0,1],"7":[2,13]},"_coverageSchema":"1a1c01bbd47fc00a2c39e90264f33305004495a9","hash":"aaaf15ea5c951c95d6c034b5d09c8a104daa4293"}
,"C:\\Projects\\PetronSanPedroApp\\src\\context\\NotificationContext.js": {"path":"C:\\Projects\\PetronSanPedroApp\\src\\context\\NotificationContext.js","statementMap":{"0":{"start":{"line":6,"column":28},"end":{"line":6,"column":43}},"1":{"start":{"line":8,"column":36},"end":{"line":212,"column":1}},"2":{"start":{"line":9,"column":19},"end":{"line":9,"column":28}},"3":{"start":{"line":10,"column":17},"end":{"line":10,"column":25}},"4":{"start":{"line":11,"column":44},"end":{"line":11,"column":56}},"5":{"start":{"line":12,"column":40},"end":{"line":12,"column":51}},"6":{"start":{"line":13,"column":32},"end":{"line":13,"column":47}},"7":{"start":{"line":14,"column":58},"end":{"line":14,"column":72}},"8":{"start":{"line":15,"column":34},"end":{"line":15,"column":46}},"9":{"start":{"line":17,"column":2},"end":{"line":19,"column":29}},"10":{"start":{"line":18,"column":4},"end":{"line":18,"column":59}},"11":{"start":{"line":22,"column":37},"end":{"line":40,"column":14}},"12":{"start":{"line":23,"column":4},"end":{"line":23,"column":24}},"13":{"start":{"line":23,"column":17},"end":{"line":23,"column":24}},"14":{"start":{"line":25,"column":4},"end":{"line":39,"column":5}},"15":{"start":{"line":26,"column":30},"end":{"line":30,"column":17}},"16":{"start":{"line":32,"column":6},"end":{"line":32,"column":29}},"17":{"start":{"line":32,"column":17},"end":{"line":32,"column":29}},"18":{"start":{"line":35,"column":6},"end":{"line":35,"column":69}},"19":{"start":{"line":37,"column":6},"end":{"line":37,"column":77}},"20":{"start":{"line":38,"column":6},"end":{"line":38,"column":36}},"21":{"start":{"line":43,"column":28},"end":{"line":64,"column":14}},"22":{"start":{"line":44,"column":4},"end":{"line":44,"column":24}},"23":{"start":{"line":44,"column":17},"end":{"line":44,"column":24}},"24":{"start":{"line":46,"column":4},"end":{"line":46,"column":21}},"25":{"start":{"line":47,"column":4},"end":{"line":63,"column":5}},"26":{"start":{"line":48,"column":30},"end":{"line":53,"column":18}},"27":{"start":{"line":55,"column":6},"end":{"line":55,"column":29}},"28":{"start":{"line":55,"column":17},"end":{"line":55,"column":29}},"29":{"start":{"line":57,"column":6},"end":{"line":57,"column":35}},"30":{"start":{"line":58,"column":6},"end":{"line":58,"column":64}},"31":{"start":{"line":58,"column":39},"end":{"line":58,"column":49}},"32":{"start":{"line":60,"column":6},"end":{"line":60,"column":67}},"33":{"start":{"line":62,"column":6},"end":{"line":62,"column":24}},"34":{"start":{"line":67,"column":2},"end":{"line":110,"column":62}},"35":{"start":{"line":68,"column":4},"end":{"line":72,"column":5}},"36":{"start":{"line":69,"column":6},"end":{"line":69,"column":27}},"37":{"start":{"line":70,"column":6},"end":{"line":70,"column":24}},"38":{"start":{"line":71,"column":6},"end":{"line":71,"column":13}},"39":{"start":{"line":74,"column":4},"end":{"line":74,"column":33}},"40":{"start":{"line":75,"column":4},"end":{"line":75,"column":24}},"41":{"start":{"line":78,"column":20},"end":{"line":96,"column":18}},"42":{"start":{"line":90,"column":10},"end":{"line":93,"column":11}},"43":{"start":{"line":91,"column":12},"end":{"line":91,"column":61}},"44":{"start":{"line":91,"column":37},"end":{"line":91,"column":59}},"45":{"start":{"line":92,"column":12},"end":{"line":92,"column":45}},"46":{"start":{"line":92,"column":35},"end":{"line":92,"column":43}},"47":{"start":{"line":99,"column":33},"end":{"line":104,"column":6}},"48":{"start":{"line":100,"column":6},"end":{"line":103,"column":7}},"49":{"start":{"line":101,"column":8},"end":{"line":101,"column":28}},"50":{"start":{"line":102,"column":8},"end":{"line":102,"column":37}},"51":{"start":{"line":106,"column":4},"end":{"line":109,"column":6}},"52":{"start":{"line":107,"column":6},"end":{"line":107,"column":41}},"53":{"start":{"line":107,"column":19},"end":{"line":107,"column":41}},"54":{"start":{"line":108,"column":6},"end":{"line":108,"column":36}},"55":{"start":{"line":113,"column":21},"end":{"line":131,"column":3}},"56":{"start":{"line":114,"column":4},"end":{"line":130,"column":5}},"57":{"start":{"line":115,"column":24},"end":{"line":118,"column":33}},"58":{"start":{"line":120,"column":6},"end":{"line":120,"column":29}},"59":{"start":{"line":120,"column":17},"end":{"line":120,"column":29}},"60":{"start":{"line":122,"column":6},"end":{"line":126,"column":8}},"61":{"start":{"line":123,"column":8},"end":{"line":125,"column":9}},"62":{"start":{"line":124,"column":10},"end":{"line":124,"column":63}},"63":{"start":{"line":127,"column":6},"end":{"line":127,"column":52}},"64":{"start":{"line":127,"column":29},"end":{"line":127,"column":50}},"65":{"start":{"line":129,"column":6},"end":{"line":129,"column":74}},"66":{"start":{"line":134,"column":24},"end":{"line":153,"column":3}},"67":{"start":{"line":135,"column":4},"end":{"line":135,"column":54}},"68":{"start":{"line":135,"column":47},"end":{"line":135,"column":54}},"69":{"start":{"line":137,"column":4},"end":{"line":152,"column":5}},"70":{"start":{"line":138,"column":24},"end":{"line":142,"column":29}},"71":{"start":{"line":144,"column":6},"end":{"line":144,"column":29}},"72":{"start":{"line":144,"column":17},"end":{"line":144,"column":29}},"73":{"start":{"line":146,"column":6},"end":{"line":148,"column":8}},"74":{"start":{"line":147,"column":8},"end":{"line":147,"column":48}},"75":{"start":{"line":147,"column":23},"end":{"line":147,"column":46}},"76":{"start":{"line":149,"column":6},"end":{"line":149,"column":24}},"77":{"start":{"line":151,"column":6},"end":{"line":151,"column":65}},"78":{"start":{"line":156,"column":29},"end":{"line":174,"column":3}},"79":{"start":{"line":157,"column":4},"end":{"line":173,"column":5}},"80":{"start":{"line":158,"column":24},"end":{"line":161,"column":33}},"81":{"start":{"line":163,"column":6},"end":{"line":163,"column":29}},"82":{"start":{"line":163,"column":17},"end":{"line":163,"column":29}},"83":{"start":{"line":165,"column":6},"end":{"line":165,"column":74}},"84":{"start":{"line":165,"column":31},"end":{"line":165,"column":72}},"85":{"start":{"line":165,"column":48},"end":{"line":165,"column":71}},"86":{"start":{"line":167,"column":22},"end":{"line":167,"column":70}},"87":{"start":{"line":167,"column":46},"end":{"line":167,"column":69}},"88":{"start":{"line":168,"column":6},"end":{"line":170,"column":7}},"89":{"start":{"line":169,"column":8},"end":{"line":169,"column":54}},"90":{"start":{"line":169,"column":31},"end":{"line":169,"column":52}},"91":{"start":{"line":172,"column":6},"end":{"line":172,"column":67}},"92":{"start":{"line":177,"column":19},"end":{"line":193,"column":3}},"93":{"start":{"line":178,"column":4},"end":{"line":178,"column":24}},"94":{"start":{"line":178,"column":17},"end":{"line":178,"column":24}},"95":{"start":{"line":180,"column":4},"end":{"line":192,"column":5}},"96":{"start":{"line":181,"column":24},"end":{"line":184,"column":30}},"97":{"start":{"line":186,"column":6},"end":{"line":186,"column":29}},"98":{"start":{"line":186,"column":17},"end":{"line":186,"column":29}},"99":{"start":{"line":188,"column":6},"end":{"line":188,"column":27}},"100":{"start":{"line":189,"column":6},"end":{"line":189,"column":24}},"101":{"start":{"line":191,"column":6},"end":{"line":191,"column":68}},"102":{"start":{"line":195,"column":2},"end":{"line":211,"column":4}},"103":{"start":{"line":214,"column":32},"end":{"line":220,"column":1}},"104":{"start":{"line":215,"column":18},"end":{"line":215,"column":49}},"105":{"start":{"line":216,"column":2},"end":{"line":218,"column":3}},"106":{"start":{"line":217,"column":4},"end":{"line":217,"column":81}},"107":{"start":{"line":219,"column":2},"end":{"line":219,"column":17}}},"fnMap":{"0":{"name":"(anonymous_0)","decl":{"start":{"line":8,"column":36},"end":{"line":8,"column":37}},"loc":{"start":{"line":8,"column":54},"end":{"line":212,"column":1}},"line":8},"1":{"name":"(anonymous_1)","decl":{"start":{"line":17,"column":12},"end":{"line":17,"column":13}},"loc":{"start":{"line":17,"column":18},"end":{"line":19,"column":3}},"line":17},"2":{"name":"(anonymous_2)","decl":{"start":{"line":22,"column":49},"end":{"line":22,"column":50}},"loc":{"start":{"line":22,"column":61},"end":{"line":40,"column":3}},"line":22},"3":{"name":"(anonymous_3)","decl":{"start":{"line":43,"column":40},"end":{"line":43,"column":41}},"loc":{"start":{"line":43,"column":52},"end":{"line":64,"column":3}},"line":43},"4":{"name":"(anonymous_4)","decl":{"start":{"line":58,"column":34},"end":{"line":58,"column":35}},"loc":{"start":{"line":58,"column":39},"end":{"line":58,"column":49}},"line":58},"5":{"name":"(anonymous_5)","decl":{"start":{"line":67,"column":12},"end":{"line":67,"column":13}},"loc":{"start":{"line":67,"column":18},"end":{"line":110,"column":3}},"line":67},"6":{"name":"(anonymous_6)","decl":{"start":{"line":88,"column":8},"end":{"line":88,"column":9}},"loc":{"start":{"line":88,"column":21},"end":{"line":94,"column":9}},"line":88},"7":{"name":"(anonymous_7)","decl":{"start":{"line":91,"column":29},"end":{"line":91,"column":30}},"loc":{"start":{"line":91,"column":37},"end":{"line":91,"column":59}},"line":91},"8":{"name":"(anonymous_8)","decl":{"start":{"line":92,"column":27},"end":{"line":92,"column":28}},"loc":{"start":{"line":92,"column":35},"end":{"line":92,"column":43}},"line":92},"9":{"name":"(anonymous_9)","decl":{"start":{"line":99,"column":69},"end":{"line":99,"column":70}},"loc":{"start":{"line":99,"column":87},"end":{"line":104,"column":5}},"line":99},"10":{"name":"(anonymous_10)","decl":{"start":{"line":106,"column":11},"end":{"line":106,"column":12}},"loc":{"start":{"line":106,"column":17},"end":{"line":109,"column":5}},"line":106},"11":{"name":"(anonymous_11)","decl":{"start":{"line":113,"column":21},"end":{"line":113,"column":22}},"loc":{"start":{"line":113,"column":47},"end":{"line":131,"column":3}},"line":113},"12":{"name":"(anonymous_12)","decl":{"start":{"line":122,"column":23},"end":{"line":122,"column":24}},"loc":{"start":{"line":123,"column":8},"end":{"line":125,"column":9}},"line":123},"13":{"name":"(anonymous_13)","decl":{"start":{"line":123,"column":17},"end":{"line":123,"column":18}},"loc":{"start":{"line":124,"column":10},"end":{"line":124,"column":63}},"line":124},"14":{"name":"(anonymous_14)","decl":{"start":{"line":127,"column":21},"end":{"line":127,"column":22}},"loc":{"start":{"line":127,"column":29},"end":{"line":127,"column":50}},"line":127},"15":{"name":"(anonymous_15)","decl":{"start":{"line":134,"column":24},"end":{"line":134,"column":25}},"loc":{"start":{"line":134,"column":36},"end":{"line":153,"column":3}},"line":134},"16":{"name":"(anonymous_16)","decl":{"start":{"line":146,"column":23},"end":{"line":146,"column":24}},"loc":{"start":{"line":147,"column":8},"end":{"line":147,"column":48}},"line":147},"17":{"name":"(anonymous_17)","decl":{"start":{"line":147,"column":17},"end":{"line":147,"column":18}},"loc":{"start":{"line":147,"column":23},"end":{"line":147,"column":46}},"line":147},"18":{"name":"(anonymous_18)","decl":{"start":{"line":156,"column":29},"end":{"line":156,"column":30}},"loc":{"start":{"line":156,"column":55},"end":{"line":174,"column":3}},"line":156},"19":{"name":"(anonymous_19)","decl":{"start":{"line":165,"column":23},"end":{"line":165,"column":24}},"loc":{"start":{"line":165,"column":31},"end":{"line":165,"column":72}},"line":165},"20":{"name":"(anonymous_20)","decl":{"start":{"line":165,"column":43},"end":{"line":165,"column":44}},"loc":{"start":{"line":165,"column":48},"end":{"line":165,"column":71}},"line":165},"21":{"name":"(anonymous_21)","decl":{"start":{"line":167,"column":41},"end":{"line":167,"column":42}},"loc":{"start":{"line":167,"column":46},"end":{"line":167,"column":69}},"line":167},"22":{"name":"(anonymous_22)","decl":{"start":{"line":169,"column":23},"end":{"line":169,"column":24}},"loc":{"start":{"line":169,"column":31},"end":{"line":169,"column":52}},"line":169},"23":{"name":"(anonymous_23)","decl":{"start":{"line":177,"column":19},"end":{"line":177,"column":20}},"loc":{"start":{"line":177,"column":31},"end":{"line":193,"column":3}},"line":177},"24":{"name":"(anonymous_24)","decl":{"start":{"line":214,"column":32},"end":{"line":214,"column":33}},"loc":{"start":{"line":214,"column":38},"end":{"line":220,"column":1}},"line":214}},"branchMap":{"0":{"loc":{"start":{"line":23,"column":4},"end":{"line":23,"column":24}},"type":"if","locations":[{"start":{"line":23,"column":4},"end":{"line":23,"column":24}},{"start":{},"end":{}}],"line":23},"1":{"loc":{"start":{"line":32,"column":6},"end":{"line":32,"column":29}},"type":"if","locations":[{"start":{"line":32,"column":6},"end":{"line":32,"column":29}},{"start":{},"end":{}}],"line":32},"2":{"loc":{"start":{"line":44,"column":4},"end":{"line":44,"column":24}},"type":"if","locations":[{"start":{"line":44,"column":4},"end":{"line":44,"column":24}},{"start":{},"end":{}}],"line":44},"3":{"loc":{"start":{"line":55,"column":6},"end":{"line":55,"column":29}},"type":"if","locations":[{"start":{"line":55,"column":6},"end":{"line":55,"column":29}},{"start":{},"end":{}}],"line":55},"4":{"loc":{"start":{"line":57,"column":23},"end":{"line":57,"column":33}},"type":"binary-expr","locations":[{"start":{"line":57,"column":23},"end":{"line":57,"column":27}},{"start":{"line":57,"column":31},"end":{"line":57,"column":33}}],"line":57},"5":{"loc":{"start":{"line":58,"column":21},"end":{"line":58,"column":62}},"type":"binary-expr","locations":[{"start":{"line":58,"column":21},"end":{"line":58,"column":57}},{"start":{"line":58,"column":61},"end":{"line":58,"column":62}}],"line":58},"6":{"loc":{"start":{"line":68,"column":4},"end":{"line":72,"column":5}},"type":"if","locations":[{"start":{"line":68,"column":4},"end":{"line":72,"column":5}},{"start":{},"end":{}}],"line":68},"7":{"loc":{"start":{"line":90,"column":10},"end":{"line":93,"column":11}},"type":"if","locations":[{"start":{"line":90,"column":10},"end":{"line":93,"column":11}},{"start":{},"end":{}}],"line":90},"8":{"loc":{"start":{"line":100,"column":6},"end":{"line":103,"column":7}},"type":"if","locations":[{"start":{"line":100,"column":6},"end":{"line":103,"column":7}},{"start":{},"end":{}}],"line":100},"9":{"loc":{"start":{"line":107,"column":6},"end":{"line":107,"column":41}},"type":"if","locations":[{"start":{"line":107,"column":6},"end":{"line":107,"column":41}},{"start":{},"end":{}}],"line":107},"10":{"loc":{"start":{"line":120,"column":6},"end":{"line":120,"column":29}},"type":"if","locations":[{"start":{"line":120,"column":6},"end":{"line":120,"column":29}},{"start":{},"end":{}}],"line":120},"11":{"loc":{"start":{"line":124,"column":10},"end":{"line":124,"column":63}},"type":"cond-expr","locations":[{"start":{"line":124,"column":36},"end":{"line":124,"column":59}},{"start":{"line":124,"column":62},"end":{"line":124,"column":63}}],"line":124},"12":{"loc":{"start":{"line":135,"column":4},"end":{"line":135,"column":54}},"type":"if","locations":[{"start":{"line":135,"column":4},"end":{"line":135,"column":54}},{"start":{},"end":{}}],"line":135},"13":{"loc":{"start":{"line":135,"column":8},"end":{"line":135,"column":45}},"type":"binary-expr","locations":[{"start":{"line":135,"column":8},"end":{"line":135,"column":15}},{"start":{"line":135,"column":19},"end":{"line":135,"column":45}}],"line":135},"14":{"loc":{"start":{"line":144,"column":6},"end":{"line":144,"column":29}},"type":"if","locations":[{"start":{"line":144,"column":6},"end":{"line":144,"column":29}},{"start":{},"end":{}}],"line":144},"15":{"loc":{"start":{"line":163,"column":6},"end":{"line":163,"column":29}},"type":"if","locations":[{"start":{"line":163,"column":6},"end":{"line":163,"column":29}},{"start":{},"end":{}}],"line":163},"16":{"loc":{"start":{"line":168,"column":6},"end":{"line":170,"column":7}},"type":"if","locations":[{"start":{"line":168,"column":6},"end":{"line":170,"column":7}},{"start":{},"end":{}}],"line":168},"17":{"loc":{"start":{"line":168,"column":10},"end":{"line":168,"column":37}},"type":"binary-expr","locations":[{"start":{"line":168,"column":10},"end":{"line":168,"column":17}},{"start":{"line":168,"column":21},"end":{"line":168,"column":37}}],"line":168},"18":{"loc":{"start":{"line":178,"column":4},"end":{"line":178,"column":24}},"type":"if","locations":[{"start":{"line":178,"column":4},"end":{"line":178,"column":24}},{"start":{},"end":{}}],"line":178},"19":{"loc":{"start":{"line":186,"column":6},"end":{"line":186,"column":29}},"type":"if","locations":[{"start":{"line":186,"column":6},"end":{"line":186,"column":29}},{"start":{},"end":{}}],"line":186},"20":{"loc":{"start":{"line":216,"column":2},"end":{"line":218,"column":3}},"type":"if","locations":[{"start":{"line":216,"column":2},"end":{"line":218,"column":3}},{"start":{},"end":{}}],"line":216}},"s":{"0":1,"1":1,"2":29,"3":29,"4":29,"5":29,"6":29,"7":29,"8":29,"9":29,"10":8,"11":29,"12":8,"13":0,"14":8,"15":8,"16":8,"17":0,"18":8,"19":0,"20":0,"21":29,"22":8,"23":0,"24":8,"25":8,"26":8,"27":8,"28":0,"29":8,"30":8,"31":15,"32":0,"33":8,"34":29,"35":8,"36":1,"37":1,"38":1,"39":7,"40":7,"41":7,"42":2,"43":1,"44":1,"45":1,"46":1,"47":7,"48":1,"49":1,"50":1,"51":7,"52":7,"53":7,"54":7,"55":29,"56":1,"57":1,"58":1,"59":0,"60":1,"61":1,"62":3,"63":1,"64":1,"65":0,"66":29,"67":1,"68":0,"69":1,"70":1,"71":1,"72":0,"73":1,"74":1,"75":2,"76":1,"77":0,"78":29,"79":1,"80":1,"81":1,"82":0,"83":1,"84":1,"85":2,"86":1,"87":1,"88":1,"89":1,"90":1,"91":0,"92":29,"93":1,"94":0,"95":1,"96":1,"97":1,"98":0,"99":1,"100":1,"101":0,"102":29,"103":1,"104":32,"105":31,"106":2,"107":29},"f":{"0":29,"1":8,"2":8,"3":8,"4":15,"5":8,"6":2,"7":1,"8":1,"9":1,"10":7,"11":1,"12":1,"13":3,"14":1,"15":1,"16":1,"17":2,"18":1,"19":1,"20":2,"21":1,"22":1,"23":1,"24":32},"b":{"0":[0,8],"1":[0,8],"2":[0,8],"3":[0,8],"4":[8,0],"5":[8,0],"6":[1,7],"7":[1,1],"8":[1,0],"9":[7,0],"10":[0,1],"11":[1,2],"12":[0,1],"13":[1,1],"14":[0,1],"15":[0,1],"16":[1,0],"17":[1,1],"18":[0,1],"19":[0,1],"20":[2,29]},"_coverageSchema":"1a1c01bbd47fc00a2c39e90264f33305004495a9","hash":"2aa963df123a38f4be92cf48df51a5a5db365fb7"}
,"C:\\Projects\\PetronSanPedroApp\\src\\context\\ProductContext.js": {"path":"C:\\Projects\\PetronSanPedroApp\\src\\context\\ProductContext.js","statementMap":{"0":{"start":{"line":7,"column":23},"end":{"line":7,"column":42}},"1":{"start":{"line":9,"column":31},"end":{"line":180,"column":1}},"2":{"start":{"line":10,"column":19},"end":{"line":10,"column":28}},"3":{"start":{"line":11,"column":34},"end":{"line":11,"column":46}},"4":{"start":{"line":12,"column":32},"end":{"line":12,"column":46}},"5":{"start":{"line":13,"column":40},"end":{"line":13,"column":54}},"6":{"start":{"line":14,"column":42},"end":{"line":14,"column":56}},"7":{"start":{"line":15,"column":54},"end":{"line":15,"column":69}},"8":{"start":{"line":18,"column":24},"end":{"line":38,"column":8}},"9":{"start":{"line":19,"column":4},"end":{"line":37,"column":5}},"10":{"start":{"line":20,"column":6},"end":{"line":20,"column":23}},"11":{"start":{"line":21,"column":30},"end":{"line":25,"column":22}},"12":{"start":{"line":27,"column":6},"end":{"line":27,"column":29}},"13":{"start":{"line":27,"column":17},"end":{"line":27,"column":29}},"14":{"start":{"line":29,"column":6},"end":{"line":29,"column":30}},"15":{"start":{"line":30,"column":6},"end":{"line":30,"column":33}},"16":{"start":{"line":32,"column":6},"end":{"line":32,"column":63}},"17":{"start":{"line":33,"column":6},"end":{"line":33,"column":54}},"18":{"start":{"line":35,"column":6},"end":{"line":35,"column":24}},"19":{"start":{"line":36,"column":6},"end":{"line":36,"column":35}},"20":{"start":{"line":41,"column":25},"end":{"line":55,"column":8}},"21":{"start":{"line":42,"column":4},"end":{"line":54,"column":5}},"22":{"start":{"line":43,"column":30},"end":{"line":47,"column":17}},"23":{"start":{"line":49,"column":6},"end":{"line":49,"column":29}},"24":{"start":{"line":49,"column":17},"end":{"line":49,"column":29}},"25":{"start":{"line":50,"column":6},"end":{"line":50,"column":18}},"26":{"start":{"line":52,"column":6},"end":{"line":52,"column":62}},"27":{"start":{"line":53,"column":6},"end":{"line":53,"column":18}},"28":{"start":{"line":58,"column":31},"end":{"line":64,"column":8}},"29":{"start":{"line":59,"column":4},"end":{"line":63,"column":6}},"30":{"start":{"line":60,"column":6},"end":{"line":62,"column":7}},"31":{"start":{"line":61,"column":8},"end":{"line":61,"column":68}},"32":{"start":{"line":67,"column":28},"end":{"line":69,"column":8}},"33":{"start":{"line":68,"column":4},"end":{"line":68,"column":47}},"34":{"start":{"line":68,"column":24},"end":{"line":68,"column":45}},"35":{"start":{"line":72,"column":33},"end":{"line":74,"column":8}},"36":{"start":{"line":73,"column":4},"end":{"line":73,"column":62}},"37":{"start":{"line":73,"column":24},"end":{"line":73,"column":60}},"38":{"start":{"line":73,"column":41},"end":{"line":73,"column":59}},"39":{"start":{"line":77,"column":21},"end":{"line":79,"column":8}},"40":{"start":{"line":78,"column":4},"end":{"line":78,"column":73}},"41":{"start":{"line":82,"column":32},"end":{"line":85,"column":16}},"42":{"start":{"line":83,"column":4},"end":{"line":83,"column":44}},"43":{"start":{"line":83,"column":28},"end":{"line":83,"column":44}},"44":{"start":{"line":84,"column":4},"end":{"line":84,"column":57}},"45":{"start":{"line":84,"column":32},"end":{"line":84,"column":55}},"46":{"start":{"line":88,"column":30},"end":{"line":90,"column":28}},"47":{"start":{"line":89,"column":4},"end":{"line":89,"column":47}},"48":{"start":{"line":89,"column":32},"end":{"line":89,"column":45}},"49":{"start":{"line":93,"column":28},"end":{"line":95,"column":16}},"50":{"start":{"line":94,"column":4},"end":{"line":94,"column":45}},"51":{"start":{"line":94,"column":32},"end":{"line":94,"column":43}},"52":{"start":{"line":98,"column":2},"end":{"line":154,"column":28}},"53":{"start":{"line":99,"column":4},"end":{"line":99,"column":20}},"54":{"start":{"line":102,"column":20},"end":{"line":145,"column":18}},"55":{"start":{"line":112,"column":10},"end":{"line":112,"column":69}},"56":{"start":{"line":114,"column":10},"end":{"line":140,"column":11}},"57":{"start":{"line":116,"column":14},"end":{"line":116,"column":45}},"58":{"start":{"line":117,"column":14},"end":{"line":117,"column":42}},"59":{"start":{"line":118,"column":14},"end":{"line":118,"column":20}},"60":{"start":{"line":121,"column":14},"end":{"line":121,"column":48}},"61":{"start":{"line":122,"column":14},"end":{"line":122,"column":42}},"62":{"start":{"line":125,"column":31},"end":{"line":125,"col
[...]
,"column":28},"end":{"line":238,"column":27}},"94":{"start":{"line":240,"column":16},"end":{"line":242,"column":19}},"95":{"start":{"line":241,"column":18},"end":{"line":241,"column":47}},"96":{"start":{"line":244,"column":16},"end":{"line":244,"column":37}},"97":{"start":{"line":246,"column":14},"end":{"line":246,"column":20}},"98":{"start":{"line":249,"column":14},"end":{"line":249,"column":23}},"99":{"start":{"line":252,"column":10},"end":{"line":256,"column":11}},"100":{"start":{"line":253,"column":12},"end":{"line":253,"column":80}},"101":{"start":{"line":255,"column":12},"end":{"line":255,"column":53}},"102":{"start":{"line":258,"column":10},"end":{"line":258,"column":99}},"103":{"start":{"line":263,"column":26},"end":{"line":265,"column":7}},"104":{"start":{"line":264,"column":14},"end":{"line":264,"column":82}},"105":{"start":{"line":264,"column":33},"end":{"line":264,"column":81}},"106":{"start":{"line":267,"column":6},"end":{"line":274,"column":7}},"107":{"start":{"line":268,"column":8},"end":{"line":268,"column":63}},"108":{"start":{"line":270,"column":8},"end":{"line":273,"column":10}},"109":{"start":{"line":276,"column":6},"end":{"line":280,"column":8}},"110":{"start":{"line":282,"column":6},"end":{"line":282,"column":59}},"111":{"start":{"line":283,"column":6},"end":{"line":283,"column":54}},"112":{"start":{"line":291,"column":4},"end":{"line":299,"column":5}},"113":{"start":{"line":292,"column":23},"end":{"line":292,"column":54}},"114":{"start":{"line":293,"column":21},"end":{"line":293,"column":31}},"115":{"start":{"line":294,"column":6},"end":{"line":294,"column":31}},"116":{"start":{"line":295,"column":6},"end":{"line":295,"column":54}},"117":{"start":{"line":296,"column":6},"end":{"line":296,"column":31}},"118":{"start":{"line":298,"column":6},"end":{"line":298,"column":54}},"119":{"start":{"line":306,"column":4},"end":{"line":312,"column":5}},"120":{"start":{"line":307,"column":23},"end":{"line":307,"column":54}},"121":{"start":{"line":308,"column":21},"end":{"line":308,"column":31}},"122":{"start":{"line":309,"column":6},"end":{"line":309,"column":33}},"123":{"start":{"line":311,"column":6},"end":{"line":311,"column":18}}},"fnMap":{"0":{"name":"(anonymous_0)","decl":{"start":{"line":18,"column":2},"end":{"line":18,"column":3}},"loc":{"start":{"line":18,"column":52},"end":{"line":34,"column":3}},"line":18},"1":{"name":"(anonymous_1)","decl":{"start":{"line":39,"column":2},"end":{"line":39,"column":3}},"loc":{"start":{"line":39,"column":21},"end":{"line":60,"column":3}},"line":39},"2":{"name":"(anonymous_2)","decl":{"start":{"line":65,"column":2},"end":{"line":65,"column":3}},"loc":{"start":{"line":65,"column":21},"end":{"line":73,"column":3}},"line":65},"3":{"name":"(anonymous_3)","decl":{"start":{"line":78,"column":2},"end":{"line":78,"column":3}},"loc":{"start":{"line":78,"column":34},"end":{"line":99,"column":3}},"line":78},"4":{"name":"(anonymous_4)","decl":{"start":{"line":104,"column":2},"end":{"line":104,"column":3}},"loc":{"start":{"line":104,"column":23},"end":{"line":113,"column":3}},"line":104},"5":{"name":"(anonymous_5)","decl":{"start":{"line":118,"column":2},"end":{"line":118,"column":3}},"loc":{"start":{"line":118,"column":55},"end":{"line":149,"column":3}},"line":118},"6":{"name":"(anonymous_6)","decl":{"start":{"line":131,"column":43},"end":{"line":131,"column":44}},"loc":{"start":{"line":131,"column":56},"end":{"line":134,"column":7}},"line":131},"7":{"name":"(anonymous_7)","decl":{"start":{"line":154,"column":2},"end":{"line":154,"column":3}},"loc":{"start":{"line":154,"column":27},"end":{"line":285,"column":3}},"line":154},"8":{"name":"(anonymous_8)","decl":{"start":{"line":192,"column":50},"end":{"line":192,"column":51}},"loc":{"start":{"line":192,"column":61},"end":{"line":195,"column":15}},"line":192},"9":{"name":"(anonymous_9)","decl":{"start":{"line":221,"column":46},"end":{"line":221,"column":47}},"loc":{"start":{"line":221,"column":64},"end":{"line":223,"column":17}},"line":221},"10":{"name":"(anonymous_10)","decl":{"start":{"line":240,"column":46},"end":{"line":240,"column":47}},"loc":{"start":{"line":240,"column":64},"end":{"line":242,"column":17}},"line":240},"11":{"name":"(anonymous_11)","decl":{"start":{"line":264,"column":8},"end":{"line":264,"column":9}},"loc":{"start":{"line":264,"column":14},"end":{"line":264,"column":82}},"line":264},"12":{"name":"(anonymous_12)","decl":{"start":{"line":264,"column":28},"end":{"line":264,"column":29}},"loc":{"start":{"line":264,"column":33},"end":{"line":264,"column":81}},"line":264},"13":{"name":"(anonymous_13)","decl":{"start":{"line":290,"column":2},"end":{"line":290,"column":3}},"loc":{"start":{"line":290,"column":28},"end":{"line":300,"column":3}},"line":290},"14":{"name":"(anonymous_14)","decl":{"start":{"line":305,"column":2},"end":{"line":305,"column":3}},"loc":{"start":{"line":305,"column":25},"end":{"line":313,"column":3}},"line":305}},"branchMap":{"0":{"loc":{"start":{"line":18,"column":28},"end":{"line":18,"column":50}},"type":"default-arg","locations":[{"start":{"line":18,"column":48},"end":{"line":18,"column":50}}],"line":18},"1":{"loc":{"start":{"line":26,"column":8},"end":{"line":26,"column":32}},"type":"binary-expr","locations":[{"start":{"line":26,"column":8},"end":{"line":26,"column":25}},{"start":{"line":26,"column":29},"end":{"line":26,"column":32}}],"line":26},"2":{"loc":{"start":{"line":42,"column":8},"end":{"line":42,"column":32}},"type":"binary-expr","locations":[{"start":{"line":42,"column":8},"end":{"line":42,"column":25}},{"start":{"line":42,"column":29},"end":{"line":42,"column":32}}],"line":42},"3":{"loc":{"start":{"line":45,"column":6},"end":{"line":45,"column":57}},"type":"if","locations":[{"start":{"line":45,"column":6},"end":{"line":45,"column":57}},{"start":{},"end":{}}],"line":45},"4":{"loc":{"start":{"line":50,"column":6},"end":{"line":53,"column":7}},"type":"if","locations":[{"start":{"line":50,"column":6},"end":{"line":53,"column":7}},{"start":{},"end":{}}],"line":50},"5":{"loc":{"start":{"line":51,"column":38},"end":{"line":51,"column":62}},"type":"binary-expr","locations":[{"start":{"line":51,"column":38},"end":{"line":51,"column":55}},{"start":{"line":51,"column":59},"end":{"line":51,"column":62}}],"line":51},"6":{"loc":{"start":{"line":82,"column":23},"end":{"line":82,"column":101}},"type":"binary-expr","locations":[{"start":{"line":82,"column":23},"end":{"line":82,"column":41}},{"start":{"line":82,"column":45},"end":{"line":82,"column":63}},{"start":{"line":82,"column":67},"end":{"line":82,"column":85}},{"start":{"line":82,"column":89},"end":{"line":82,"column":101}}],"line":82},"7":{"loc":{"start":{"line":107,"column":21},"end":{"line":107,"column":53}},"type":"cond-expr","locations":[{"start":{"line":107,"column":30},"end":{"line":107,"column":48}},{"start":{"line":107,"column":51},"end":{"line":107,"column":53}}],"line":107},"8":{"loc":{"start":{"line":108,"column":13},"end":{"line":108,"column":48}},"type":"cond-expr","locations":[{"start":{"line":108,"column":37},"end":{"line":108,"column":43}},{"start":{"line":108,"column":46},"end":{"line":108,"column":48}}],"line":108},"9":{"loc":{"start":{"line":118,"column":27},"end":{"line":118,"column":53}},"type":"default-arg","locations":[{"start":{"line":118,"column":51},"end":{"line":118,"column":53}}],"line":118},"10":{"loc":{"start":{"line":121,"column":6},"end":{"line":128,"column":7}},"type":"if","locations":[{"start":{"line":121,"column":6},"end":{"line":128,"column":7}},{"start":{},"end":{}}],"line":121},"11":{"loc":{"start":{"line":132,"column":22},"end":{"line":132,"column":75}},"type":"cond-expr","locations":[{"start":{"line":132,"column":57},"end":{"line":132,"column":69}},{"start":{"line":132,"column":72},"end":{"line":132,"column":75}}],"line":132},"12":{"loc":{"start":{"line":133,"column":15},"end":{"line":133,"column":40}},"type":"cond-expr","locations":[{"start":{"line":133,"column":29},"end":{"line":133,"column":34}},{"start":{"line":133,"column":37},"end":{"line":133,"column":40}}],"line":133},"13":{"loc":{"start":{"line":162,"column":26},"end":{"line":162,"column":59}},"type":"binary-expr","locations":[{"start":{"line":162,"column":26},"end":{"line":162,"column":43}},{"start":{"line":162,"column":47},"end":{"line":162,"column":59}}],"line":162},"14":{"loc":{"start":{"line":163,"column":27},"end":{"line":163,"column":105}},"type":"binary-expr","locations":[{"start":{"line":163,"column":27},"end":{"line":163,"column":45}},{"start":{"line":163,"column":49},"end":{"line":163,"column":67}},{"start":{"line":163,"column":71},"end":{"line":163,"column":89}},{"start":{"line":163,"column":93},"end":{"line":163,"column":105}}],"line":163},"15":{"loc":{"start":{"line":165,"column":10},"end":{"line":250,"column":11}},"type":"switch","locations":[{"start":{"line":166,"column":12},"end":{"line":170,"column":20}},{"start":{"line":172,"column":12},"end":{"line":208,"column":13}},{"start":{"line":210,"column":12},"end":{"line":227,"column":20}},{"start":{"line":229,"column":12},"end":{"line":246,"column":20}},{"start":{"line":248,"column":12},"end":{"line":249,"column":23}}],"line":165},"16":{"loc":{"start":{"line":176,"column":14},"end":{"line":179,"column":15}},"type":"if","locations":[{"start":{"line":176,"column":14},"end":{"line":179,"column":15}},{"start":{},"end":{}}],"line":176},"17":{"loc":{"start":{"line":176,"column":18},"end":{"line":176,"column":63}},"type":"binary-expr","locations":[{"start":{"line":176,"column":18},"end":{"line":176,"column":31}},{"start":{"line":176,"column":35},"end":{"line":176,"column":63}}],"line":176},"18":{"loc":{"start":{"line":187,"column":14},"end":{"line":190,"column":15}},"type":"if","locations":[{"start":{"line":187,"column":14},"end":{"line":190,"column":15}},{"start":{},"end":{}}],"line":187},"19":{"loc":{"start":{"line":201,"column":14},"end":{"line":204,"column":15}},"type":"if","locations":[{"start":{"line":201,"column":14},"end":{"line":204,"column":15}},{"start":{},"end":{}}],"line":201},"20":{"loc":{"start":{"line":211,"column":14},"end":{"line":214,"column":15}},"type":"if","locations":[{"start":{"line":211,"column":14},"end":{"line":214,"column":15}},{"start":{},"end":{}}],"line":211},"21":{"loc":{"start":{"line":216,"column":30},"end":{"line":216,"column":65}},"type":"binary-expr","locations":[{"start":{"line":216,"column":30},"end":{"line":216,"column":45}},{"start":{"line":216,"column":49},"end":{"line":216,"column":65}}],"line":216},"22":{"loc":{"start":{"line":230,"column":14},"end":{"line":233,"column":15}},"type":"if","locations":[{"start":{"line":230,"column":14},"end":{"line":233,"column":15}},{"start":{},"end":{}}],"line":230},"23":{"loc":{"start":{"line":235,"column":30},"end":{"line":235,"column":65}},"type":"binary-expr","locations":[{"start":{"line":235,"column":30},"end":{"line":235,"column":45}},{"start":{"line":235,"column":49},"end":{"line":235,"column":65}}],"line":235},"24":{"loc":{"start":{"line":252,"column":10},"end":{"line":256,"column":11}},"type":"if","locations":[{"start":{"line":252,"column":10},"end":{"line":256,"column":11}},{"start":{"line":254,"column":17},"end":{"line":256,"column":11}}],"line":252},"25":{"loc":{"start":{"line":258,"column":54},"end":{"line":258,"column":87}},"type":"binary-expr","locations":[{"start":{"line":258,"column":54},"end":{"line":258,"column":71}},{"start":{"line":258,"column":75},"end":{"line":258,"column":87}}],"line":258},"26":{"loc":{"start":{"line":264,"column":33},"end":{"line":264,"column":81}},"type":"binary-expr","locations":[{"start":{"line":264,"column":33},"end":{"line":264,"column":68}},{"start":{"line":264,"column":72},"end":{"line":264,"column":81}}],"line":264},"27":{"loc":{"start":{"line":264,"column":48},"end":{"line":264,"column":67}},"type":"binary-expr","locations":[{"start":{"line":264,"column":48},"end":{"line":264,"column":58}},{"start":{"line":264,"column":62},"end":{"line":264,"column":67}}],"line":264},"28":{"loc":{"start":{"line":267,"column":6},"end":{"line":274,"column":7}},"type":"if","locations":[{"start":{"line":267,"column":6},"end":{"line":274,"column":7}},{"start":{"line":269,"column":13},"end":{"line":274,"column":7}}],"line":267},"29":{"loc":{"start":{"line":293,"column":21},"end":{"line":293,"column":31}},"type":"binary-expr","locations":[{"start":{"line":293,"column":21},"end":{"line":293,"column":25}},{"start":{"line":293,"column":29},"end":{"line":293,"column":31}}],"line":293},"30":{"loc":{"start":{"line":308,"column":21},"end":{"line":308,"column":31}},"type":"binary-expr","locations":[{"start":{"line":308,"column":21},"end":{"line":308,"column":25}},{"start":{"line":308,"column":29},"end":{"line":308,"column":31}}],"line":308},"31":{"loc":{"start":{"line":309,"column":13},"end":{"line":309,"column":32}},"type":"binary-expr","locations":[{"start":{"line":309,"column":13},"end":{"line":309,"column":24}},{"start":{"line":309,"column":28},"end":{"line":309,"column":32}}],"line":309}},"s":{"0":1,"1":1,"2":2,"3":2,"4":2,"5":1,"6":1,"7":1,"8":2,"9":2,"10":2,"11":0,"12":2,"13":2,"14":2,"15":1,"16":1,"17":1,"18":0,"19":0,"20":1,"21":1,"22":1,"23":0,"24":0,"25":1,"26":1,"27":1,"28":1,"29":1,"30":1,"31":1,"32":0,"33":0,"34":5,"35":5,"36":5,"37":5,"38":0,"39":0,"40":0,"41":0,"42":0,"43":0,"44":0,"45":0,"46":0,"47":0,"48":0,"49":0,"50":0,"51":0,"52":0,"53":4,"54":4,"55":4,"56":4,"57":4,"58":4,"59":4,"60":4,"61":0,"62":0,"63":1,"64":1,"65":1,"66":0,"67":0,"68":1,"69":1,"70":0,"71":0,"72":1,"73":1,"74":1,"75":1,"76":0,"77":0,"78":1,"79":1,"80":3,"81":0,"82":0,"83":3,"84":3,"85":3,"86":4,"87":3,"88":3,"89":0,"90":0,"91":0,"92":0,"93":0,"94":0,"95":0,"96":0,"97":0,"98":0,"99":3,"100":1,"101":2,"102":0,"103":4,"104":4,"105":3,"106":4,"107":3,"108":1,"109":4,"110":0,"111":0,"112":0,"113":0,"114":0,"115":0,"116":0,"117":0,"118":0,"119":0,"120":0,"121":0,"122":0,"123":0},"f":{"0":2,"1":2,"2":1,"3":1,"4":5,"5":0,"6":0,"7":4,"8":1,"9":4,"10":0,"11":4,"12":3,"13":0,"14":0},"b":{"0":[1],"1":[2,0],"2":[2,0],"3":[0,2],"4":[1,1],"5":[1,0],"6":[1,1,1,0],"7":[5,0],"8":[5,0],"9":[0],"10":[0,0],"11":[0,0],"12":[0,0],"13":[4,0],"14":[4,1,1,1],"15":[0,1,3,0,0],"16":[0,1],"17":[1,1],"18":[0,1],"19":[0,1],"20":[0,3],"21":[3,2],"22":[0,0],"23":[0,0],"24":[1,2],"25":[0,0],"26":[3,3],"27":[3,0],"28":[3,1],"29":[0,0],"30":[0,0],"31":[0,0]},"_coverageSchema":"1a1c01bbd47fc00a2c39e90264f33305004495a9","hash":"a26e5c4f47ac000edced0c56a030dae3daebb8d6"}
,"C:\\Projects\\PetronSanPedroApp\\src\\services\\orderService.js": {"path":"C:\\Projects\\PetronSanPedroApp\\src\\services\\orderService.js","statementMap":{"0":{"start":{"line":6,"column":2},"end":{"line":11,"column":3}},"1":{"start":{"line":7,"column":19},"end":{"line":7,"column":56}},"2":{"start":{"line":8,"column":4},"end":{"line":8,"column":37}},"3":{"start":{"line":10,"column":4},"end":{"line":10,"column":17}},"4":{"start":{"line":14,"column":28},"end":{"line":109,"column":1}},"5":{"start":{"line":20,"column":21},"end":{"line":20,"column":43}},"6":{"start":{"line":22,"column":4},"end":{"line":42,"column":5}},"7":{"start":{"line":23,"column":26},"end":{"line":31,"column":8}},"8":{"start":{"line":33,"column":6},"end":{"line":35,"column":7}},"9":{"start":{"line":34,"column":8},"end":{"line":34,"column":85}},"10":{"start":{"line":37,"column":6},"end":{"line":41,"column":8}},"11":{"start":{"line":44,"column":51},"end":{"line":48,"column":15}},"12":{"start":{"line":50,"column":4},"end":{"line":50,"column":37}},"13":{"start":{"line":50,"column":20},"end":{"line":50,"column":37}},"14":{"start":{"line":52,"column":20},"end":{"line":52,"column":32}},"15":{"start":{"line":53,"column":29},"end":{"line":56,"column":7}},"16":{"start":{"line":53,"column":55},"end":{"line":56,"column":5}},"17":{"start":{"line":58,"column":34},"end":{"line":60,"column":31}},"18":{"start":{"line":62,"column":4},"end":{"line":62,"column":37}},"19":{"start":{"line":62,"column":20},"end":{"line":62,"column":37}},"20":{"start":{"line":64,"column":4},"end":{"line":68,"column":6}},"21":{"start":{"line":72,"column":21},"end":{"line":72,"column":43}},"22":{"start":{"line":74,"column":4},"end":{"line":94,"column":5}},"23":{"start":{"line":75,"column":26},"end":{"line":84,"column":8}},"24":{"start":{"line":86,"column":6},"end":{"line":88,"column":7}},"25":{"start":{"line":87,"column":8},"end":{"line":87,"column":92}},"26":{"start":{"line":90,"column":6},"end":{"line":93,"column":8}},"27":{"start":{"line":96,"column":22},"end":{"line":100,"column":28}},"28":{"start":{"line":102,"column":4},"end":{"line":102,"column":27}},"29":{"start":{"line":102,"column":15},"end":{"line":102,"column":27}},"30":{"start":{"line":104,"column":4},"end":{"line":107,"column":6}}},"fnMap":{"0":{"name":"getOnlineState","decl":{"start":{"line":5,"column":15},"end":{"line":5,"column":29}},"loc":{"start":{"line":5,"column":32},"end":{"line":12,"column":1}},"line":5},"1":{"name":"(anonymous_1)","decl":{"start":{"line":15,"column":2},"end":{"line":15,"column":3}},"loc":{"start":{"line":19,"column":5},"end":{"line":69,"column":3}},"line":19},"2":{"name":"(anonymous_2)","decl":{"start":{"line":53,"column":44},"end":{"line":53,"column":45}},"loc":{"start":{"line":53,"column":55},"end":{"line":56,"column":5}},"line":53},"3":{"name":"(anonymous_3)","decl":{"start":{"line":71,"column":2},"end":{"line":71,"column":3}},"loc":{"start":{"line":71,"column":50},"end":{"line":108,"column":3}},"line":71}},"branchMap":{"0":{"loc":{"start":{"line":22,"column":4},"end":{"line":42,"column":5}},"type":"if","locations":[{"start":{"line":22,"column":4},"end":{"line":42,"column":5}},{"start":{},"end":{}}],"line":22},"1":{"loc":{"start":{"line":33,"column":6},"end":{"line":35,"column":7}},"type":"if","locations":[{"start":{"line":33,"column":6},"end":{"line":35,"column":7}},{"start":{},"end":{}}],"line":33},"2":{"loc":{"start":{"line":34,"column":24},"end":{"line":34,"column":83}},"type":"binary-expr","locations":[{"start":{"line":34,"column":24},"end":{"line":34,"column":41}},{"start":{"line":34,"column":45},"end":{"line":34,"column":83}}],"line":34},"3":{"loc":{"start":{"line":40,"column":17},"end":{"line":40,"column":44}},"type":"binary-expr","locations":[{"start":{"line":40,"column":17},"end":{"line":40,"column":36}},{"start":{"line":40,"column":40},"end":{"line":40,"column":44}}],"line":40},"4":{"loc":{"start":{"line":50,"column":4},"end":{"line":50,"column":37}},"type":"if","locations":[{"start":{"line":50,"column":4},"end":{"line":50,"column":37}},{"start":{},"end":{}}],"line":50},"5":{"loc":{"start":{"line":62,"column":4},"end":{"line":62,"column":37}},"type":"if","locations":[{"start":{"line":62,"column":4},"end":{"line":62,"column":37}},{"start":{},"end":{}}],"line":62},"6":{"loc":{"start":{"line":74,"column":4},"end":{"line":94,"column":5}},"type":"if","locations":[{"start":{"line":74,"column":4},"end":{"line":94,"column":5}},{"start":{},"end":{}}],"line":74},"7":{"loc":{"start":{"line":86,"column":6},"end":{"line":88,"column":7}},"type":"if","locations":[{"start":{"line":86,"column":6},"end":{"line":88,"column":7}},{"start":{},"end":{}}],"line":86},"8":{"loc":{"start":{"line":87,"column":24},"end":{"line":87,"column":90}},"type":"binary-expr","locations":[{"start":{"line":87,"column":24},"end":{"line":87,"column":41}},{"start":{"line":87,"column":45},"end":{"line":87,"column":90}}],"line":87},"9":{"loc":{"start":{"line":102,"column":4},"end":{"line":102,"column":27}},"type":"if","locations":[{"start":{"line":102,"column":4},"end":{"line":102,"column":27}},{"start":{},"end":{}}],"line":102}},"s":{"0":5,"1":5,"2":5,"3":0,"4":1,"5":2,"6":2,"7":1,"8":1,"9":0,"10":1,"11":1,"12":1,"13":0,"14":1,"15":1,"16":1,"17":1,"18":1,"19":0,"20":1,"21":3,"22":3,"23":2,"24":2,"25":1,"26":1,"27":1,"28":1,"29":0,"30":1},"f":{"0":5,"1":2,"2":1,"3":3},"b":{"0":[1,1],"1":[0,1],"2":[0,0],"3":[1,0],"4":[0,1],"5":[0,1],"6":[2,1],"7":[1,1],"8":[1,0],"9":[0,1]},"_coverageSchema":"1a1c01bbd47fc00a2c39e90264f33305004495a9","hash":"a50aa82a39109f892dbc8e2e4b2e7a74f82336a4"}
}
