{"C:\\Projects\\PetronSanPedroApp\\src\\context\\AddressContext.js": {"path":"C:\\Projects\\PetronSanPedroApp\\src\\context\\AddressContext.js","statementMap":{"0":{"start":{"line":5,"column":23},"end":{"line":5,"column":42}},"1":{"start":{"line":7,"column":31},"end":{"line":206,"column":1}},"2":{"start":{"line":8,"column":19},"end":{"line":8,"column":28}},"3":{"start":{"line":9,"column":36},"end":{"line":9,"column":48}},"4":{"start":{"line":10,"column":32},"end":{"line":10,"column":46}},"5":{"start":{"line":13,"column":25},"end":{"line":32,"column":12}},"6":{"start":{"line":14,"column":4},"end":{"line":14,"column":22}},"7":{"start":{"line":14,"column":15},"end":{"line":14,"column":22}},"8":{"start":{"line":16,"column":4},"end":{"line":31,"column":5}},"9":{"start":{"line":17,"column":6},"end":{"line":17,"column":23}},"10":{"start":{"line":18,"column":30},"end":{"line":23,"column":50}},"11":{"start":{"line":25,"column":6},"end":{"line":25,"column":29}},"12":{"start":{"line":25,"column":17},"end":{"line":25,"column":29}},"13":{"start":{"line":26,"column":6},"end":{"line":26,"column":31}},"14":{"start":{"line":28,"column":6},"end":{"line":28,"column":64}},"15":{"start":{"line":30,"column":6},"end":{"line":30,"column":24}},"16":{"start":{"line":35,"column":21},"end":{"line":80,"column":12}},"17":{"start":{"line":36,"column":4},"end":{"line":36,"column":69}},"18":{"start":{"line":36,"column":15},"end":{"line":36,"column":69}},"19":{"start":{"line":38,"column":4},"end":{"line":40,"column":5}},"20":{"start":{"line":39,"column":6},"end":{"line":39,"column":104}},"21":{"start":{"line":42,"column":4},"end":{"line":79,"column":5}},"22":{"start":{"line":44,"column":6},"end":{"line":49,"column":7}},"23":{"start":{"line":45,"column":8},"end":{"line":48,"column":34}},"24":{"start":{"line":51,"column":30},"end":{"line":62,"column":17}},"25":{"start":{"line":64,"column":6},"end":{"line":64,"column":29}},"26":{"start":{"line":64,"column":17},"end":{"line":64,"column":29}},"27":{"start":{"line":67,"column":6},"end":{"line":73,"column":9}},"28":{"start":{"line":68,"column":24},"end":{"line":68,"column":39}},"29":{"start":{"line":69,"column":8},"end":{"line":71,"column":9}},"30":{"start":{"line":70,"column":10},"end":{"line":70,"column":89}},"31":{"start":{"line":70,"column":34},"end":{"line":70,"column":87}},"32":{"start":{"line":72,"column":8},"end":{"line":72,"column":23}},"33":{"start":{"line":75,"column":6},"end":{"line":75,"column":37}},"34":{"start":{"line":77,"column":6},"end":{"line":77,"column":60}},"35":{"start":{"line":78,"column":6},"end":{"line":78,"column":54}},"36":{"start":{"line":83,"column":24},"end":{"line":126,"column":12}},"37":{"start":{"line":84,"column":4},"end":{"line":84,"column":69}},"38":{"start":{"line":84,"column":15},"end":{"line":84,"column":69}},"39":{"start":{"line":86,"column":4},"end":{"line":125,"column":5}},"40":{"start":{"line":88,"column":6},"end":{"line":94,"column":7}},"41":{"start":{"line":89,"column":8},"end":{"line":93,"column":32}},"42":{"start":{"line":96,"column":30},"end":{"line":108,"column":17}},"43":{"start":{"line":110,"column":6},"end":{"line":110,"column":29}},"44":{"start":{"line":110,"column":17},"end":{"line":110,"column":29}},"45":{"start":{"line":113,"column":6},"end":{"line":119,"column":9}},"46":{"start":{"line":114,"column":24},"end":{"line":114,"column":68}},"47":{"start":{"line":114,"column":38},"end":{"line":114,"column":67}},"48":{"start":{"line":115,"column":8},"end":{"line":117,"column":9}},"49":{"start":{"line":116,"column":10},"end":{"line":116,"column":89}},"50":{"start":{"line":116,"column":34},"end":{"line":116,"column":87}},"51":{"start":{"line":118,"column":8},"end":{"line":118,"column":23}},"52":{"start":{"line":121,"column":6},"end":{"line":121,"column":37}},"53":{"start":{"line":123,"column":6},"end":{"line":123,"column":62}},"54":{"start":{"line":124,"column":6},"end":{"line":124,"column":54}},"55":{"start":{"line":129,"column":24},"end":{"line":148,"column":12}},"56":{"start":{"line":130,"column":4},"end":{"line":130,"column":69}},"57":{"start":{"line":130,"column":15},"end":{"line":130,"column":69}},"58":{"start":{"line":132,"column":4},"end":{"line":147,"column":5}},"59":{"start":{"line":133,"column":24},"end":{"line":136,"column":28}},"60":{"start":{"line":138,"column":6},"end":{"line":138,"column":29}},"61":{"start":{"line":138,"column":17},"end":{"line":138,"column":29}},"62":{"start":{"line":141,"column":6},"end":{"line":141,"column":65}},"63":{"start":{"line":141,"column":27},"end":{"line":141,"column":63}},"64":{"start":{"line":141,"column":44},"end":{"line":141,"column":62}},"65":{"start":{"line":143,"column":6},"end":{"line":143,"column":31}},"66":{"start":{"line":145,"column":6},"end":{"line":145,"column":62}},"67":{"start":{"line":146,"column":6},"end":{"line":146,"column":54}},"68":{"start":{"line":151,"column":28},"end":{"line":156,"column":32}},"69":{"start":{"line":152,"column":4},"end":{"line":155,"column":7}},"70":{"start":{"line":153,"column":29},"end":{"line":153,"column":47}},"71":{"start":{"line":159,"column":28},"end":{"line":161,"column":17}},"72":{"start":{"line":160,"column":4},"end":{"line":160,"column":69}},"73":{"start":{"line":160,"column":31},"end":{"line":160,"column":43}},"74":{"start":{"line":164,"column":2},"end":{"line":188,"column":29}},"75":{"start":{"line":165,"column":4},"end":{"line":165,"column":22}},"76":{"start":{"line":165,"column":15},"end":{"line":165,"column":22}},"77":{"start":{"line":167,"column":4},"end":{"line":167,"column":21}},"78":{"start":{"line":169,"column":20},"end":{"line":183,"column":18}},"79":{"start":{"line":180,"column":10},"end":{"line":180,"column":27}},"80":{"start":{"line":185,"column":4},"end":{"line":187,"column":6}},"81":{"start":{"line":186,"column":6},"end":{"line":186,"column":38}},"82":{"start":{"line":190,"column":16},"end":{"line":199,"column":3}},"83":{"start":{"line":201,"column":2},"end":{"line":205,"column":4}},"84":{"start":{"line":209,"column":28},"end":{"line":215,"column":1}},"85":{"start":{"line":210,"column":18},"end":{"line":210,"column":44}},"86":{"start":{"line":211,"column":2},"end":{"line":213,"column":3}},"87":{"start":{"line":212,"column":4},"end":{"line":212,"column":75}},"88":{"start":{"line":214,"column":2},"end":{"line":214,"column":17}}},"fnMap":{"0":{"name":"(anonymous_0)","decl":{"start":{"line":7,"column":31},"end":{"line":7,"column":32}},"loc":{"start":{"line":7,"column":49},"end":{"line":206,"column":1}},"line":7},"1":{"name":"(anonymous_1)","decl":{"start":{"line":13,"column":37},"end":{"line":13,"column":38}},"loc":{"start":{"line":13,"column":49},"end":{"line":32,"column":3}},"line":13},"2":{"name":"(anonymous_2)","decl":{"start":{"line":35,"column":33},"end":{"line":35,"column":34}},"loc":{"start":{"line":35,"column":56},"end":{"line":80,"column":3}},"line":35},"3":{"name":"(anonymous_3)","decl":{"start":{"line":67,"column":19},"end":{"line":67,"column":20}},"loc":{"start":{"line":67,"column":27},"end":{"line":73,"column":7}},"line":67},"4":{"name":"(anonymous_4)","decl":{"start":{"line":70,"column":29},"end":{"line":70,"column":30}},"loc":{"start":{"line":70,"column":34},"end":{"line":70,"column":87}},"line":70},"5":{"name":"(anonymous_5)","decl":{"start":{"line":83,"column":36},"end":{"line":83,"column":37}},"loc":{"start":{"line":83,"column":70},"end":{"line":126,"column":3}},"line":83},"6":{"name":"(anonymous_6)","decl":{"start":{"line":113,"column":19},"end":{"line":113,"column":20}},"loc":{"start":{"line":113,"column":27},"end":{"line":119,"column":7}},"line":113},"7":{"name":"(anonymous_7)","decl":{"start":{"line":114,"column":33},"end":{"line":114,"column":34}},"loc":{"start":{"line":114,"column":38},"end":{"line":114,"column":67}},"line":114},"8":{"name":"(anonymous_8)","decl":{"start":{"line":116,"column":29},"end":{"line":116,"column":30}},"loc":{"start":{"line":116,"column":34},"end":{"line":116,"column":87}},"line":116},"9":{"name":"(anonymous_9)","decl":{"start":{"line":129,"column":36},"end":{"line":129,"column":37}},"loc":{"start":{"line":129,"column":57},"end":{"line":148,"column":3}},"line":129},"10":{"name":"(anonymous_10)","decl":{"start":{"line":141,"column":19},"end":{"line":141,"column":20}},"loc":{"start":{"line":141,"column":27},"end":{"line":141,"column":63}},"line":141},"11":{"name":"(anonymous_11)","decl":{"start":{"line":141,"column":39},"end":{"line":141,"column":40}},"loc":{"start":{"line":141,"column":44},"end":{"line":141,"column":62}},"line":141},"12":{"name":"(anonymous_12)","decl":{"start":{"line":151,"column":40},"end":{"line":151,"column":41}},"loc":{"start":{"line":151,"column":61},"end":{"line":156,"column":3}},"line":151},"13":{"name":"(anonymous_13)","decl":{"start":{"line":153,"column":24},"end":{"line":153,"column":25}},"loc":{"start":{"line":153,"column":29},"end":{"line":153,"column":47}},"line":153},"14":{"name":"(anonymous_14)","decl":{"start":{"line":159,"column":40},"end":{"line":159,"column":41}},"loc":{"start":{"line":159,"column":46},"end":{"line":161,"column":3}},"line":159},"15":{"name":"(anonymous_15)","decl":{"start":{"line":160,"column":26},"end":{"line":160,"column":27}},"loc":{"start":{"line":160,"column":31},"end":{"line":160,"column":43}},"line":160},"16":{"name":"(anonymous_16)","decl":{"start":{"line":164,"column":12},"end":{"line":164,"column":13}},"loc":{"start":{"line":164,"column":18},"end":{"line":188,"column":3}},"line":164},"17":{"name":"(anonymous_17)","decl":{"start":{"line":179,"column":8},"end":{"line":179,"column":9}},"loc":{"start":{"line":179,"column":14},"end":{"line":181,"column":9}},"line":179},"18":{"name":"(anonymous_18)","decl":{"start":{"line":185,"column":11},"end":{"line":185,"column":12}},"loc":{"start":{"line":185,"column":17},"end":{"line":187,"column":5}},"line":185},"19":{"name":"(anonymous_19)","decl":{"start":{"line":209,"column":28},"end":{"line":209,"column":29}},"loc":{"start":{"line":209,"column":34},"end":{"line":215,"column":1}},"line":209}},"branchMap":{"0":{"loc":{"start":{"line":14,"column":4},"end":{"line":14,"column":22}},"type":"if","locations":[{"start":{"line":14,"column":4},"end":{"line":14,"column":22}},{"start":{},"end":{}}],"line":14},"1":{"loc":{"start":{"line":25,"column":6},"end":{"line":25,"column":29}},"type":"if","locations":[{"start":{"line":25,"column":6},"end":{"line":25,"column":29}},{"start":{},"end":{}}],"line":25},"2":{"loc":{"start":{"line":26,"column":19},"end":{"line":26,"column":29}},"type":"binary-expr","locations":[{"start":{"line":26,"column":19},"end":{"line":26,"column":23}},{"start":{"line":26,"column":27},"end":{"line":26,"column":29}}],"line":26},"3":{"loc":{"start":{"line":36,"column":4},"end":{"line":36,"column":69}},"type":"if","locations":[{"start":{"line":36,"column":4},"end":{"line":36,"column":69}},{"start":{},"end":{}}],"line":36},"4":{"loc":{"start":{"line":38,"column":4},"end":{"line":40,"column":5}},"type":"if","locations":[{"start":{"line":38,"column":4},"end":{"line":40,"column":5}},{"start":{},"end":{}}],"line":38},"5":{"loc":{"start":{"line":38,"column":8},"end":{"line":38,"column":74}},"type":"binary-expr","locations":[{"start":{"line":38,"column":8},"end":{"line":38,"column":39}},{"start":{"line":38,"column":43},"end":{"line":38,"column":74}}],"line":38},"6":{"loc":{"start":{"line":44,"column":6},"end":{"line":49,"column":7}},"type":"if","locations":[{"start":{"line":44,"column":6},"end":{"line":49,"column":7}},{"start":{},"end":{}}],"line":44},"7":{"loc":{"start":{"line":59,"column":22},"end":{"line":59,"column":53}},"type":"binary-expr","locations":[{"start":{"line":59,"column":22},"end":{"line":59,"column":44}},{"start":{"line":59,"column":48},"end":{"line":59,"column":53}}],"line":59},"8":{"loc":{"start":{"line":64,"column":6},"end":{"line":64,"column":29}},"type":"if","locations":[{"start":{"line":64,"column":6},"end":{"line":64,"column":29}},{"start":{},"end":{}}],"line":64},"9":{"loc":{"start":{"line":69,"column":8},"end":{"line":71,"column":9}},"type":"if","locations":[{"start":{"line":69,"column":8},"end":{"line":71,"column":9}},{"start":{},"end":{}}],"line":69},"10":{"loc":{"start":{"line":70,"column":34},"end":{"line":70,"column":87}},"type":"cond-expr","locations":[{"start":{"line":70,"column":53},"end":{"line":70,"column":57}},{"start":{"line":70,"column":60},"end":{"line":70,"column":87}}],"line":70},"11":{"loc":{"start":{"line":84,"column":4},"end":{"line":84,"column":69}},"type":"if","locations":[{"start":{"line":84,"column":4},"end":{"line":84,"column":69}},{"start":{},"end":{}}],"line":84},"12":{"loc":{"start":{"line":88,"column":6},"end":{"line":94,"column":7}},"type":"if","locations":[{"start":{"line":88,"column":6},"end":{"line":94,"column":7}},{"start":{},"end":{}}],"line":88},"13":{"loc":{"start":{"line":103,"column":22},"end":{"line":103,"column":53}},"type":"binary-expr","locations":[{"start":{"line":103,"column":22},"end":{"line":103,"column":44}},{"start":{"line":103,"column":48},"end":{"line":103,"column":53}}],"line":103},"14":{"loc":{"start":{"line":110,"column":6},"end":{"line":110,"column":29}},"type":"if","locations":[{"start":{"line":110,"column":6},"end":{"line":110,"column":29}},{"start":{},"end":{}}],"line":110},"15":{"loc":{"start":{"line":114,"column":38},"end":{"line":114,"column":67}},"type":"cond-expr","locations":[{"start":{"line":114,"column":59},"end":{"line":114,"column":63}},{"start":{"line":114,"column":66},"end":{"line":114,"column":67}}],"line":114},"16":{"loc":{"start":{"line":115,"column":8},"end":{"line":117,"column":9}},"type":"if","locations":[{"start":{"line":115,"column":8},"end":{"line":117,"column":9}},{"start":{},"end":{}}],"line":115},"17":{"loc":{"start":{"line":116,"column":34},"end":{"line":116,"column":87}},"type":"cond-expr","locations":[{"start":{"line":116,"column":53},"end":{"line":116,"column":57}},{"start":{"line":116,"column":60},"end":{"line":116,"column":87}}],"line":116},"18":{"loc":{"start":{"line":130,"column":4},"end":{"line":130,"column":69}},"type":"if","locations":[{"start":{"line":130,"column":4},"end":{"line":130,"column":69}},{"start":{},"end":{}}],"line":130},"19":{"loc":{"start":{"line":138,"column":6},"end":{"line":138,"column":29}},"type":"if","locations":[{"start":{"line":138,"column":6},"end":{"line":138,"column":29}},{"start":{},"end":{}}],"line":138},"20":{"loc":{"start":{"line":160,"column":11},"end":{"line":160,"column":68}},"type":"binary-expr","locations":[{"start":{"line":160,"column":11},"end":{"line":160,"column":44}},{"start":{"line":160,"column":48},"end":{"line":160,"column":60}},{"start":{"line":160,"column":64},"end":{"line":160,"column":68}}],"line":160},"21":{"loc":{"start":{"line":165,"column":4},"end":{"line":165,"column":22}},"type":"if","locations":[{"start":{"line":165,"column":4},"end":{"line":165,"column":22}},{"start":{},"end":{}}],"line":165},"22":{"loc":{"start":{"line":211,"column":2},"end":{"line":213,"column":3}},"type":"if","locations":[{"start":{"line":211,"column":2},"end":{"line":213,"column":3}},{"start":{},"end":{}}],"line":211}},"s":{"0":1,"1":1,"2":20,"3":20,"4":20,"5":20,"6":7,"7":0,"8":7,"9":7,"10":7,"11":7,"12":1,"13":6,"14":1,"15":7,"16":20,"17":3,"18":1,"19":2,"20":0,"21":2,"22":2,"23":1,"24":2,"25":2,"26":0,"27":2,"28":2,"29":2,"30":1,"31":3,"32":1,"33":2,"34":0,"35":0,"36":20,"37":3,"38":1,"39":2,"40":2,"41":1,"42":2,"43":2,"44":0,"45":2,"46":2,"47":4,"48":2,"49":1,"50":2,"51":1,"52":2,"53":0,"54":0,"55":20,"56":2,"57":1,"58":1,"59":1,"60":1,"61":0,"62":1,"63":1,"64":3,"65":1,"66":0,"67":0,"68":20,"69":1,"70":2,"71":20,"72":4,"73":4,"74":20,"75":8,"76":1,"77":7,"78":7,"79":0,"80":7,"81":7,"82":20,"83":20,"84":1,"85":23,"86":22,"87":2,"88":20},"f":{"0":20,"1":7,"2":3,"3":2,"4":3,"5":3,"6":2,"7":4,"8":2,"9":2,"10":1,"11":3,"12":1,"13":2,"14":4,"15":4,"16":8,"17":0,"18":7,"19":23},"b":{"0":[0,7],"1":[1,6],"2":[6,0],"3":[1,2],"4":[0,2],"5":[2,2],"6":[1,1],"7":[2,1],"8":[0,2],"9":[1,1],"10":[1,2],"11":[1,2],"12":[1,1],"13":[2,1],"14":[0,2],"15":[2,2],"16":[1,1],"17":[1,1],"18":[1,1],"19":[0,1],"20":[4,1,1],"21":[1,7],"22":[2,20]},"_coverageSchema":"1a1c01bbd47fc00a2c39e90264f33305004495a9","hash":"d06acbc7ae3669cda7fa7a4304e88dfd76fcf994"}
,"C:\\Projects\\PetronSanPedroApp\\src\\context\\AuthContext.js": {"path":"C:\\Projects\\PetronSanPedroApp\\src\\context\\AuthContext.js","statementMap":{"0":{"start":{"line":7,"column":20},"end":{"line":7,"column":35}},"1":{"start":{"line":9,"column":28},"end":{"line":267,"column":1}},"2":{"start":{"line":10,"column":26},"end":{"line":10,"column":40}},"3":{"start":{"line":11,"column":32},"end":{"line":11,"column":46}},"4":{"start":{"line":12,"column":26},"end":{"line":12,"column":40}},"5":{"start":{"line":13,"column":32},"end":{"line":13,"column":46}},"6":{"start":{"line":14,"column":22},"end":{"line":14,"column":51}},"7":{"start":{"line":15,"column":28},"end":{"line":15,"column":40}},"8":{"start":{"line":17,"column":24},"end":{"line":17,"column":45}},"9":{"start":{"line":18,"column":36},"end":{"line":18,"column":41}},"10":{"start":{"line":19,"column":31},"end":{"line":19,"column":69}},"11":{"start":{"line":20,"column":33},"end":{"line":20,"column":73}},"12":{"start":{"line":22,"column":22},"end":{"line":33,"column":3}},"13":{"start":{"line":25,"column":27},"end":{"line":27,"column":6}},"14":{"start":{"line":26,"column":6},"end":{"line":26,"column":81}},"15":{"start":{"line":26,"column":35},"end":{"line":26,"column":68}},"16":{"start":{"line":29,"column":4},"end":{"line":32,"column":7}},"17":{"start":{"line":30,"column":30},"end":{"line":30,"column":53}},"18":{"start":{"line":35,"column":25},"end":{"line":39,"column":3}},"19":{"start":{"line":36,"column":4},"end":{"line":36,"column":18}},"20":{"start":{"line":37,"column":4},"end":{"line":37,"column":21}},"21":{"start":{"line":38,"column":4},"end":{"line":38,"column":18}},"22":{"start":{"line":41,"column":36},"end":{"line":54,"column":3}},"23":{"start":{"line":42,"column":4},"end":{"line":53,"column":5}},"24":{"start":{"line":43,"column":19},"end":{"line":43,"column":50}},"25":{"start":{"line":44,"column":23},"end":{"line":46,"column":7}},"26":{"start":{"line":45,"column":8},"end":{"line":45,"column":89}},"27":{"start":{"line":48,"column":6},"end":{"line":50,"column":7}},"28":{"start":{"line":49,"column":8},"end":{"line":49,"column":49}},"29":{"start":{"line":52,"column":6},"end":{"line":52,"column":76}},"30":{"start":{"line":56,"column":28},"end":{"line":62,"column":3}},"31":{"start":{"line":57,"column":22},"end":{"line":57,"column":69}},"32":{"start":{"line":58,"column":4},"end":{"line":60,"column":5}},"33":{"start":{"line":59,"column":6},"end":{"line":59,"column":36}},"34":{"start":{"line":61,"column":4},"end":{"line":61,"column":38}},"35":{"start":{"line":64,"column":40},"end":{"line":71,"column":3}},"36":{"start":{"line":65,"column":49},"end":{"line":68,"column":6}},"37":{"start":{"line":70,"column":4},"end":{"line":70,"column":64}},"38":{"start":{"line":73,"column":2},"end":{"line":102,"column":9}},"39":{"start":{"line":74,"column":4},"end":{"line":74,"column":16}},"40":{"start":{"line":76,"column":39},"end":{"line":99,"column":6}},"41":{"start":{"line":77,"column":6},"end":{"line":98,"column":7}},"42":{"start":{"line":78,"column":8},"end":{"line":94,"column":9}},"43":{"start":{"line":79,"column":10},"end":{"line":83,"column":11}},"44":{"start":{"line":80,"column":12},"end":{"line":80,"column":38}},"45":{"start":{"line":81,"column":12},"end":{"line":81,"column":29}},"46":{"start":{"line":82,"column":12},"end":{"line":82,"column":19}},"47":{"start":{"line":85,"column":10},"end":{"line":89,"column":12}},"48":{"start":{"line":93,"column":10},"end":{"line":93,"column":28}},"49":{"start":{"line":96,"column":8},"end":{"line":96,"column":25}},"50":{"start":{"line":97,"column":8},"end":{"line":97,"column":26}},"51":{"start":{"line":101,"column":4},"end":{"line":101,"column":44}},"52":{"start":{"line":101,"column":17},"end":{"line":101,"column":43}},"53":{"start":{"line":104,"column":2},"end":{"line":127,"column":9}},"54":{"start":{"line":105,"column":33},"end":{"line":120,"column":5}},"55":{"start":{"line":106,"column":24},"end":{"line":106,"column":43}},"56":{"start":{"line":108,"column":6},"end":{"line":110,"column":7}},"57":{"start":{"line":109,"column":8},"end":{"line":109,"column":47}},"58":{"start":{"line":112,"column":6},"end":{"line":117,"column":7}},"59":{"start":{"line":113,"column":31},"end":{"line":113,"column":56}},"60":{"start":{"line":114,"column":8},"end":{"line":114,"column":41}},"61":{"start":{"line":116,"column":8},"end":{"line":116,"column":20}},"62":{"start":{"line":119,"column":6},"end":{"line":119,"column":38}},"63":{"start":{"line":122,"column":25},"end":{"line":122,"column":82}},"64":{"start":{"line":124,"column":4},"end":{"line":126,"column":6}},"65":{"start":{"line":125,"column":6},"end":{"line":125,"column":28}},"66":{"start":{"line":129,"column":20},"end":{"line":168,"column":3}},"67":{"start":{"line":130,"column":4},"end":{"line":167,"column":5}},"68":{"start":{"line":131,"column":36},"end":{"line":135,"column":7}},"69":{"start":{"line":136,"column":6},"end":{"line":152,"column":7}},"70":{"start":{"line":137,"column":8},"end":{"line":142,"column":9}},"71":{"start":{"line":138,"column":10},"end":{"line":138,"column":36}},"72":{"start":{"line":139,"column":10},"end":{"line":139,"column":27}},"73":{"start":{"line":140,"column":10},"end":{"line":140,"column":28}},"74":{"start":{"line":141,"column":10},"end":{"line":141,"column":17}},"75":{"start":{"line":145,"column":8},"end":{"line":149,"column":10}},"76":{"start":{"line":151,"column":8},"end":{"line":151,"column":25}},"77":{"start":{"line":154,"column":6},"end":{"line":154,"column":46}},"78":{"start":{"line":155,"column":22},"end":{"line":155,"column":42}},"79":{"start":{"line":156,"column":6},"end":{"line":163,"column":7}},"80":{"start":{"line":157,"column":8},"end":{"line":157,"column":42}},"81":{"start":{"line":158,"column":8},"end":{"line":162,"column":9}},"82":{"start":{"line":159,"column":10},"end":{"line":159,"column":58}},"83":{"start":{"line":164,"column":6},"end":{"line":164,"column":23}},"84":{"start":{"line":166,"column":6},"end":{"line":166,"column":24}},"85":{"start":{"line":170,"column":27},"end":{"line":200,"column":3}},"86":{"start":{"line":171,"column":28},"end":{"line":175,"column":20}},"87":{"start":{"line":177,"column":4},"end":{"line":179,"column":5}},"88":{"start":{"line":178,"column":6},"end":{"line":178,"column":18}},"89":{"start":{"line":181,"column":4},"end":{"line":188,"column":5}},"90":{"start":{"line":182,"column":6},"end":{"line":185,"column":7}},"91":{"start":{"line":183,"column":8},"end":{"line":183,"column":81}},"92":{"start":{"line":183,"column":39},"end":{"line":183,"column":79}},"93":{"start":{"line":184,"column":8},"end":{"line":184,"column":51}},"94":{"start":{"line":187,"column":6},"end":{"line":187,"column":76}},"95":{"start":{"line":191,"column":4},"end":{"line":195,"column":5}},"96":{"start":{"line":192,"column":6},"end":{"line":192,"column":32}},"97":{"start":{"line":193,"column":6},"end":{"line":193,"column":23}},"98":{"start":{"line":194,"column":6},"end":{"line":194,"column":72}},"99":{"start":{"line":197,"column":4},"end":{"line":197,"column":18}},"100":{"start":{"line":198,"column":4},"end":{"line":198,"column":21}},"101":{"start":{"line":199,"column":4},"end":{"line":199,"column":23}},"102":{"start":{"line":202,"column":17},"end":{"line":236,"column":3}},"103":{"start":{"line":203,"column":28},"end":{"line":203,"column":54}},"104":{"start":{"line":206,"column":4},"end":{"line":209,"column":7}},"105":{"start":{"line":211,"column":28},"end":{"line":218,"column":5}},"106":{"start":{"line":219,"column":4},"end":{"line":219,"column":27}},"107":{"start":{"line":219,"column":15},"end":{"line":219,"column":27}},"108":{"start":{"line":221,"column":4},"end":{"line":235,"column":5}},"109":{"start":{"line":222,"column":6},"end":{"line":234,"column":7}},"110":{"start":{"line":223,"column":8},"end":{"line":227,"column":10}},"111":{"start":{"line":229,"column":24},"end":{"line":229,"column":51}},"112":{"start":{"line":230,"column":8},"end":{"line":232,"column":9}},"113":{"start":{"line":231,"column":10},"end":{"line":231,"column":80}},"114":{"start":{"line":233,"column":8},"end":{"line":233,"column":27}},"115":{"start":{"line":238,"column":18},"end":{"line":250,"column":3}},"116":{"start":{"line":240,"column":4},"end":{"line":247,"column":5}},"117":{"start":{"line":241,"column":6},"end":{"line":246,"column":7}},"118":{"start":{"line":242,"column":41},"end":{"line":242,"column":89}},"119":{"start":{"line":243,"column":8},"end":{"line":243,"column":67}},"120":{"start":{"line":245,"column":8},"end":{"line":245,"column":74}},"121":{"start":{"line":248,"column":4},"end":{"line":248,"column":30}},"122":{"start":{"line":249,"column":4},"end":{"line":249,"column":21}},"123":{"start":{"line":252,"column":2},"end":{"line":266,"column":4}},"124":{"start":{"line":269,"column":23},"end":{"line":269,"column":52}},"125":{"start":{"line":269,"column":29},"end":{"line":269,"column":52}}},"fnMap":{"0":{"name":"(anonymous_0)","decl":{"start":{"line":9,"column":28},"end":{"line":9,"column":29}},"loc":{"start":{"line":9,"column":46},"end":{"line":267,"column":1}},"line":9},"1":{"name":"(anonymous_1)","decl":{"start":{"line":22,"column":22},"end":{"line":22,"column":23}},"loc":{"start":{"line":22,"column":64},"end":{"line":33,"column":3}},"line":22},"2":{"name":"(anonymous_2)","decl":{"start":{"line":25,"column":39},"end":{"line":25,"column":40}},"loc":{"start":{"line":25,"column":54},"end":{"line":27,"column":5}},"line":25},"3":{"name":"(anonymous_3)","decl":{"start":{"line":26,"column":29},"end":{"line":26,"column":30}},"loc":{"start":{"line":26,"column":35},"end":{"line":26,"column":68}},"line":26},"4":{"name":"(anonymous_4)","decl":{"start":{"line":30,"column":24},"end":{"line":30,"column":25}},"loc":{"start":{"line":30,"column":30},"end":{"line":30,"column":53}},"line":30},"5":{"name":"(anonymous_5)","decl":{"start":{"line":35,"column":25},"end":{"line":35,"column":26}},"loc":{"start":{"line":35,"column":31},"end":{"line":39,"column":3}},"line":35},"6":{"name":"(anonymous_6)","decl":{"start":{"line":41,"column":36},"end":{"line":41,"column":37}},"loc":{"start":{"line":41,"column":48},"end":{"line":54,"column":3}},"line":41},"7":{"name":"(anonymous_7)","decl":{"start":{"line":44,"column":35},"end":{"line":44,"column":36}},"loc":{"start":{"line":45,"column":8},"end":{"line":45,"column":89}},"line":45},"8":{"name":"(anonymous_8)","decl":{"start":{"line":56,"column":28},"end":{"line":56,"column":29}},"loc":{"start":{"line":56,"column":40},"end":{"line":62,"column":3}},"line":56},"9":{"name":"(anonymous_9)","decl":{"start":{"line":64,"column":40},"end":{"line":64,"column":41}},"loc":{"start":{"line":64,"column":52},"end":{"line":71,"column":3}},"line":64},"10":{"name":"(anonymous_10)","decl":{"start":{"line":73,"column":12},"end":{"line":73,"column":13}},"loc":{"start":{"line":73,"column":18},"end":{"line":102,"column":3}},"line":73},"11":{"name":"(anonymous_11)","decl":{"start":{"line":76,"column":71},"end":{"line":76,"column":72}},"loc":{"start":{"line":76,"column":98},"end":{"line":99,"column":5}},"line":76},"12":{"name":"(anonymous_12)","decl":{"start":{"line":101,"column":11},"end":{"line":101,"column":12}},"loc":{"start":{"line":101,"column":17},"end":{"line":101,"column":43}},"line":101},"13":{"name":"(anonymous_13)","decl":{"start":{"line":104,"column":12},"end":{"line":104,"column":13}},"loc":{"start":{"line":104,"column":18},"end":{"line":127,"column":3}},"line":104},"14":{"name":"(anonymous_14)","decl":{"start":{"line":105,"column":33},"end":{"line":105,"column":34}},"loc":{"start":{"line":105,"column":54},"end":{"line":120,"column":5}},"line":105},"15":{"name":"(anonymous_15)","decl":{"start":{"line":124,"column":11},"end":{"line":124,"column":12}},"loc":{"start":{"line":124,"column":17},"end":{"line":126,"column":5}},"line":124},"16":{"name":"(anonymous_16)","decl":{"start":{"line":129,"column":20},"end":{"line":129,"column":21}},"loc":{"start":{"line":129,"column":32},"end":{"line":168,"column":3}},"line":129},"17":{"name":"(anonymous_17)","decl":{"start":{"line":170,"column":27},"end":{"line":170,"column":28}},"loc":{"start":{"line":170,"column":56},"end":{"line":200,"column":3}},"line":170},"18":{"name":"(anonymous_18)","decl":{"start":{"line":183,"column":26},"end":{"line":183,"column":27}},"loc":{"start":{"line":183,"column":39},"end":{"line":183,"column":79}},"line":183},"19":{"name":"(anonymous_19)","decl":{"start":{"line":202,"column":17},"end":{"line":202,"column":18}},"loc":{"start":{"line":202,"column":44},"end":{"line":236,"column":3}},"line":202},"20":{"name":"(anonymous_20)","decl":{"start":{"line":238,"column":18},"end":{"line":238,"column":19}},"loc":{"start":{"line":238,"column":30},"end":{"line":250,"column":3}},"line":238},"21":{"name":"(anonymous_21)","decl":{"start":{"line":269,"column":23},"end":{"line":269,"column":24}},"loc":{"start":{"line":269,"column":29},"end":{"line":269,"column":52}},"line":269}},"branchMap":{"0":{"loc":{"start":{"line":45,"column":8},"end":{"line":45,"column":89}},"type":"binary-expr","locations":[{"start":{"line":45,"column":8},"end":{"line":45,"column":32}},{"start":{"line":45,"column":36},"end":{"line":45,"column":55}},{"start":{"line":45,"column":59},"end":{"line":45,"column":89}}],"line":45},"1":{"loc":{"start":{"line":48,"column":6},"end":{"line":50,"column":7}},"type":"if","locations":[{"start":{"line":48,"column":6},"end":{"line":50,"column":7}},{"start":{},"end":{}}],"line":48},"2":{"loc":{"start":{"line":58,"column":4},"end":{"line":60,"column":5}},"type":"if","locations":[{"start":{"line":58,"column":4},"end":{"line":60,"column":5}},{"start":{},"end":{}}],"line":58},"3":{"loc":{"start":{"line":70,"column":11},"end":{"line":70,"column":63}},"type":"binary-expr","locations":[{"start":{"line":70,"column":11},"end":{"line":70,"column":34}},{"start":{"line":70,"column":38},"end":{"line":70,"column":63}}],"line":70},"4":{"loc":{"start":{"line":77,"column":6},"end":{"line":98,"column":7}},"type":"if","locations":[{"start":{"line":77,"column":6},"end":{"line":98,"column":7}},{"start":{"line":95,"column":13},"end":{"line":98,"column":7}}],"line":77},"5":{"loc":{"start":{"line":79,"column":10},"end":{"line":83,"column":11}},"type":"if","locations":[{"start":{"line":79,"column":10},"end":{"line":83,"column":11}},{"start":{},"end":{}}],"line":79},"6":{"loc":{"start":{"line":108,"column":6},"end":{"line":110,"column":7}},"type":"if","locations":[{"start":{"line":108,"column":6},"end":{"line":110,"column":7}},{"start":{},"end":{}}],"line":108},"7":{"loc":{"start":{"line":108,"column":10},"end":{"line":108,"column":92}},"type":"binary-expr","locations":[{"start":{"line":108,"column":10},"end":{"line":108,"column":32}},{"start":{"line":108,"column":37},"end":{"line":108,"column":61}},{"start":{"line":108,"column":65},"end":{"line":108,"column":91}}],"line":108},"8":{"loc":{"start":{"line":112,"column":6},"end":{"line":117,"column":7}},"type":"if","locations":[{"start":{"line":112,"column":6},"end":{"line":117,"column":7}},{"start":{},"end":{}}],"line":112},"9":{"loc":{"start":{"line":112,"column":10},"end":{"line":112,"column":92}},"type":"binary-expr","locations":[{"start":{"line":112,"column":11},"end":{"line":112,"column":35}},{"start":{"line":112,"column":39},"end":{"line":112,"column":65}},{"start":{"line":112,"column":70},"end":{"line":112,"column":92}}],"line":112},"10":{"loc":{"start":{"line":136,"column":6},"end":{"line":152,"column":7}},"type":"if","locations":[{"start":{"line":136,"column":6},"end":{"line":152,"column":7}},{"start":{"line":150,"column":13},"end":{"line":152,"column":7}}],"line":136},"11":{"loc":{"start":{"line":137,"column":8},"end":{"line":142,"column":9}},"type":"if","locations":[{"start":{"line":137,"column":8},"end":{"line":142,"column":9}},{"start":{},"end":{}}],"line":137},"12":{"loc":{"start":{"line":155,"column":22},"end":{"line":155,"column":42}},"type":"binary-expr","locations":[{"start":{"line":155,"column":22},"end":{"line":155,"column":36}},{"start":{"line":155,"column":40},"end":{"line":155,"column":42}}],"line":155},"13":{"loc":{"start":{"line":156,"column":6},"end":{"line":163,"column":7}},"type":"if","locations":[{"start":{"line":156,"column":6},"end":{"line":163,"column":7}},{"start":{},"end":{}}],"line":156},"14":{"loc":{"start":{"line":156,"column":10},"end":{"line":156,"column":126}},"type":"binary-expr","locations":[{"start":{"line":156,"column":10},"end":{"line":156,"column":65}},{"start":{"line":156,"column":69},"end":{"line":156,"column":126}}],"line":156},"15":{"loc":{"start":{"line":170,"column":40},"end":{"line":170,"column":51}},"type":"default-arg","locations":[{"start":{"line":170,"column":50},"end":{"line":170,"column":51}}],"line":170},"16":{"loc":{"start":{"line":177,"column":4},"end":{"line":179,"column":5}},"type":"if","locations":[{"start":{"line":177,"column":4},"end":{"line":179,"column":5}},{"start":{},"end":{}}],"line":177},"17":{"loc":{"start":{"line":181,"column":4},"end":{"line":188,"column":5}},"type":"if","locations":[{"start":{"line":181,"column":4},"end":{"line":188,"column":5}},{"start":{},"end":{}}],"line":181},"18":{"loc":{"start":{"line":182,"column":6},"end":{"line":185,"column":7}},"type":"if","locations":[{"start":{"line":182,"column":6},"end":{"line":185,"column":7}},{"start":{},"end":{}}],"line":182},"19":{"loc":{"start":{"line":191,"column":4},"end":{"line":195,"column":5}},"type":"if","locations":[{"start":{"line":191,"column":4},"end":{"line":195,"column":5}},{"start":{},"end":{}}],"line":191},"20":{"loc":{"start":{"line":219,"column":4},"end":{"line":219,"column":27}},"type":"if","locations":[{"start":{"line":219,"column":4},"end":{"line":219,"column":27}},{"start":{},"end":{}}],"line":219},"21":{"loc":{"start":{"line":221,"column":4},"end":{"line":235,"column":5}},"type":"if","locations":[{"start":{"line":221,"column":4},"end":{"line":235,"column":5}},{"start":{},"end":{}}],"line":221},"22":{"loc":{"start":{"line":229,"column":24},"end":{"line":229,"column":51}},"type":"binary-expr","locations":[{"start":{"line":229,"column":24},"end":{"line":229,"column":45}},{"start":{"line":229,"column":49},"end":{"line":229,"column":51}}],"line":229},"23":{"loc":{"start":{"line":230,"column":8},"end":{"line":232,"column":9}},"type":"if","locations":[{"start":{"line":230,"column":8},"end":{"line":232,"column":9}},{"start":{},"end":{}}],"line":230},"24":{"loc":{"start":{"line":240,"column":4},"end":{"line":247,"column":5}},"type":"if","locations":[{"start":{"line":240,"column":4},"end":{"line":247,"column":5}},{"start":{},"end":{}}],"line":240},"25":{"loc":{"start":{"line":240,"column":8},"end":{"line":240,"column":36}},"type":"binary-expr","locations":[{"start":{"line":240,"column":8},"end":{"line":240,"column":24}},{"start":{"line":240,"column":28},"end":{"line":240,"column":36}}],"line":240}},"s":{"0":2,"1":2,"2":32,"3":32,"4":32,"5":32,"6":32,"7":32,"8":32,"9":32,"10":32,"11":32,"12":32,"13":30,"14":30,"15":1,"16":30,"17":26,"18":32,"19":16,"20":16,"21":16,"22":32,"23":0,"24":0,"25":0,"26":0,"27":0,"28":0,"29":0,"30":32,"31":0,"32":0,"33":0,"34":0,"35":32,"36":8,"37":8,"38":32,"39":15,"40":15,"41":1,"42":1,"43":1,"44":0,"45":0,"46":0,"47":1,"48":1,"49":0,"50":0,"51":15,"52":15,"53":32,"54":15,"55":2,"56":2,"57":1,"58":2,"59":1,"60":1,"61":1,"62":2,"63":15,"64":15,"65":15,"66":32,"67":16,"68":16,"69":15,"70":7,"71":0,"72":0,"73":0,"74":0,"75":7,"76":8,"77":8,"78":8,"79":8,"80":0,"81":0,"82":0,"83":8,"84":16,"85":32,"86":9,"87":0,"88":0,"89":0,"90":0,"91":0,"92":0,"93":0,"94":0,"95":0,"96":0,"97":0,"98":0,"99":0,"100":0,"101":0,"102":32,"103":5,"104":5,"105":5,"106":2,"107":1,"108":1,"109":1,"110":1,"111":1,"112":1,"113":0,"114":1,"115":32,"116":0,"117":0,"118":0,"119":0,"120":0,"121":0,"122":0,"123":32,"124":2,"125":30},"f":{"0":32,"1":30,"2":30,"3":1,"4":26,"5":16,"6":0,"7":0,"8":0,"9":8,"10":15,"11":1,"12":15,"13":15,"14":2,"15":15,"16":16,"17":9,"18":0,"19":5,"20":0,"21":30},"b":{"0":[0,0,0],"1":[0,0],"2":[0,0],"3":[8,8],"4":[1,0],"5":[0,1],"6":[1,1],"7":[2,1,1],"8":[1,1],"9":[2,2,1],"10":[7,8],"11":[0,7],"12":[8,0],"13":[0,8],"14":[8,8],"15":[9],"16":[0,0],"17":[0,0],"18":[0,0],"19":[0,0],"20":[1,1],"21":[1,0],"22":[1,0],"23":[0,1],"24":[0,0],"25":[0,0]},"_coverageSchema":"1a1c01bbd47fc00a2c39e90264f33305004495a9","hash":"737a86136933f1869cad51cd23b0ee9a68b457e6"}
,"C:\\Projects\\PetronSanPedroApp\\src\\context\\CartContext.js": {"path":"C:\\Projects\\PetronSanPedroApp\\src\\context\\CartContext.js","statementMap":{"0":{"start":{"line":5,"column":20},"end":{"line":5,"column":35}},"1":{"start":{"line":6,"column":25},"end":{"line":6,"column":44}},"2":{"start":{"line":8,"column":28},"end":{"line":188,"column":1}},"3":{"start":{"line":9,"column":36},"end":{"line":9,"column":48}},"4":{"start":{"line":11,"column":2},"end":{"line":27,"column":9}},"5":{"start":{"line":12,"column":26},"end":{"line":24,"column":5}},"6":{"start":{"line":13,"column":6},"end":{"line":23,"column":7}},"7":{"start":{"line":14,"column":20},"end":{"line":14,"column":64}},"8":{"start":{"line":15,"column":8},"end":{"line":15,"column":25}},"9":{"start":{"line":15,"column":18},"end":{"line":15,"column":25}},"10":{"start":{"line":17,"column":23},"end":{"line":17,"column":38}},"11":{"start":{"line":18,"column":8},"end":{"line":20,"column":9}},"12":{"start":{"line":19,"column":10},"end":{"line":19,"column":31}},"13":{"start":{"line":22,"column":8},"end":{"line":22,"column":89}},"14":{"start":{"line":26,"column":4},"end":{"line":26,"column":20}},"15":{"start":{"line":29,"column":2},"end":{"line":39,"column":18}},"16":{"start":{"line":30,"column":29},"end":{"line":36,"column":5}},"17":{"start":{"line":31,"column":6},"end":{"line":35,"column":7}},"18":{"start":{"line":32,"column":8},"end":{"line":32,"column":80}},"19":{"start":{"line":34,"column":8},"end":{"line":34,"column":79}},"20":{"start":{"line":38,"column":4},"end":{"line":38,"column":23}},"21":{"start":{"line":42,"column":34},"end":{"line":44,"column":8}},"22":{"start":{"line":43,"column":4},"end":{"line":43,"column":69}},"23":{"start":{"line":47,"column":20},"end":{"line":100,"column":31}},"24":{"start":{"line":49,"column":4},"end":{"line":52,"column":5}},"25":{"start":{"line":50,"column":6},"end":{"line":50,"column":57}},"26":{"start":{"line":51,"column":6},"end":{"line":51,"column":13}},"27":{"start":{"line":55,"column":4},"end":{"line":58,"column":5}},"28":{"start":{"line":56,"column":6},"end":{"line":56,"column":41}},"29":{"start":{"line":57,"column":6},"end":{"line":57,"column":13}},"30":{"start":{"line":60,"column":4},"end":{"line":99,"column":7}},"31":{"start":{"line":62,"column":32},"end":{"line":62,"column":85}},"32":{"start":{"line":62,"column":62},"end":{"line":62,"column":84}},"33":{"start":{"line":64,"column":6},"end":{"line":98,"column":7}},"34":{"start":{"line":66,"column":29},"end":{"line":66,"column":57}},"35":{"start":{"line":67,"column":28},"end":{"line":67,"column":60}},"36":{"start":{"line":70,"column":8},"end":{"line":73,"column":9}},"37":{"start":{"line":71,"column":10},"end":{"line":71,"column":63}},"38":{"start":{"line":72,"column":10},"end":{"line":72,"column":27}},"39":{"start":{"line":75,"column":30},"end":{"line":75,"column":75}},"40":{"start":{"line":77,"column":8},"end":{"line":87,"column":10}},"41":{"start":{"line":78,"column":10},"end":{"line":86,"column":18}},"42":{"start":{"line":90,"column":30},"end":{"line":90,"column":72}},"43":{"start":{"line":91,"column":8},"end":{"line":97,"column":11}},"44":{"start":{"line":103,"column":25},"end":{"line":129,"column":31}},"45":{"start":{"line":104,"column":4},"end":{"line":108,"column":5}},"46":{"start":{"line":106,"column":6},"end":{"line":106,"column":32}},"47":{"start":{"line":107,"column":6},"end":{"line":107,"column":13}},"48":{"start":{"line":110,"column":4},"end":{"line":128,"column":7}},"49":{"start":{"line":111,"column":6},"end":{"line":127,"column":9}},"50":{"start":{"line":112,"column":8},"end":{"line":125,"column":9}},"51":{"start":{"line":114,"column":10},"end":{"line":117,"column":11}},"52":{"start":{"line":115,"column":12},"end":{"line":115,"column":70}},"53":{"start":{"line":116,"column":12},"end":{"line":116,"column":24}},"54":{"start":{"line":119,"column":32},"end":{"line":119,"column":74}},"55":{"start":{"line":120,"column":10},"end":{"line":124,"column":12}},"56":{"start":{"line":126,"column":8},"end":{"line":126,"column":20}},"57":{"start":{"line":132,"column":25},"end":{"line":134,"column":8}},"58":{"start":{"line":133,"column":4},"end":{"line":133,"column":83}},"59":{"start":{"line":133,"column":32},"end":{"line":133,"column":81}},"60":{"start":{"line":133,"column":59},"end":{"line":133,"column":80}},"61":{"start":{"line":137,"column":20},"end":{"line":139,"column":8}},"62":{"start":{"line":138,"column":4},"end":{"line":138,"column":21}},"63":{"start":{"line":142,"column":23},"end":{"line":144,"column":17}},"64":{"start":{"line":143,"column":4},"end":{"line":143,"column":71}},"65":{"start":{"line":143,"column":45},"end":{"line":143,"column":66}},"66":{"start":{"line":147,"column":23},"end":{"line":149,"column":17}},"67":{"start":{"line":148,"column":4},"end":{"line":148,"column":77}},"68":{"start":{"line":148,"column":45},"end":{"line":148,"column":72}},"69":{"start":{"line":152,"column":19},"end":{"line":154,"column":17}},"70":{"start":{"line":153,"column":4},"end":{"line":153,"column":57}},"71":{"start":{"line":153,"column":34},"end":{"line":153,"column":55}},"72":{"start":{"line":157,"column":26},"end":{"line":160,"column":17}},"73":{"start":{"line":158,"column":17},"end":{"line":158,"column":62}},"74":{"start":{"line":158,"column":40},"end":{"line":158,"column":61}},"75":{"start":{"line":159,"column":4},"end":{"line":159,"column":36}},"76":{"start":{"line":163,"column":22},"end":{"line":168,"column":18}},"77":{"start":{"line":163,"column":37},"end":{"line":168,"column":3}},"78":{"start":{"line":165,"column":51},"end":{"line":165,"column":70}},"79":{"start":{"line":166,"column":46},"end":{"line":166,"column":71}},"80":{"start":{"line":170,"column":2},"end":{"line":187,"column":4}},"81":{"start":{"line":190,"column":23},"end":{"line":196,"column":1}},"82":{"start":{"line":191,"column":18},"end":{"line":191,"column":41}},"83":{"start":{"line":192,"column":2},"end":{"line":194,"column":3}},"84":{"start":{"line":193,"column":4},"end":{"line":193,"column":66}},"85":{"start":{"line":195,"column":2},"end":{"line":195,"column":17}}},"fnMap":{"0":{"name":"(anonymous_0)","decl":{"start":{"line":8,"column":28},"end":{"line":8,"column":29}},"loc":{"start":{"line":8,"column":46},"end":{"line":188,"column":1}},"line":8},"1":{"name":"(anonymous_1)","decl":{"start":{"line":11,"column":12},"end":{"line":11,"column":13}},"loc":{"start":{"line":11,"column":18},"end":{"line":27,"column":3}},"line":11},"2":{"name":"(anonymous_2)","decl":{"start":{"line":12,"column":26},"end":{"line":12,"column":27}},"loc":{"start":{"line":12,"column":38},"end":{"line":24,"column":5}},"line":12},"3":{"name":"(anonymous_3)","decl":{"start":{"line":29,"column":12},"end":{"line":29,"column":13}},"loc":{"start":{"line":29,"column":18},"end":{"line":39,"column":3}},"line":29},"4":{"name":"(anonymous_4)","decl":{"start":{"line":30,"column":29},"end":{"line":30,"column":30}},"loc":{"start":{"line":30,"column":41},"end":{"line":36,"column":5}},"line":30},"5":{"name":"(anonymous_5)","decl":{"start":{"line":42,"column":46},"end":{"line":42,"column":47}},"loc":{"start":{"line":42,"column":69},"end":{"line":44,"column":3}},"line":42},"6":{"name":"(anonymous_6)","decl":{"start":{"line":47,"column":32},"end":{"line":47,"column":33}},"loc":{"start":{"line":47,"column":55},"end":{"line":100,"column":3}},"line":47},"7":{"name":"(anonymous_7)","decl":{"start":{"line":60,"column":17},"end":{"line":60,"column":18}},"loc":{"start":{"line":60,"column":32},"end":{"line":99,"column":5}},"line":60},"8":{"name":"(anonymous_8)","decl":{"start":{"line":62,"column":52},"end":{"line":62,"column":53}},"loc":{"start":{"line":62,"column":62},"end":{"line":62,"column":84}},"line":62},"9":{"name":"(anonymous_9)","decl":{"start":{"line":77,"column":29},"end":{"line":77,"column":30}},"loc":{"start":{"line":78,"column":10},"end":{"line":86,"column":18}},"line":78},"10":{"name":"(anonymous_10)","decl":{"start":{"line":103,"column":37},"end":{"line":103,"column":38}},"loc":{"start":{"line":103,"column":65},"end":{"line":129,"column":3}},"line":103},"11":{"name":"(anonymous_11)","decl":{"start":{"line":110,"column":17},"end":{"line":110,"column":18}},"loc":{"start":{"line":110,"column":32},"end":{"line":128,"column":5}},"line":110},"12":{"name":"(anonymous_12)","decl":{"start":{"line":111,"column":27},"end":{"line":111,"column":28}},"loc":{"start":{"line":111,"column":37},"end":{"line":127,"column":7}},"line":111},"13":{"name":"(anonymous_13)","decl":{"start":{"line":132,"column":37},"end":{"line":132,"column":38}},"loc":{"start":{"line":132,"column":52},"end":{"line":134,"column":3}},"line":132},"14":{"name":"(anonymous_14)","decl":{"start":{"line":133,"column":17},"end":{"line":133,"column":18}},"loc":{"start":{"line":133,"column":32},"end":{"line":133,"column":81}},"line":133},"15":{"name":"(anonymous_15)","decl":{"start":{"line":133,"column":49},"end":{"line":133,"column":50}},"loc":{"start":{"line":133,"column":59},"end":{"line":133,"column":80}},"line":133},"16":{"name":"(anonymous_16)","decl":{"start":{"line":137,"column":32},"end":{"line":137,"column":33}},"loc":{"start":{"line":137,"column":38},"end":{"line":139,"column":3}},"line":137},"17":{"name":"(anonymous_17)","decl":{"start":{"line":142,"column":35},"end":{"line":142,"column":36}},"loc":{"start":{"line":142,"column":41},"end":{"line":144,"column":3}},"line":142},"18":{"name":"(anonymous_18)","decl":{"start":{"line":143,"column":28},"end":{"line":143,"column":29}},"loc":{"start":{"line":143,"column":45},"end":{"line":143,"column":66}},"line":143},"19":{"name":"(anonymous_19)","decl":{"start":{"line":147,"column":35},"end":{"line":147,"column":36}},"loc":{"start":{"line":147,"column":41},"end":{"line":149,"column":3}},"line":147},"20":{"name":"(anonymous_20)","decl":{"start":{"line":148,"column":28},"end":{"line":148,"column":29}},"loc":{"start":{"line":148,"column":45},"end":{"line":148,"column":72}},"line":148},"21":{"name":"(anonymous_21)","decl":{"start":{"line":152,"column":31},"end":{"line":152,"column":32}},"loc":{"start":{"line":152,"column":46},"end":{"line":154,"column":3}},"line":152},"22":{"name":"(anonymous_22)","decl":{"start":{"line":153,"column":26},"end":{"line":153,"column":27}},"loc":{"start":{"line":153,"column":34},"end":{"line":153,"column":55}},"line":153},"23":{"name":"(anonymous_23)","decl":{"start":{"line":157,"column":38},"end":{"line":157,"column":39}},"loc":{"start":{"line":157,"column":53},"end":{"line":160,"column":3}},"line":157},"24":{"name":"(anonymous_24)","decl":{"start":{"line":158,"column":32},"end":{"line":158,"column":33}},"loc":{"start":{"line":158,"column":40},"end":{"line":158,"column":61}},"line":158},"25":{"name":"(anonymous_25)","decl":{"start":{"line":163,"column":30},"end":{"line":163,"column":31}},"loc":{"start":{"line":163,"column":37},"end":{"line":168,"column":3}},"line":163},"26":{"name":"(anonymous_26)","decl":{"start":{"line":165,"column":36},"end":{"line":165,"column":37}},"loc":{"start":{"line":165,"column":51},"end":{"line":165,"column":70}},"line":165},"27":{"name":"(anonymous_27)","decl":{"start":{"line":166,"column":31},"end":{"line":166,"column":32}},"loc":{"start":{"line":166,"column":46},"end":{"line":166,"column":71}},"line":166},"28":{"name":"(anonymous_28)","decl":{"start":{"line":190,"column":23},"end":{"line":190,"column":24}},"loc":{"start":{"line":190,"column":29},"end":{"line":196,"column":1}},"line":190}},"branchMap":{"0":{"loc":{"start":{"line":15,"column":8},"end":{"line":15,"column":25}},"type":"if","locations":[{"start":{"line":15,"column":8},"end":{"line":15,"column":25}},{"start":{},"end":{}}],"line":15},"1":{"loc":{"start":{"line":18,"column":8},"end":{"line":20,"column":9}},"type":"if","locations":[{"start":{"line":18,"column":8},"end":{"line":20,"column":9}},{"start":{},"end":{}}],"line":18},"2":{"loc":{"start":{"line":22,"column":64},"end":{"line":22,"column":87}},"type":"binary-expr","locations":[{"start":{"line":22,"column":64},"end":{"line":22,"column":78}},{"start":{"line":22,"column":82},"end":{"line":22,"column":87}}],"line":22},"3":{"loc":{"start":{"line":34,"column":54},"end":{"line":34,"column":77}},"type":"binary-expr","locations":[{"start":{"line":34,"column":54},"end":{"line":34,"column":68}},{"start":{"line":34,"column":72},"end":{"line":34,"column":77}}],"line":34},"4":{"loc":{"start":{"line":49,"column":4},"end":{"line":52,"column":5}},"type":"if","locations":[{"start":{"line":49,"column":4},"end":{"line":52,"column":5}},{"start":{},"end":{}}],"line":49},"5":{"loc":{"start":{"line":55,"column":4},"end":{"line":58,"column":5}},"type":"if","locations":[{"start":{"line":55,"column":4},"end":{"line":58,"column":5}},{"start":{},"end":{}}],"line":55},"6":{"loc":{"start":{"line":55,"column":8},"end":{"line":55,"column":81}},"type":"binary-expr","locations":[{"start":{"line":55,"column":8},"end":{"line":55,"column":44}},{"start":{"line":55,"column":48},"end":{"line":55,"column":81}}],"line":55},"7":{"loc":{"start":{"line":64,"column":6},"end":{"line":98,"column":7}},"type":"if","locations":[{"start":{"line":64,"column":6},"end":{"line":98,"column":7}},{"start":{"line":88,"column":13},"end":{"line":98,"column":7}}],"line":64},"8":{"loc":{"start":{"line":70,"column":8},"end":{"line":73,"column":9}},"type":"if","locations":[{"start":{"line":70,"column":8},"end":{"line":73,"column":9}},{"start":{},"end":{}}],"line":70},"9":{"loc":{"start":{"line":70,"column":12},"end":{"line":70,"column":88}},"type":"binary-expr","locations":[{"start":{"line":70,"column":12},"end":{"line":70,"column":48}},{"start":{"line":70,"column":52},"end":{"line":70,"column":88}}],"line":70},"10":{"loc":{"start":{"line":78,"column":10},"end":{"line":86,"column":18}},"type":"cond-expr","locations":[{"start":{"line":79,"column":14},"end":{"line":85,"column":15}},{"start":{"line":86,"column":14},"end":{"line":86,"column":18}}],"line":78},"11":{"loc":{"start":{"line":104,"column":4},"end":{"line":108,"column":5}},"type":"if","locations":[{"start":{"line":104,"column":4},"end":{"line":108,"column":5}},{"start":{},"end":{}}],"line":104},"12":{"loc":{"start":{"line":112,"column":8},"end":{"line":125,"column":9}},"type":"if","locations":[{"start":{"line":112,"column":8},"end":{"line":125,"column":9}},{"start":{},"end":{}}],"line":112},"13":{"loc":{"start":{"line":114,"column":10},"end":{"line":117,"column":11}},"type":"if","locations":[{"start":{"line":114,"column":10},"end":{"line":117,"column":11}},{"start":{},"end":{}}],"line":114},"14":{"loc":{"start":{"line":114,"column":14},"end":{"line":114,"column":84}},"type":"binary-expr","locations":[{"start":{"line":114,"column":14},"end":{"line":114,"column":47}},{"start":{"line":114,"column":51},"end":{"line":114,"column":84}}],"line":114},"15":{"loc":{"start":{"line":159,"column":11},"end":{"line":159,"column":35}},"type":"cond-expr","locations":[{"start":{"line":159,"column":18},"end":{"line":159,"column":31}},{"start":{"line":159,"column":34},"end":{"line":159,"column":35}}],"line":159},"16":{"loc":{"start":{"line":192,"column":2},"end":{"line":194,"column":3}},"type":"if","locations":[{"start":{"line":192,"column":2},"end":{"line":194,"column":3}},{"start":{},"end":{}}],"line":192}},"s":{"0":1,"1":1,"2":1,"3":27,"4":27,"5":8,"6":8,"7":8,"8":8,"9":1,"10":7,"11":7,"12":7,"13":0,"14":8,"15":27,"16":27,"17":27,"18":27,"19":0,"20":27,"21":27,"22":10,"23":27,"24":12,"25":1,"26":1,"27":11,"28":1,"29":1,"30":10,"31":10,"32":3,"33":10,"34":2,"35":2,"36":2,"37":1,"38":1,"39":1,"40":1,"41":1,"42":8,"43":8,"44":27,"45":3,"46":1,"47":1,"48":2,"49":2,"50":2,"51":2,"52":1,"53":1,"54":1,"55":1,"56":0,"57":27,"58":2,"59":2,"60":2,"61":27,"62":1,"63":27,"64":2,"65":1,"66":27,"67":4,"68":3,"69":27,"70":2,"71":2,"72":27,"73":6,"74":6,"75":6,"76":27,"77":27,"78":17,"79":17,"80":27,"81":1,"82":30,"83":29,"84":2,"85":27},"f":{"0":27,"1":8,"2":8,"3":27,"4":27,"5":10,"6":12,"7":10,"8":3,"9":1,"10":3,"11":2,"12":2,"13":2,"14":2,"15":2,"16":1,"17":2,"18":1,"19":4,"20":3,"21":2,"22":2,"23":6,"24":6,"25":27,"26":17,"27":17,"28":30},"b":{"0":[1,7],"1":[7,0],"2":[0,0],"3":[0,0],"4":[1,11],"5":[1,10],"6":[11,11],"7":[2,8],"8":[1,1],"9":[2,2],"10":[1,0],"11":[1,2],"12":[2,0],"13":[1,1],"14":[2,2],"15":[5,1],"16":[2,27]},"_coverageSchema":"1a1c01bbd47fc00a2c39e90264f33305004495a9","hash":"458d43ddc7949e8775aa88a48b0a264c908a9110"}
,"C:\\Projects\\PetronSanPedroApp\\src\\context\\DeliveryProofContext.js": {"path":"C:\\Projects\\PetronSanPedroApp\\src\\context\\DeliveryProofContext.js","statementMap":{"0":{"start":{"line":7,"column":29},"end":{"line":7,"column":48}},"1":{"start":{"line":9,"column":37},"end":{"line":171,"column":1}},"2":{"start":{"line":10,"column":19},"end":{"line":10,"column":28}},"3":{"start":{"line":11,"column":36},"end":{"line":11,"column":51}},"4":{"start":{"line":14,"column":27},"end":{"line":53,"column":12}},"5":{"start":{"line":15,"column":4},"end":{"line":15,"column":69}},"6":{"start":{"line":15,"column":15},"end":{"line":15,"column":69}},"7":{"start":{"line":17,"column":4},"end":{"line":52,"column":5}},"8":{"start":{"line":18,"column":6},"end":{"line":18,"column":25}},"9":{"start":{"line":21,"column":23},"end":{"line":21,"column":37}},"10":{"start":{"line":22,"column":24},"end":{"line":22,"column":67}},"11":{"start":{"line":25,"column":23},"end":{"line":25,"column":81}},"12":{"start":{"line":28,"column":21},"end":{"line":28,"column":106}},"13":{"start":{"line":29,"column":21},"end":{"line":29,"column":35}},"14":{"start":{"line":32,"column":55},"end":{"line":37,"column":10}},"15":{"start":{"line":39,"column":6},"end":{"line":39,"column":41}},"16":{"start":{"line":39,"column":23},"end":{"line":39,"column":41}},"17":{"start":{"line":42,"column":38},"end":{"line":44,"column":31}},"18":{"start":{"line":46,"column":6},"end":{"line":46,"column":52}},"19":{"start":{"line":48,"column":6},"end":{"line":48,"column":67}},"20":{"start":{"line":49,"column":6},"end":{"line":49,"column":54}},"21":{"start":{"line":51,"column":6},"end":{"line":51,"column":26}},"22":{"start":{"line":56,"column":28},"end":{"line":106,"column":12}},"23":{"start":{"line":57,"column":4},"end":{"line":57,"column":69}},"24":{"start":{"line":57,"column":15},"end":{"line":57,"column":69}},"25":{"start":{"line":59,"column":4},"end":{"line":105,"column":5}},"26":{"start":{"line":61,"column":58},"end":{"line":65,"column":17}},"27":{"start":{"line":67,"column":52},"end":{"line":71,"column":17}},"28":{"start":{"line":73,"column":6},"end":{"line":77,"column":9}},"29":{"start":{"line":79,"column":6},"end":{"line":81,"column":7}},"30":{"start":{"line":80,"column":8},"end":{"line":80,"column":81}},"31":{"start":{"line":82,"column":6},"end":{"line":84,"column":7}},"32":{"start":{"line":83,"column":8},"end":{"line":83,"column":75}},"33":{"start":{"line":86,"column":30},"end":{"line":97,"column":17}},"34":{"start":{"line":99,"column":6},"end":{"line":99,"column":29}},"35":{"start":{"line":99,"column":17},"end":{"line":99,"column":29}},"36":{"start":{"line":101,"column":6},"end":{"line":101,"column":37}},"37":{"start":{"line":103,"column":6},"end":{"line":103,"column":67}},"38":{"start":{"line":104,"column":6},"end":{"line":104,"column":54}},"39":{"start":{"line":109,"column":31},"end":{"line":130,"column":8}},"40":{"start":{"line":110,"column":4},"end":{"line":129,"column":5}},"41":{"start":{"line":111,"column":30},"end":{"line":115,"column":17}},"42":{"start":{"line":117,"column":6},"end":{"line":123,"column":7}},"43":{"start":{"line":119,"column":8},"end":{"line":121,"column":9}},"44":{"start":{"line":120,"column":10},"end":{"line":120,"column":22}},"45":{"start":{"line":122,"column":8},"end":{"line":122,"column":20}},"46":{"start":{"line":125,"column":6},"end":{"line":125,"column":18}},"47":{"start":{"line":127,"column":6},"end":{"line":127,"column":69}},"48":{"start":{"line":128,"column":6},"end":{"line":128,"column":18}},"49":{"start":{"line":133,"column":30},"end":{"line":156,"column":12}},"50":{"start":{"line":134,"column":4},"end":{"line":134,"column":69}},"51":{"start":{"line":134,"column":15},"end":{"line":134,"column":69}},"52":{"start":{"line":136,"column":4},"end":{"line":155,"column":5}},"53":{"start":{"line":137,"column":30},"end":{"line":147,"column":17}},"54":{"start":{"line":149,"column":6},"end":{"line":149,"column":29}},"55":{"start":{"line":149,"column":17},"end":{"line":149,"column":29}},"56":{"start":{"line":151,"column":6},"end":{"line":151,"column":37}},"57":{"start":{"line":153,"column":6},"end":{"line":153,"column":69}},"58":{"start":{"line":154,"column":6},"end":{"line":154,"column":54}},"59":{"start":{"line":158,"column":16},"end":{"line":164,"column":3}},"60":{"start":{"line":166,"column":2},"end":{"line":170,"column":4}},"61":{"start":{"line":174,"column":32},"end":{"line":180,"column":1}},"62":{"start":{"line":175,"column":18},"end":{"line":175,"column":50}},"63":{"start":{"line":176,"column":2},"end":{"line":178,"column":3}},"64":{"start":{"line":177,"column":4},"end":{"line":177,"column":84}},"65":{"start":{"line":179,"column":2},"end":{"line":179,"column":17}}},"fnMap":{"0":{"name":"(anonymous_0)","decl":{"start":{"line":9,"column":37},"end":{"line":9,"column":38}},"loc":{"start":{"line":9,"column":55},"end":{"line":171,"column":1}},"line":9},"1":{"name":"(anonymous_1)","decl":{"start":{"line":14,"column":39},"end":{"line":14,"column":40}},"loc":{"start":{"line":14,"column":66},"end":{"line":53,"column":3}},"line":14},"2":{"name":"(anonymous_2)","decl":{"start":{"line":56,"column":40},"end":{"line":56,"column":41}},"loc":{"start":{"line":56,"column":61},"end":{"line":106,"column":3}},"line":56},"3":{"name":"(anonymous_3)","decl":{"start":{"line":109,"column":43},"end":{"line":109,"column":44}},"loc":{"start":{"line":109,"column":65},"end":{"line":130,"column":3}},"line":109},"4":{"name":"(anonymous_4)","decl":{"start":{"line":133,"column":42},"end":{"line":133,"column":43}},"loc":{"start":{"line":133,"column":72},"end":{"line":156,"column":3}},"line":133},"5":{"name":"(anonymous_5)","decl":{"start":{"line":174,"column":32},"end":{"line":174,"column":33}},"loc":{"start":{"line":174,"column":38},"end":{"line":180,"column":1}},"line":174}},"branchMap":{"0":{"loc":{"start":{"line":15,"column":4},"end":{"line":15,"column":69}},"type":"if","locations":[{"start":{"line":15,"column":4},"end":{"line":15,"column":69}},{"start":{},"end":{}}],"line":15},"1":{"loc":{"start":{"line":35,"column":32},"end":{"line":35,"column":72}},"type":"cond-expr","locations":[{"start":{"line":35,"column":54},"end":{"line":35,"column":60}},{"start":{"line":35,"column":63},"end":{"line":35,"column":72}}],"line":35},"2":{"loc":{"start":{"line":39,"column":6},"end":{"line":39,"column":41}},"type":"if","locations":[{"start":{"line":39,"column":6},"end":{"line":39,"column":41}},{"start":{},"end":{}}],"line":39},"3":{"loc":{"start":{"line":57,"column":4},"end":{"line":57,"column":69}},"type":"if","locations":[{"start":{"line":57,"column":4},"end":{"line":57,"column":69}},{"start":{},"end":{}}],"line":57},"4":{"loc":{"start":{"line":79,"column":6},"end":{"line":81,"column":7}},"type":"if","locations":[{"start":{"line":79,"column":6},"end":{"line":81,"column":7}},{"start":{},"end":{}}],"line":79},"5":{"loc":{"start":{"line":82,"column":6},"end":{"line":84,"column":7}},"type":"if","locations":[{"start":{"line":82,"column":6},"end":{"line":84,"column":7}},{"start":{},"end":{}}],"line":82},"6":{"loc":{"start":{"line":99,"column":6},"end":{"line":99,"column":29}},"type":"if","locations":[{"start":{"line":99,"column":6},"end":{"line":99,"column":29}},{"start":{},"end":{}}],"line":99},"7":{"loc":{"start":{"line":117,"column":6},"end":{"line":123,"column":7}},"type":"if","locations":[{"start":{"line":117,"column":6},"end":{"line":123,"column":7}},{"start":{},"end":{}}],"line":117},"8":{"loc":{"start":{"line":119,"column":8},"end":{"line":121,"column":9}},"type":"if","locations":[{"start":{"line":119,"column":8},"end":{"line":121,"column":9}},{"start":{},"end":{}}],"line":119},"9":{"loc":{"start":{"line":134,"column":4},"end":{"line":134,"column":69}},"type":"if","locations":[{"start":{"line":134,"column":4},"end":{"line":134,"column":69}},{"start":{},"end":{}}],"line":134},"10":{"loc":{"start":{"line":149,"column":6},"end":{"line":149,"column":29}},"type":"if","locations":[{"start":{"line":149,"column":6},"end":{"line":149,"column":29}},{"start":{},"end":{}}],"line":149},"11":{"loc":{"start":{"line":176,"column":2},"end":{"line":178,"column":3}},"type":"if","locations":[{"start":{"line":176,"column":2},"end":{"line":178,"column":3}},{"start":{},"end":{}}],"line":176}},"s":{"0":1,"1":1,"2":16,"3":16,"4":16,"5":4,"6":1,"7":3,"8":3,"9":3,"10":3,"11":3,"12":3,"13":3,"14":3,"15":3,"16":1,"17":2,"18":2,"19":1,"20":1,"21":3,"22":16,"23":3,"24":1,"25":2,"26":2,"27":2,"28":2,"29":2,"30":0,"31":2,"32":0,"33":2,"34":2,"35":1,"36":1,"37":1,"38":1,"39":16,"40":2,"41":2,"42":2,"43":2,"44":1,"45":1,"46":0,"47":1,"48":1,"49":16,"50":3,"51":1,"52":2,"53":2,"54":2,"55":1,"56":1,"57":1,"58":1,"59":16,"60":16,"61":1,"62":19,"63":18,"64":2,"65":16},"f":{"0":16,"1":4,"2":3,"3":2,"4":3,"5":19},"b":{"0":[1,3],"1":[2,1],"2":[1,2],"3":[1,2],"4":[0,2],"5":[0,2],"6":[1,1],"7":[2,0],"8":[1,1],"9":[1,2],"10":[1,1],"11":[2,16]},"_coverageSchema":"1a1c01bbd47fc00a2c39e90264f33305004495a9","hash":"9aec63ffab3d715e5a0be60fc55b9f23aa95eabd"}
,"C:\\Projects\\PetronSanPedroApp\\src\\context\\FavoritesContext.js": {"path":"C:\\Projects\\PetronSanPedroApp\\src\\context\\FavoritesContext.js","statementMap":{"0":{"start":{"line":5,"column":25},"end":{"line":5,"column":44}},"1":{"start":{"line":8,"column":19},"end":{"line":8,"column":28}},"2":{"start":{"line":9,"column":36},"end":{"line":9,"column":55}},"3":{"start":{"line":10,"column":32},"end":{"line":10,"column":47}},"4":{"start":{"line":12,"column":24},"end":{"line":31,"column":3}},"5":{"start":{"line":13,"column":4},"end":{"line":16,"column":5}},"6":{"start":{"line":14,"column":6},"end":{"line":14,"column":30}},"7":{"start":{"line":15,"column":6},"end":{"line":15,"column":13}},"8":{"start":{"line":17,"column":4},"end":{"line":17,"column":21}},"9":{"start":{"line":18,"column":4},"end":{"line":30,"column":5}},"10":{"start":{"line":19,"column":30},"end":{"line":22,"column":31}},"11":{"start":{"line":23,"column":6},"end":{"line":25,"column":7}},"12":{"start":{"line":24,"column":8},"end":{"line":24,"column":59}},"13":{"start":{"line":24,"column":43},"end":{"line":24,"column":55}},"14":{"start":{"line":27,"column":6},"end":{"line":27,"column":50}},"15":{"start":{"line":29,"column":6},"end":{"line":29,"column":24}},"16":{"start":{"line":33,"column":21},"end":{"line":35,"column":3}},"17":{"start":{"line":34,"column":4},"end":{"line":34,"column":36}},"18":{"start":{"line":37,"column":25},"end":{"line":61,"column":3}},"19":{"start":{"line":38,"column":4},"end":{"line":38,"column":28}},"20":{"start":{"line":38,"column":15},"end":{"line":38,"column":28}},"21":{"start":{"line":39,"column":22},"end":{"line":39,"column":46}},"22":{"start":{"line":40,"column":4},"end":{"line":60,"column":5}},"23":{"start":{"line":41,"column":6},"end":{"line":56,"column":7}},"24":{"start":{"line":42,"column":26},"end":{"line":43,"column":61}},"25":{"start":{"line":44,"column":8},"end":{"line":44,"column":31}},"26":{"start":{"line":44,"column":19},"end":{"line":44,"column":31}},"27":{"start":{"line":45,"column":8},"end":{"line":49,"column":11}},"28":{"start":{"line":46,"column":20},"end":{"line":46,"column":33}},"29":{"start":{"line":47,"column":10},"end":{"line":47,"column":30}},"30":{"start":{"line":48,"column":10},"end":{"line":48,"column":19}},"31":{"start":{"line":50,"column":8},"end":{"line":50,"column":21}},"32":{"start":{"line":52,"column":26},"end":{"line":52,"column":110}},"33":{"start":{"line":53,"column":8},"end":{"line":53,"column":31}},"34":{"start":{"line":53,"column":19},"end":{"line":53,"column":31}},"35":{"start":{"line":54,"column":8},"end":{"line":54,"column":59}},"36":{"start":{"line":54,"column":29},"end":{"line":54,"column":57}},"37":{"start":{"line":55,"column":8},"end":{"line":55,"column":20}},"38":{"start":{"line":58,"column":6},"end":{"line":58,"column":48}},"39":{"start":{"line":59,"column":6},"end":{"line":59,"column":23}},"40":{"start":{"line":63,"column":2},"end":{"line":65,"column":13}},"41":{"start":{"line":64,"column":4},"end":{"line":64,"column":20}},"42":{"start":{"line":67,"column":2},"end":{"line":73,"column":4}},"43":{"start":{"line":77,"column":14},"end":{"line":77,"column":42}},"44":{"start":{"line":78,"column":2},"end":{"line":78,"column":82}},"45":{"start":{"line":78,"column":12},"end":{"line":78,"column":82}},"46":{"start":{"line":79,"column":2},"end":{"line":79,"column":13}}},"fnMap":{"0":{"name":"FavoritesProvider","decl":{"start":{"line":7,"column":16},"end":{"line":7,"column":33}},"loc":{"start":{"line":7,"column":48},"end":{"line":74,"column":1}},"line":7},"1":{"name":"(anonymous_1)","decl":{"start":{"line":12,"column":24},"end":{"line":12,"column":25}},"loc":{"start":{"line":12,"column":36},"end":{"line":31,"column":3}},"line":12},"2":{"name":"(anonymous_2)","decl":{"start":{"line":24,"column":38},"end":{"line":24,"column":39}},"loc":{"start":{"line":24,"column":43},"end":{"line":24,"column":55}},"line":24},"3":{"name":"(anonymous_3)","decl":{"start":{"line":33,"column":21},"end":{"line":33,"column":22}},"loc":{"start":{"line":33,"column":36},"end":{"line":35,"column":3}},"line":33},"4":{"name":"(anonymous_4)","decl":{"start":{"line":37,"column":25},"end":{"line":37,"column":26}},"loc":{"start":{"line":37,"column":46},"end":{"line":61,"column":3}},"line":37},"5":{"name":"(anonymous_5)","decl":{"start":{"line":45,"column":21},"end":{"line":45,"column":22}},"loc":{"start":{"line":45,"column":29},"end":{"line":49,"column":9}},"line":45},"6":{"name":"(anonymous_6)","decl":{"start":{"line":54,"column":21},"end":{"line":54,"column":22}},"loc":{"start":{"line":54,"column":29},"end":{"line":54,"column":57}},"line":54},"7":{"name":"(anonymous_7)","decl":{"start":{"line":63,"column":12},"end":{"line":63,"column":13}},"loc":{"start":{"line":63,"column":18},"end":{"line":65,"column":3}},"line":63},"8":{"name":"useFavorites","decl":{"start":{"line":76,"column":16},"end":{"line":76,"column":28}},"loc":{"start":{"line":76,"column":31},"end":{"line":80,"column":1}},"line":76}},"branchMap":{"0":{"loc":{"start":{"line":13,"column":4},"end":{"line":16,"column":5}},"type":"if","locations":[{"start":{"line":13,"column":4},"end":{"line":16,"column":5}},{"start":{},"end":{}}],"line":13},"1":{"loc":{"start":{"line":23,"column":6},"end":{"line":25,"column":7}},"type":"if","locations":[{"start":{"line":23,"column":6},"end":{"line":25,"column":7}},{"start":{},"end":{}}],"line":23},"2":{"loc":{"start":{"line":23,"column":10},"end":{"line":23,"column":24}},"type":"binary-expr","locations":[{"start":{"line":23,"column":10},"end":{"line":23,"column":16}},{"start":{"line":23,"column":20},"end":{"line":23,"column":24}}],"line":23},"3":{"loc":{"start":{"line":38,"column":4},"end":{"line":38,"column":28}},"type":"if","locations":[{"start":{"line":38,"column":4},"end":{"line":38,"column":28}},{"start":{},"end":{}}],"line":38},"4":{"loc":{"start":{"line":41,"column":6},"end":{"line":56,"column":7}},"type":"if","locations":[{"start":{"line":41,"column":6},"end":{"line":56,"column":7}},{"start":{"line":51,"column":13},"end":{"line":56,"column":7}}],"line":41},"5":{"loc":{"start":{"line":44,"column":8},"end":{"line":44,"column":31}},"type":"if","locations":[{"start":{"line":44,"column":8},"end":{"line":44,"column":31}},{"start":{},"end":{}}],"line":44},"6":{"loc":{"start":{"line":53,"column":8},"end":{"line":53,"column":31}},"type":"if","locations":[{"start":{"line":53,"column":8},"end":{"line":53,"column":31}},{"start":{},"end":{}}],"line":53},"7":{"loc":{"start":{"line":78,"column":2},"end":{"line":78,"column":82}},"type":"if","locations":[{"start":{"line":78,"column":2},"end":{"line":78,"column":82}},{"start":{},"end":{}}],"line":78}},"s":{"0":1,"1":27,"2":27,"3":27,"4":27,"5":9,"6":2,"7":2,"8":7,"9":7,"10":7,"11":6,"12":6,"13":6,"14":1,"15":7,"16":27,"17":14,"18":27,"19":5,"20":1,"21":4,"22":4,"23":4,"24":2,"25":2,"26":1,"27":1,"28":1,"29":1,"30":1,"31":1,"32":2,"33":2,"34":1,"35":1,"36":1,"37":1,"38":2,"39":2,"40":27,"41":9,"42":27,"43":30,"44":29,"45":2,"46":27},"f":{"0":27,"1":9,"2":6,"3":14,"4":5,"5":1,"6":1,"7":9,"8":30},"b":{"0":[2,7],"1":[6,0],"2":[6,6],"3":[1,4],"4":[2,2],"5":[1,1],"6":[1,1],"7":[2,27]},"_coverageSchema":"1a1c01bbd47fc00a2c39e90264f33305004495a9","hash":"aaaf15ea5c951c95d6c034b5d09c8a104daa4293"}
,"C:\\Projects\\PetronSanPedroApp\\src\\context\\NotificationContext.js": {"path":"C:\\Projects\\PetronSanPedroApp\\src\\context\\NotificationContext.js","statementMap":{"0":{"start":{"line":8,"column":28},"end":{"line":8,"column":43}},"1":{"start":{"line":9,"column":24},"end":{"line":9,"column":45}},"2":{"start":{"line":10,"column":34},"end":{"line":10,"column":98}},"3":{"start":{"line":10,"column":52},"end":{"line":10,"column":98}},"4":{"start":{"line":12,"column":36},"end":{"line":264,"column":1}},"5":{"start":{"line":13,"column":25},"end":{"line":13,"column":34}},"6":{"start":{"line":14,"column":17},"end":{"line":14,"column":25}},"7":{"start":{"line":15,"column":44},"end":{"line":15,"column":56}},"8":{"start":{"line":16,"column":40},"end":{"line":16,"column":51}},"9":{"start":{"line":17,"column":32},"end":{"line":17,"column":47}},"10":{"start":{"line":18,"column":58},"end":{"line":18,"column":72}},"11":{"start":{"line":19,"column":34},"end":{"line":19,"column":46}},"12":{"start":{"line":20,"column":31},"end":{"line":20,"column":44}},"13":{"start":{"line":22,"column":2},"end":{"line":24,"column":29}},"14":{"start":{"line":23,"column":4},"end":{"line":23,"column":59}},"15":{"start":{"line":27,"column":2},"end":{"line":71,"column":21}},"16":{"start":{"line":28,"column":4},"end":{"line":30,"column":5}},"17":{"start":{"line":29,"column":6},"end":{"line":29,"column":13}},"18":{"start":{"line":32,"column":45},"end":{"line":68,"column":5}},"19":{"start":{"line":33,"column":6},"end":{"line":33,"column":47}},"20":{"start":{"line":33,"column":40},"end":{"line":33,"column":47}},"21":{"start":{"line":34,"column":6},"end":{"line":34,"column":42}},"22":{"start":{"line":36,"column":6},"end":{"line":67,"column":7}},"23":{"start":{"line":37,"column":27},"end":{"line":37,"column":66}},"24":{"start":{"line":38,"column":29},"end":{"line":38,"column":67}},"25":{"start":{"line":40,"column":8},"end":{"line":42,"column":9}},"26":{"start":{"line":41,"column":10},"end":{"line":41,"column":17}},"27":{"start":{"line":44,"column":22},"end":{"line":44,"column":74}},"28":{"start":{"line":45,"column":8},"end":{"line":47,"column":9}},"29":{"start":{"line":46,"column":10},"end":{"line":46,"column":71}},"30":{"start":{"line":49,"column":22},"end":{"line":49,"column":91}},"31":{"start":{"line":50,"column":21},"end":{"line":52,"column":99}},"32":{"start":{"line":54,"column":23},"end":{"line":58,"column":10}},"33":{"start":{"line":60,"column":8},"end":{"line":62,"column":9}},"34":{"start":{"line":61,"column":10},"end":{"line":61,"column":54}},"35":{"start":{"line":64,"column":8},"end":{"line":64,"column":97}},"36":{"start":{"line":66,"column":8},"end":{"line":66,"column":45}},"37":{"start":{"line":70,"column":4},"end":{"line":70,"column":39}},"38":{"start":{"line":74,"column":37},"end":{"line":92,"column":14}},"39":{"start":{"line":75,"column":4},"end":{"line":75,"column":24}},"40":{"start":{"line":75,"column":17},"end":{"line":75,"column":24}},"41":{"start":{"line":77,"column":4},"end":{"line":91,"column":5}},"42":{"start":{"line":78,"column":30},"end":{"line":82,"column":17}},"43":{"start":{"line":84,"column":6},"end":{"line":84,"column":29}},"44":{"start":{"line":84,"column":17},"end":{"line":84,"column":29}},"45":{"start":{"line":87,"column":6},"end":{"line":87,"column":69}},"46":{"start":{"line":89,"column":6},"end":{"line":89,"column":77}},"47":{"start":{"line":90,"column":6},"end":{"line":90,"column":36}},"48":{"start":{"line":95,"column":28},"end":{"line":116,"column":14}},"49":{"start":{"line":96,"column":4},"end":{"line":96,"column":24}},"50":{"start":{"line":96,"column":17},"end":{"line":96,"column":24}},"51":{"start":{"line":98,"column":4},"end":{"line":98,"column":21}},"52":{"start":{"line":99,"column":4},"end":{"line":115,"column":5}},"53":{"start":{"line":100,"column":30},"end":{"line":105,"column":18}},"54":{"start":{"line":107,"column":6},"end":{"line":107,"column":29}},"55":{"start":{"line":107,"column":17},"end":{"line":107,"column":29}},"56":{"start":{"line":109,"column":6},"end":{"line":109,"column":35}},"57":{"start":{"line":110,"column":6},"end":{"line":110,"column":64}},"58":{"start":{"line":110,"column":39},"end":{"line":110,"column":49}},"59":{"start":{"line":112,"column":6},"end":{"line":112,"column":67}},"60":{"start":{"line":114,"column":6},"end":{"line":114,"column":24}},"61":{"start":{"line":119,"column":2},"end":{"line":162,"column":62}},"62":{"start":{"line":120,"column":4},"end":{"line":124,"column":5}},"63":{"start":{"line":121,"column":6},"end":{"line":121,"column":27}},"64":{"start":{"line":122,"column":6},"end":{"line":122,"column":24}},"65":{"start":{"line":123,"column":6},"end":{"line":123,"column":13}},"66":{"start":{"line":126,"column":4},"end":{"line":126,"column":33}},"67":{"start":{"line":127,"column":4},"end":{"line":127,"column":24}},"68":{"start":{"line":130,"column":20},"end":{"line":148,"column":18}},"69":{"start":{"line":142,"column":10},"end":{"line":145,"column":11}},"70":{"start":{"line":143,"column":12},"end":{"line":143,"column":61}},"71":{"start":{"line":143,"column":37},"end":{"line":143,"column":59}},"72":{"start":{"line":144,"column":12},"end":{"line":144,"column":45}},"73":{"start":{"line":144,"column":35},"end":{"line":144,"column":43}},"74":{"start":{"line":151,"column":33},"end":{"line":156,"column":6}},"75":{"start":{"line":152,"column":6},"end":{"line":155,"column":7}},"76":{"start":{"line":153,"column":8},"end":{"line":153,"column":28}},"77":{"start":{"line":154,"column":8},"end":{"line":154,"column":37}},"78":{"start":{"line":158,"column":4},"end":{"line":161,"column":6}},"79":{"start":{"line":159,"column":6},"end":{"line":159,"column":41}},"80":{"start":{"line":159,"column":19},"end":{"line":159,"column":41}},"81":{"start":{"line":160,"column":6},"end":{"line":160,"column":36}},"82":{"start":{"line":165,"column":21},"end":{"line":183,"column":3}},"83":{"start":{"line":166,"column":4},"end":{"line":182,"column":5}},"84":{"start":{"line":167,"column":24},"end":{"line":170,"column":33}},"85":{"start":{"line":172,"column":6},"end":{"line":172,"column":29}},"86":{"start":{"line":172,"column":17},"end":{"line":172,"column":29}},"87":{"start":{"line":174,"column":6},"end":{"line":178,"column":8}},"88":{"start":{"line":175,"column":8},"end":{"line":177,"column":9}},"89":{"start":{"line":176,"column":10},"end":{"line":176,"column":63}},"90":{"start":{"line":179,"column":6},"end":{"line":179,"column":52}},"91":{"start":{"line":179,"column":29},"end":{"line":179,"column":50}},"92":{"start":{"line":181,"column":6},"end":{"line":181,"column":74}},"93":{"start":{"line":186,"column":24},"end":{"line":205,"column":3}},"94":{"start":{"line":187,"column":4},"end":{"line":187,"column":54}},"95":{"start":{"line":187,"column":47},"end":{"line":187,"column":54}},"96":{"start":{"line":189,"column":4},"end":{"line":204,"column":5}},"97":{"start":{"line":190,"column":24},"end":{"line":194,"column":29}},"98":{"start":{"line":196,"column":6},"end":{"line":196,"column":29}},"99":{"start":{"line":196,"column":17},"end":{"line":196,"column":29}},"100":{"start":{"line":198,"column":6},"end":{"line":200,"column":8}},"101":{"start":{"line":199,"column":8},"end":{"line":199,"column":48}},"102":{"start":{"line":199,"column":23},"end":{"line":199,"column":46}},"103":{"start":{"line":201,"column":6},"end":{"line":201,"column":24}},"104":{"start":{"line":203,"column":6},"end":{"line":203,"column":65}},"105":{"start":{"line":208,"column":29},"end":{"line":226,"column":3}},"106":{"start":{"line":209,"column":4},"end":{"line":225,"column":5}},"107":{"start":{"line":210,"column":24},"end":{"line":213,"column":33}},"108":{"start":{"line":215,"column":6},"end":{"line":215,"column":29}},"109":{"start":{"line":215,"column":17},"end":{"line":215,"column":29}},"110":{"start":{"line":217,"column":6},"end":{"line":217,"column":74}},"111":{"start":{"line":217,"column":31},"end":{"line":217,"column":72}},"112":{"start":{"line":217,"column":48},"end":{"line":217,"column":71}},"113":{"start":{"line":219,"column":22},"end":{"line":219,"column":70}},"114":{"start":{"line":219,"column":46},"end":{"line":219,"column":69}},"115":{"start":{"line":220,"column":6},"end":{"line":222,"column":7}},"116":{"start":{"line":221,"column":8},"end":{"line":221,"column":54}},"117":{"start":{"line":221,"column":31},"end":{"line":221,"column":52}},"118":{"start":{"line":224,"column":6},"end":{"line":224,"column":67}},"119":{"start":{"line":229,"column":19},"end":{"line":245,"column":3}},"120":{"start":{"line":230,"column":4},"end":{"line":230,"column":24}},"121":{"start":{"line":230,"column":17},"end":{"line":230,"column":24}},"122":{"start":{"line":232,"column":4},"end":{"line":244,"column":5}},"123":{"start":{"line":233,"column":24},"end":{"line":236,"column":30}},"124":{"start":{"line":238,"column":6},"end":{"line":238,"column":29}},"125":{"start":{"line":238,"column":17},"end":{"line":238,"column":29}},"126":{"start":{"line":240,"column":6},"end":{"line":240,"column":27}},"127":{"start":{"line":241,"column":6},"end":{"line":241,"column":24}},"128":{"start":{"line":243,"column":6},"end":{"line":243,"column":68}},"129":{"start":{"line":247,"column":2},"end":{"line":263,"column":4}},"130":{"start":{"line":266,"column":32},"end":{"line":272,"column":1}},"131":{"start":{"line":267,"column":18},"end":{"line":267,"column":49}},"132":{"start":{"line":268,"column":2},"end":{"line":270,"column":3}},"133":{"start":{"line":269,"column":4},"end":{"line":269,"column":81}},"134":{"start":{"line":271,"column":2},"end":{"line":271,"column":17}}},"fnMap":{"0":{"name":"(anonymous_0)","decl":{"start":{"line":10,"column":34},"end":{"line":10,"column":35}},"loc":{"start":{"line":10,"column":52},"end":{"line":10,"column":98}},"line":10},"1":{"name":"(anonymous_1)","decl":{"start":{"line":12,"column":36},"end":{"line":12,"column":37}},"loc":{"start":{"line":12,"column":54},"end":{"line":264,"column":1}},"line":12},"2":{"name":"(anonymous_2)","decl":{"start":{"line":22,"column":12},"end":{"line":22,"column":13}},"loc":{"start":{"line":22,"column":18},"end":{"line":24,"column":3}},"line":22},"3":{"name":"(anonymous_3)","decl":{"start":{"line":27,"column":12},"end":{"line":27,"column":13}},"loc":{"start":{"line":27,"column":18},"end":{"line":71,"column":3}},"line":27},"4":{"name":"(anonymous_4)","decl":{"start":{"line":32,"column":45},"end":{"line":32,"column":46}},"loc":{"start":{"line":32,"column":57},"end":{"line":68,"column":5}},"line":32},"5":{"name":"(anonymous_5)","decl":{"start":{"line":74,"column":49},"end":{"line":74,"column":50}},"loc":{"start":{"line":74,"column":61},"end":{"line":92,"column":3}},"line":74},"6":{"name":"(anonymous_6)","decl":{"start":{"line":95,"column":40},"end":{"line":95,"column":41}},"loc":{"start":{"line":95,"column":52},"end":{"line":116,"column":3}},"line":95},"7":{"name":"(an
[...]
rt":{"line":123,"column":13},"end":{"line":123,"column":25}},"36":{"start":{"line":125,"column":2},"end":{"line":131,"column":5}},"37":{"start":{"line":130,"column":4},"end":{"line":130,"column":79}},"38":{"start":{"line":133,"column":2},"end":{"line":133,"column":14}},"39":{"start":{"line":136,"column":34},"end":{"line":144,"column":1}}},"fnMap":{"0":{"name":"getReservedSlotsForDate","decl":{"start":{"line":9,"column":15},"end":{"line":9,"column":38}},"loc":{"start":{"line":9,"column":48},"end":{"line":23,"column":1}},"line":9},"1":{"name":"getReservationsByMonth","decl":{"start":{"line":25,"column":15},"end":{"line":25,"column":37}},"loc":{"start":{"line":25,"column":49},"end":{"line":42,"column":1}},"line":25},"2":{"name":"createReservation","decl":{"start":{"line":44,"column":15},"end":{"line":44,"column":32}},"loc":{"start":{"line":44,"column":99},"end":{"line":70,"column":1}},"line":44},"3":{"name":"(anonymous_3)","decl":{"start":{"line":65,"column":11},"end":{"line":65,"column":12}},"loc":{"start":{"line":65,"column":30},"end":{"line":67,"column":3}},"line":65},"4":{"name":"getMyUpcomingReservations","decl":{"start":{"line":72,"column":15},"end":{"line":72,"column":40}},"loc":{"start":{"line":72,"column":49},"end":{"line":85,"column":1}},"line":72},"5":{"name":"cancelReservation","decl":{"start":{"line":87,"column":15},"end":{"line":87,"column":32}},"loc":{"start":{"line":87,"column":60},"end":{"line":107,"column":1}},"line":87},"6":{"name":"(anonymous_6)","decl":{"start":{"line":102,"column":75},"end":{"line":102,"column":76}},"loc":{"start":{"line":102,"column":94},"end":{"line":104,"column":3}},"line":102},"7":{"name":"updateReservation","decl":{"start":{"line":109,"column":15},"end":{"line":109,"column":32}},"loc":{"start":{"line":109,"column":85},"end":{"line":134,"column":1}},"line":109},"8":{"name":"(anonymous_8)","decl":{"start":{"line":129,"column":11},"end":{"line":129,"column":12}},"loc":{"start":{"line":129,"column":30},"end":{"line":131,"column":3}},"line":129}},"branchMap":{"0":{"loc":{"start":{"line":21,"column":2},"end":{"line":21,"column":25}},"type":"if","locations":[{"start":{"line":21,"column":2},"end":{"line":21,"column":25}},{"start":{},"end":{}}],"line":21},"1":{"loc":{"start":{"line":22,"column":9},"end":{"line":22,"column":19}},"type":"binary-expr","locations":[{"start":{"line":22,"column":9},"end":{"line":22,"column":13}},{"start":{"line":22,"column":17},"end":{"line":22,"column":19}}],"line":22},"2":{"loc":{"start":{"line":40,"column":2},"end":{"line":40,"column":25}},"type":"if","locations":[{"start":{"line":40,"column":2},"end":{"line":40,"column":25}},{"start":{},"end":{}}],"line":40},"3":{"loc":{"start":{"line":41,"column":9},"end":{"line":41,"column":19}},"type":"binary-expr","locations":[{"start":{"line":41,"column":9},"end":{"line":41,"column":13}},{"start":{"line":41,"column":17},"end":{"line":41,"column":19}}],"line":41},"4":{"loc":{"start":{"line":44,"column":85},"end":{"line":44,"column":95}},"type":"default-arg","locations":[{"start":{"line":44,"column":93},"end":{"line":44,"column":95}}],"line":44},"5":{"loc":{"start":{"line":51,"column":23},"end":{"line":51,"column":43}},"type":"binary-expr","locations":[{"start":{"line":51,"column":23},"end":{"line":51,"column":35}},{"start":{"line":51,"column":39},"end":{"line":51,"column":43}}],"line":51},"6":{"loc":{"start":{"line":52,"column":24},"end":{"line":52,"column":45}},"type":"binary-expr","locations":[{"start":{"line":52,"column":24},"end":{"line":52,"column":37}},{"start":{"line":52,"column":41},"end":{"line":52,"column":45}}],"line":52},"7":{"loc":{"start":{"line":53,"column":15},"end":{"line":53,"column":36}},"type":"binary-expr","locations":[{"start":{"line":53,"column":15},"end":{"line":53,"column":28}},{"start":{"line":53,"column":32},"end":{"line":53,"column":36}}],"line":53},"8":{"loc":{"start":{"line":59,"column":2},"end":{"line":59,"column":25}},"type":"if","locations":[{"start":{"line":59,"column":2},"end":{"line":59,"column":25}},{"start":{},"end":{}}],"line":59},"9":{"loc":{"start":{"line":64,"column":18},"end":{"line":64,"column":60}},"type":"binary-expr","locations":[{"start":{"line":64,"column":18},"end":{"line":64,"column":36}},{"start":{"line":64,"column":40},"end":{"line":64,"column":52}},{"start":{"line":64,"column":56},"end":{"line":64,"column":60}}],"line":64},"10":{"loc":{"start":{"line":73,"column":2},"end":{"line":73,"column":25}},"type":"if","locations":[{"start":{"line":73,"column":2},"end":{"line":73,"column":25}},{"start":{},"end":{}}],"line":73},"11":{"loc":{"start":{"line":83,"column":2},"end":{"line":83,"column":25}},"type":"if","locations":[{"start":{"line":83,"column":2},"end":{"line":83,"column":25}},{"start":{},"end":{}}],"line":83},"12":{"loc":{"start":{"line":84,"column":9},"end":{"line":84,"column":19}},"type":"binary-expr","locations":[{"start":{"line":84,"column":9},"end":{"line":84,"column":13}},{"start":{"line":84,"column":17},"end":{"line":84,"column":19}}],"line":84},"13":{"loc":{"start":{"line":100,"column":2},"end":{"line":100,"column":25}},"type":"if","locations":[{"start":{"line":100,"column":2},"end":{"line":100,"column":25}},{"start":{},"end":{}}],"line":100},"14":{"loc":{"start":{"line":109,"column":71},"end":{"line":109,"column":81}},"type":"default-arg","locations":[{"start":{"line":109,"column":79},"end":{"line":109,"column":81}}],"line":109},"15":{"loc":{"start":{"line":114,"column":13},"end":{"line":114,"column":34}},"type":"binary-expr","locations":[{"start":{"line":114,"column":13},"end":{"line":114,"column":26}},{"start":{"line":114,"column":30},"end":{"line":114,"column":34}}],"line":114},"16":{"loc":{"start":{"line":123,"column":2},"end":{"line":123,"column":25}},"type":"if","locations":[{"start":{"line":123,"column":2},"end":{"line":123,"column":25}},{"start":{},"end":{}}],"line":123},"17":{"loc":{"start":{"line":128,"column":18},"end":{"line":128,"column":44}},"type":"binary-expr","locations":[{"start":{"line":128,"column":18},"end":{"line":128,"column":36}},{"start":{"line":128,"column":40},"end":{"line":128,"column":44}}],"line":128}},"s":{"0":0,"1":0,"2":0,"3":0,"4":0,"5":0,"6":0,"7":0,"8":0,"9":0,"10":0,"11":0,"12":0,"13":0,"14":0,"15":0,"16":0,"17":0,"18":0,"19":0,"20":0,"21":0,"22":0,"23":0,"24":0,"25":0,"26":0,"27":0,"28":0,"29":0,"30":0,"31":0,"32":0,"33":0,"34":0,"35":0,"36":0,"37":0,"38":0,"39":0},"f":{"0":0,"1":0,"2":0,"3":0,"4":0,"5":0,"6":0,"7":0,"8":0},"b":{"0":[0,0],"1":[0,0],"2":[0,0],"3":[0,0],"4":[0],"5":[0,0],"6":[0,0],"7":[0,0],"8":[0,0],"9":[0,0,0],"10":[0,0],"11":[0,0],"12":[0,0],"13":[0,0],"14":[0],"15":[0,0],"16":[0,0],"17":[0,0]}}
,"C:\\Projects\\PetronSanPedroApp\\src\\services\\riderPresenceService.js": {"path":"C:\\Projects\\PetronSanPedroApp\\src\\services\\riderPresenceService.js","statementMap":{"0":{"start":{"line":21,"column":30},"end":{"line":21,"column":35}},"1":{"start":{"line":23,"column":24},"end":{"line":23,"column":28}},"2":{"start":{"line":24,"column":27},"end":{"line":24,"column":31}},"3":{"start":{"line":25,"column":26},"end":{"line":25,"column":30}},"4":{"start":{"line":26,"column":21},"end":{"line":26,"column":25}},"5":{"start":{"line":27,"column":32},"end":{"line":27,"column":37}},"6":{"start":{"line":29,"column":36},"end":{"line":229,"column":1}},"7":{"start":{"line":35,"column":4},"end":{"line":38,"column":5}},"8":{"start":{"line":36,"column":6},"end":{"line":36,"column":78}},"9":{"start":{"line":37,"column":6},"end":{"line":37,"column":13}},"10":{"start":{"line":40,"column":4},"end":{"line":40,"column":29}},"11":{"start":{"line":43,"column":4},"end":{"line":43,"column":33}},"12":{"start":{"line":46,"column":4},"end":{"line":46,"column":38}},"13":{"start":{"line":49,"column":4},"end":{"line":49,"column":42}},"14":{"start":{"line":52,"column":4},"end":{"line":52,"column":46}},"15":{"start":{"line":60,"column":26},"end":{"line":60,"column":51}},"16":{"start":{"line":62,"column":4},"end":{"line":62,"column":25}},"17":{"start":{"line":63,"column":4},"end":{"line":63,"column":35}},"18":{"start":{"line":64,"column":4},"end":{"line":64,"column":39}},"19":{"start":{"line":66,"column":4},"end":{"line":68,"column":5}},"20":{"start":{"line":67,"column":6},"end":{"line":67,"column":55}},"21":{"start":{"line":70,"column":4},"end":{"line":70,"column":26}},"22":{"start":{"line":77,"column":4},"end":{"line":77,"column":25}},"23":{"start":{"line":77,"column":18},"end":{"line":77,"column":25}},"24":{"start":{"line":79,"column":4},"end":{"line":91,"column":5}},"25":{"start":{"line":80,"column":24},"end":{"line":86,"column":26}},"26":{"start":{"line":88,"column":6},"end":{"line":88,"column":29}},"27":{"start":{"line":88,"column":17},"end":{"line":88,"column":29}},"28":{"start":{"line":90,"column":6},"end":{"line":90,"column":73}},"29":{"start":{"line":98,"column":4},"end":{"line":98,"column":25}},"30":{"start":{"line":98,"column":18},"end":{"line":98,"column":25}},"31":{"start":{"line":100,"column":4},"end":{"line":111,"column":5}},"32":{"start":{"line":101,"column":24},"end":{"line":106,"column":26}},"33":{"start":{"line":108,"column":6},"end":{"line":108,"column":29}},"34":{"start":{"line":108,"column":17},"end":{"line":108,"column":29}},"35":{"start":{"line":110,"column":6},"end":{"line":110,"column":69}},"36":{"start":{"line":118,"column":4},"end":{"line":118,"column":25}},"37":{"start":{"line":120,"column":4},"end":{"line":130,"column":30}},"38":{"start":{"line":121,"column":6},"end":{"line":129,"column":7}},"39":{"start":{"line":123,"column":25},"end":{"line":123,"column":46}},"40":{"start":{"line":124,"column":8},"end":{"line":126,"column":9}},"41":{"start":{"line":125,"column":10},"end":{"line":125,"column":45}},"42":{"start":{"line":128,"column":8},"end":{"line":128,"column":60}},"43":{"start":{"line":137,"column":4},"end":{"line":140,"column":5}},"44":{"start":{"line":138,"column":6},"end":{"line":138,"column":39}},"45":{"start":{"line":139,"column":6},"end":{"line":139,"column":31}},"46":{"start":{"line":147,"column":4},"end":{"line":147,"column":35}},"47":{"start":{"line":149,"column":4},"end":{"line":165,"column":7}},"48":{"start":{"line":150,"column":6},"end":{"line":164,"column":7}},"49":{"start":{"line":151,"column":8},"end":{"line":161,"column":9}},"50":{"start":{"line":153,"column":27},"end":{"line":153,"column":48}},"51":{"start":{"line":154,"column":10},"end":{"line":156,"column":11}},"52":{"start":{"line":155,"column":12},"end":{"line":155,"column":54}},"53":{"start":{"line":157,"column":15},"end":{"line":161,"column":9}},"54":{"start":{"line":159,"column":10},"end":{"line":159,"column":72}},"55":{"start":{"line":160,"column":10},"end":{"line":160,"column":53}},"56":{"start":{"line":163,"column":8},"end":{"line":163,"column":67}},"57":{"start":{"line":172,"column":4},"end":{"line":175,"column":5}},"58":{"start":{"line":173,"column":6},"end":{"line":173,"column":36}},"59":{"start":{"line":174,"column":6},"end":{"line":174,"column":34}},"60":{"start":{"line":182,"column":4},"end":{"line":182,"column":39}},"61":{"start":{"line":184,"column":4},"end":{"line":196,"column":7}},"62":{"start":{"line":185,"column":6},"end":{"line":195,"column":7}},"63":{"start":{"line":186,"column":8},"end":{"line":192,"column":9}},"64":{"start":{"line":188,"column":10},"end":{"line":188,"column":53}},"65":{"start":{"line":191,"column":10},"end":{"line":191,"column":52}},"66":{"start":{"line":194,"column":8},"end":{"line":194,"column":66}},"67":{"start":{"line":203,"column":4},"end":{"line":206,"column":5}},"68":{"start":{"line":204,"column":6},"end":{"line":204,"column":28}},"69":{"start":{"line":205,"column":6},"end":{"line":205,"column":33}},"70":{"start":{"line":213,"column":4},"end":{"line":213,"column":31}},"71":{"start":{"line":213,"column":18},"end":{"line":213,"column":31}},"72":{"start":{"line":215,"column":4},"end":{"line":227,"column":5}},"73":{"start":{"line":216,"column":30},"end":{"line":220,"column":17}},"74":{"start":{"line":222,"column":6},"end":{"line":222,"column":29}},"75":{"start":{"line":222,"column":17},"end":{"line":222,"column":29}},"76":{"start":{"line":223,"column":6},"end":{"line":223,"column":38}},"77":{"start":{"line":225,"column":6},"end":{"line":225,"column":72}},"78":{"start":{"line":226,"column":6},"end":{"line":226,"column":19}}},"fnMap":{"0":{"name":"(anonymous_0)","decl":{"start":{"line":34,"column":2},"end":{"line":34,"column":3}},"loc":{"start":{"line":34,"column":28},"end":{"line":53,"column":3}},"line":34},"1":{"name":"(anonymous_1)","decl":{"start":{"line":59,"column":2},"end":{"line":59,"column":3}},"loc":{"start":{"line":59,"column":25},"end":{"line":71,"column":3}},"line":59},"2":{"name":"(anonymous_2)","decl":{"start":{"line":76,"column":2},"end":{"line":76,"column":3}},"loc":{"start":{"line":76,"column":43},"end":{"line":92,"column":3}},"line":76},"3":{"name":"(anonymous_3)","decl":{"start":{"line":97,"column":2},"end":{"line":97,"column":3}},"loc":{"start":{"line":97,"column":32},"end":{"line":112,"column":3}},"line":97},"4":{"name":"(anonymous_4)","decl":{"start":{"line":117,"column":2},"end":{"line":117,"column":3}},"loc":{"start":{"line":117,"column":26},"end":{"line":131,"column":3}},"line":117},"5":{"name":"(anonymous_5)","decl":{"start":{"line":120,"column":36},"end":{"line":120,"column":37}},"loc":{"start":{"line":120,"column":48},"end":{"line":130,"column":5}},"line":120},"6":{"name":"(anonymous_6)","decl":{"start":{"line":136,"column":2},"end":{"line":136,"column":3}},"loc":{"start":{"line":136,"column":18},"end":{"line":141,"column":3}},"line":136},"7":{"name":"(anonymous_7)","decl":{"start":{"line":146,"column":2},"end":{"line":146,"column":3}},"loc":{"start":{"line":146,"column":31},"end":{"line":166,"column":3}},"line":146},"8":{"name":"(anonymous_8)","decl":{"start":{"line":149,"column":63},"end":{"line":149,"column":64}},"loc":{"start":{"line":149,"column":87},"end":{"line":165,"column":5}},"line":149},"9":{"name":"(anonymous_9)","decl":{"start":{"line":171,"column":2},"end":{"line":171,"column":3}},"loc":{"start":{"line":171,"column":28},"end":{"line":176,"column":3}},"line":171},"10":{"name":"(anonymous_10)","decl":{"start":{"line":181,"column":2},"end":{"line":181,"column":3}},"loc":{"start":{"line":181,"column":35},"end":{"line":197,"column":3}},"line":181},"11":{"name":"(anonymous_11)","decl":{"start":{"line":184,"column":51},"end":{"line":184,"column":52}},"loc":{"start":{"line":184,"column":68},"end":{"line":196,"column":5}},"line":184},"12":{"name":"(anonymous_12)","decl":{"start":{"line":202,"column":2},"end":{"line":202,"column":3}},"loc":{"start":{"line":202,"column":32},"end":{"line":207,"column":3}},"line":202},"13":{"name":"(anonymous_13)","decl":{"start":{"line":212,"column":2},"end":{"line":212,"column":3}},"loc":{"start":{"line":212,"column":31},"end":{"line":228,"column":3}},"line":212}},"branchMap":{"0":{"loc":{"start":{"line":35,"column":4},"end":{"line":38,"column":5}},"type":"if","locations":[{"start":{"line":35,"column":4},"end":{"line":38,"column":5}},{"start":{},"end":{}}],"line":35},"1":{"loc":{"start":{"line":60,"column":26},"end":{"line":60,"column":51}},"type":"binary-expr","locations":[{"start":{"line":60,"column":26},"end":{"line":60,"column":33}},{"start":{"line":60,"column":37},"end":{"line":60,"column":51}}],"line":60},"2":{"loc":{"start":{"line":66,"column":4},"end":{"line":68,"column":5}},"type":"if","locations":[{"start":{"line":66,"column":4},"end":{"line":68,"column":5}},{"start":{},"end":{}}],"line":66},"3":{"loc":{"start":{"line":77,"column":4},"end":{"line":77,"column":25}},"type":"if","locations":[{"start":{"line":77,"column":4},"end":{"line":77,"column":25}},{"start":{},"end":{}}],"line":77},"4":{"loc":{"start":{"line":88,"column":6},"end":{"line":88,"column":29}},"type":"if","locations":[{"start":{"line":88,"column":6},"end":{"line":88,"column":29}},{"start":{},"end":{}}],"line":88},"5":{"loc":{"start":{"line":98,"column":4},"end":{"line":98,"column":25}},"type":"if","locations":[{"start":{"line":98,"column":4},"end":{"line":98,"column":25}},{"start":{},"end":{}}],"line":98},"6":{"loc":{"start":{"line":108,"column":6},"end":{"line":108,"column":29}},"type":"if","locations":[{"start":{"line":108,"column":6},"end":{"line":108,"column":29}},{"start":{},"end":{}}],"line":108},"7":{"loc":{"start":{"line":124,"column":8},"end":{"line":126,"column":9}},"type":"if","locations":[{"start":{"line":124,"column":8},"end":{"line":126,"column":9}},{"start":{},"end":{}}],"line":124},"8":{"loc":{"start":{"line":137,"column":4},"end":{"line":140,"column":5}},"type":"if","locations":[{"start":{"line":137,"column":4},"end":{"line":140,"column":5}},{"start":{},"end":{}}],"line":137},"9":{"loc":{"start":{"line":151,"column":8},"end":{"line":161,"column":9}},"type":"if","locations":[{"start":{"line":151,"column":8},"end":{"line":161,"column":9}},{"start":{"line":157,"column":15},"end":{"line":161,"column":9}}],"line":151},"10":{"loc":{"start":{"line":154,"column":10},"end":{"line":156,"column":11}},"type":"if","locations":[{"start":{"line":154,"column":10},"end":{"line":156,"column":11}},{"start":{},"end":{}}],"line":154},"11":{"loc":{"start":{"line":154,"column":14},"end":{"line":154,"column":63}},"type":"binary-expr","locations":[{"start":{"line":154,"column":14},"end":{"line":154,"column":34}},{"start":{"line":154,"column":38},"end":{"line":154,"column":63}}],"line":154},"12":{"loc":{"start":{"line":157,"column":15},"end":{"line":161,"column":9}},"type":"if","locations":[{"start":{"line":157,"column":15},"end":{"line":161,"column":9}},{"start":{},"end":{}}],"line":157},"13":{"loc":{"start":{"line":157,"column":19},"end":{"line":157,"column":79}},"type":"binary-expr","locations":[{"start":{"line":157,"column":19},"end":{"line":157,"column":48}},{"start":{"line":157,"column":52},"end":{"line":157,"column":79}}],"line":157},"14":{"loc":{"start":{"line":172,"column":4},"end":{"line":175,"column":5}},"type":"if","locations":[{"start":{"line":172,"column":4},"end":{"line":175,"column":5}},{"start":{},"end":{}}],"line":172},"15":{"loc":{"start":{"line":186,"column":8},"end":{"line":192,"column":9}},"type":"if","locations":[{"start":{"line":186,"column":8},"end":{"line":192,"column":9}},{"start":{"line":189,"column":15},"end":{"line":192,"column":9}}],"line":186},"16":{"loc":{"start":{"line":203,"column":4},"end":{"line":206,"column":5}},"type":"if","locations":[{"start":{"line":203,"column":4},"end":{"line":206,"column":5}},{"start":{},"end":{}}],"line":203},"17":{"loc":{"start":{"line":213,"column":4},"end":{"line":213,"column":31}},"type":"if","locations":[{"start":{"line":213,"column":4},"end":{"line":213,"column":31}},{"start":{},"end":{}}],"line":213},"18":{"loc":{"start":{"line":222,"column":6},"end":{"line":222,"column":29}},"type":"if","locations":[{"start":{"line":222,"column":6},"end":{"line":222,"column":29}},{"start":{},"end":{}}],"line":222},"19":{"loc":{"start":{"line":223,"column":13},"end":{"line":223,"column":37}},"type":"binary-expr","locations":[{"start":{"line":223,"column":13},"end":{"line":223,"column":28}},{"start":{"line":223,"column":32},"end":{"line":223,"column":37}}],"line":223}},"s":{"0":0,"1":0,"2":0,"3":0,"4":0,"5":0,"6":0,"7":0,"8":0,"9":0,"10":0,"11":0,"12":0,"13":0,"14":0,"15":0,"16":0,"17":0,"18":0,"19":0,"20":0,"21":0,"22":0,"23":0,"24":0,"25":0,"26":0,"27":0,"28":0,"29":0,"30":0,"31":0,"32":0,"33":0,"34":0,"35":0,"36":0,"37":0,"38":0,"39":0,"40":0,"41":0,"42":0,"43":0,"44":0,"45":0,"46":0,"47":0,"48":0,"49":0,"50":0,"51":0,"52":0,"53":0,"54":0,"55":0,"56":0,"57":0,"58":0,"59":0,"60":0,"61":0,"62":0,"63":0,"64":0,"65":0,"66":0,"67":0,"68":0,"69":0,"70":0,"71":0,"72":0,"73":0,"74":0,"75":0,"76":0,"77":0,"78":0},"f":{"0":0,"1":0,"2":0,"3":0,"4":0,"5":0,"6":0,"7":0,"8":0,"9":0,"10":0,"11":0,"12":0,"13":0},"b":{"0":[0,0],"1":[0,0],"2":[0,0],"3":[0,0],"4":[0,0],"5":[0,0],"6":[0,0],"7":[0,0],"8":[0,0],"9":[0,0],"10":[0,0],"11":[0,0],"12":[0,0],"13":[0,0],"14":[0,0],"15":[0,0],"16":[0,0],"17":[0,0],"18":[0,0],"19":[0,0]}}
}
