TN:
SF:src\context\AddressContext.js
FN:7,(anonymous_0)
FN:13,(anonymous_1)
FN:35,(anonymous_2)
FN:63,(anonymous_3)
FN:66,(anonymous_4)
FN:79,(anonymous_5)
FN:109,(anonymous_6)
FN:110,(anonymous_7)
FN:112,(anonymous_8)
FN:125,(anonymous_9)
FN:137,(anonymous_10)
FN:137,(anonymous_11)
FN:147,(anonymous_12)
FN:149,(anonymous_13)
FN:155,(anonymous_14)
FN:156,(anonymous_15)
FN:160,(anonymous_16)
FN:175,(anonymous_17)
FN:181,(anonymous_18)
FN:205,(anonymous_19)
FNF:20
FNH:19
FNDA:20,(anonymous_0)
FNDA:7,(anonymous_1)
FNDA:3,(anonymous_2)
FNDA:2,(anonymous_3)
FNDA:3,(anonymous_4)
FNDA:3,(anonymous_5)
FNDA:2,(anonymous_6)
FNDA:4,(anonymous_7)
FNDA:2,(anonymous_8)
FNDA:2,(anonymous_9)
FNDA:1,(anonymous_10)
FNDA:3,(anonymous_11)
FNDA:1,(anonymous_12)
FNDA:2,(anonymous_13)
FNDA:4,(anonymous_14)
FNDA:4,(anonymous_15)
FNDA:8,(anonymous_16)
FNDA:0,(anonymous_17)
FNDA:7,(anonymous_18)
FNDA:23,(anonymous_19)
DA:5,1
DA:7,1
DA:8,20
DA:9,20
DA:10,20
DA:13,20
DA:14,7
DA:16,7
DA:17,7
DA:18,7
DA:25,7
DA:26,6
DA:28,1
DA:30,7
DA:35,20
DA:36,3
DA:38,2
DA:40,2
DA:41,1
DA:47,2
DA:60,2
DA:63,2
DA:64,2
DA:65,2
DA:66,3
DA:68,1
DA:71,2
DA:73,0
DA:74,0
DA:79,20
DA:80,3
DA:82,2
DA:84,2
DA:85,1
DA:92,2
DA:106,2
DA:109,2
DA:110,4
DA:111,2
DA:112,2
DA:114,1
DA:117,2
DA:119,0
DA:120,0
DA:125,20
DA:126,2
DA:128,1
DA:129,1
DA:134,1
DA:137,3
DA:139,1
DA:141,0
DA:142,0
DA:147,20
DA:148,1
DA:149,2
DA:155,20
DA:156,4
DA:160,20
DA:161,8
DA:163,7
DA:165,7
DA:176,0
DA:181,7
DA:182,7
DA:186,20
DA:197,20
DA:205,1
DA:206,23
DA:207,22
DA:208,2
DA:210,20
LF:72
LH:65
BRDA:14,0,0,0
BRDA:14,0,1,7
BRDA:25,1,0,1
BRDA:25,1,1,6
BRDA:26,2,0,6
BRDA:26,2,1,0
BRDA:36,3,0,1
BRDA:36,3,1,2
BRDA:40,4,0,1
BRDA:40,4,1,1
BRDA:55,5,0,2
BRDA:55,5,1,1
BRDA:60,6,0,0
BRDA:60,6,1,2
BRDA:65,7,0,1
BRDA:65,7,1,1
BRDA:66,8,0,1
BRDA:66,8,1,2
BRDA:80,9,0,1
BRDA:80,9,1,2
BRDA:84,10,0,1
BRDA:84,10,1,1
BRDA:99,11,0,2
BRDA:99,11,1,1
BRDA:106,12,0,0
BRDA:106,12,1,2
BRDA:110,13,0,2
BRDA:110,13,1,2
BRDA:111,14,0,1
BRDA:111,14,1,1
BRDA:112,15,0,1
BRDA:112,15,1,1
BRDA:126,16,0,1
BRDA:126,16,1,1
BRDA:134,17,0,0
BRDA:134,17,1,1
BRDA:156,18,0,4
BRDA:156,18,1,1
BRDA:156,18,2,1
BRDA:161,19,0,1
BRDA:161,19,1,7
BRDA:207,20,0,2
BRDA:207,20,1,20
BRF:43
BRH:38
end_of_record
TN:
SF:src\context\AuthContext.js
FN:8,(anonymous_0)
FN:19,(anonymous_1)
FN:22,(anonymous_2)
FN:37,(anonymous_3)
FN:40,(anonymous_4)
FN:41,(anonymous_5)
FN:74,(anonymous_6)
FN:79,(anonymous_7)
FN:96,(anonymous_8)
FN:125,(anonymous_9)
FN:148,(anonymous_10)
FN:172,(anonymous_11)
FNF:12
FNH:12
FNDA:32,(anonymous_0)
FNDA:13,(anonymous_1)
FNDA:2,(anonymous_2)
FNDA:13,(anonymous_3)
FNDA:13,(anonymous_4)
FNDA:4,(anonymous_5)
FNDA:13,(anonymous_6)
FNDA:14,(anonymous_7)
FNDA:9,(anonymous_8)
FNDA:4,(anonymous_9)
FNDA:1,(anonymous_10)
FNDA:30,(anonymous_11)
DA:6,2
DA:8,2
DA:9,32
DA:10,32
DA:11,32
DA:12,32
DA:13,32
DA:14,32
DA:16,32
DA:17,32
DA:19,32
DA:20,13
DA:22,13
DA:23,2
DA:24,1
DA:25,1
DA:30,1
DA:31,1
DA:32,1
DA:33,1
DA:37,13
DA:40,32
DA:41,13
DA:42,4
DA:44,4
DA:45,2
DA:48,4
DA:49,2
DA:50,2
DA:52,2
DA:53,2
DA:55,2
DA:56,1
DA:57,1
DA:59,1
DA:60,1
DA:61,1
DA:64,1
DA:69,4
DA:72,13
DA:74,13
DA:75,13
DA:79,32
DA:80,14
DA:81,14
DA:82,14
DA:84,7
DA:87,0
DA:88,0
DA:89,0
DA:90,0
DA:92,14
DA:96,32
DA:97,9
DA:103,9
DA:104,0
DA:107,9
DA:108,0
DA:112,9
DA:113,1
DA:114,1
DA:115,1
DA:116,1
DA:117,1
DA:120,8
DA:121,8
DA:122,8
DA:125,32
DA:127,4
DA:133,4
DA:134,2
DA:137,2
DA:141,2
DA:143,1
DA:144,1
DA:148,32
DA:149,1
DA:150,1
DA:151,1
DA:152,1
DA:155,32
DA:172,30
LF:82
LH:76
BRDA:23,0,0,1
BRDA:23,0,1,1
BRDA:44,1,0,2
BRDA:44,1,1,2
BRDA:44,2,0,4
BRDA:44,2,1,2
BRDA:44,2,2,2
BRDA:48,3,0,2
BRDA:48,3,1,2
BRDA:48,4,0,4
BRDA:48,4,1,4
BRDA:48,4,2,2
BRDA:52,5,0,2
BRDA:52,5,1,0
BRDA:55,6,0,1
BRDA:55,6,1,1
BRDA:82,7,0,7
BRDA:82,7,1,7
BRDA:103,8,0,0
BRDA:103,8,1,9
BRDA:107,9,0,0
BRDA:107,9,1,9
BRDA:112,10,0,1
BRDA:112,10,1,8
BRDA:133,11,0,2
BRDA:133,11,1,2
BRDA:133,12,0,4
BRDA:133,12,1,4
BRDA:141,13,0,1
BRDA:141,13,1,1
BRDA:143,14,0,1
BRDA:143,14,1,0
BRF:32
BRH:28
end_of_record
TN:
SF:src\context\CartContext.js
FN:6,(anonymous_0)
FN:10,(anonymous_1)
FN:15,(anonymous_2)
FN:28,(anonymous_3)
FN:30,(anonymous_4)
FN:45,(anonymous_5)
FN:71,(anonymous_6)
FN:78,(anonymous_7)
FN:79,(anonymous_8)
FN:100,(anonymous_9)
FN:101,(anonymous_10)
FN:101,(anonymous_11)
FN:105,(anonymous_12)
FN:110,(anonymous_13)
FN:111,(anonymous_14)
FN:115,(anonymous_15)
FN:116,(anonymous_16)
FN:120,(anonymous_17)
FN:121,(anonymous_18)
FN:125,(anonymous_19)
FN:126,(anonymous_20)
FN:131,(anonymous_21)
FN:133,(anonymous_22)
FN:134,(anonymous_23)
FN:158,(anonymous_24)
FNF:25
FNH:25
FNDA:20,(anonymous_0)
FNDA:10,(anonymous_1)
FNDA:12,(anonymous_2)
FNDA:10,(anonymous_3)
FNDA:3,(anonymous_4)
FNDA:1,(anonymous_5)
FNDA:3,(anonymous_6)
FNDA:2,(anonymous_7)
FNDA:2,(anonymous_8)
FNDA:2,(anonymous_9)
FNDA:2,(anonymous_10)
FNDA:2,(anonymous_11)
FNDA:1,(anonymous_12)
FNDA:2,(anonymous_13)
FNDA:1,(anonymous_14)
FNDA:4,(anonymous_15)
FNDA:3,(anonymous_16)
FNDA:2,(anonymous_17)
FNDA:2,(anonymous_18)
FNDA:6,(anonymous_19)
FNDA:6,(anonymous_20)
FNDA:20,(anonymous_21)
FNDA:10,(anonymous_22)
FNDA:10,(anonymous_23)
FNDA:23,(anonymous_24)
DA:4,1
DA:6,1
DA:7,20
DA:10,20
DA:11,10
DA:15,20
DA:17,12
DA:18,1
DA:19,1
DA:23,11
DA:24,1
DA:25,1
DA:28,10
DA:30,10
DA:32,10
DA:34,2
DA:35,2
DA:38,2
DA:39,1
DA:40,1
DA:43,1
DA:45,1
DA:46,1
DA:58,8
DA:59,8
DA:71,20
DA:72,3
DA:74,1
DA:75,1
DA:78,2
DA:79,2
DA:80,2
DA:82,2
DA:83,1
DA:84,1
DA:87,1
DA:88,1
DA:94,0
DA:100,20
DA:101,2
DA:105,20
DA:106,1
DA:110,20
DA:111,2
DA:115,20
DA:116,4
DA:120,20
DA:121,2
DA:125,20
DA:126,6
DA:127,6
DA:131,20
DA:133,10
DA:134,10
DA:138,20
DA:158,1
DA:159,23
DA:160,22
DA:161,2
DA:163,20
LF:60
LH:59
BRDA:17,0,0,1
BRDA:17,0,1,11
BRDA:23,1,0,1
BRDA:23,1,1,10
BRDA:23,2,0,11
BRDA:23,2,1,11
BRDA:32,3,0,2
BRDA:32,3,1,8
BRDA:38,4,0,1
BRDA:38,4,1,1
BRDA:38,5,0,2
BRDA:38,5,1,2
BRDA:46,6,0,1
BRDA:46,6,1,0
BRDA:72,7,0,1
BRDA:72,7,1,2
BRDA:80,8,0,2
BRDA:80,8,1,0
BRDA:82,9,0,1
BRDA:82,9,1,1
BRDA:82,10,0,2
BRDA:82,10,1,2
BRDA:127,11,0,5
BRDA:127,11,1,1
BRDA:160,12,0,2
BRDA:160,12,1,20
BRF:26
BRH:24
end_of_record
TN:
SF:src\context\DeliveryProofContext.js
FN:9,(anonymous_0)
FN:14,(anonymous_1)
FN:56,(anonymous_2)
FN:109,(anonymous_3)
FN:133,(anonymous_4)
FN:174,(anonymous_5)
FNF:6
FNH:6
FNDA:16,(anonymous_0)
FNDA:4,(anonymous_1)
FNDA:3,(anonymous_2)
FNDA:2,(anonymous_3)
FNDA:3,(anonymous_4)
FNDA:19,(anonymous_5)
DA:7,1
DA:9,1
DA:10,16
DA:11,16
DA:14,16
DA:15,4
DA:17,3
DA:18,3
DA:21,3
DA:22,3
DA:25,3
DA:28,3
DA:29,3
DA:32,3
DA:39,3
DA:42,2
DA:46,2
DA:48,1
DA:49,1
DA:51,3
DA:56,16
DA:57,3
DA:59,2
DA:61,2
DA:67,2
DA:73,2
DA:79,2
DA:80,0
DA:82,2
DA:83,0
DA:86,2
DA:99,2
DA:101,1
DA:103,1
DA:104,1
DA:109,16
DA:110,2
DA:111,2
DA:117,2
DA:119,2
DA:120,1
DA:122,1
DA:125,0
DA:127,1
DA:128,1
DA:133,16
DA:134,3
DA:136,2
DA:137,2
DA:149,2
DA:151,1
DA:153,1
DA:154,1
DA:158,16
DA:166,16
DA:174,1
DA:175,19
DA:176,18
DA:177,2
DA:179,16
LF:60
LH:57
BRDA:15,0,0,1
BRDA:15,0,1,3
BRDA:35,1,0,2
BRDA:35,1,1,1
BRDA:39,2,0,1
BRDA:39,2,1,2
BRDA:57,3,0,1
BRDA:57,3,1,2
BRDA:79,4,0,0
BRDA:79,4,1,2
BRDA:82,5,0,0
BRDA:82,5,1,2
BRDA:99,6,0,1
BRDA:99,6,1,1
BRDA:117,7,0,2
BRDA:117,7,1,0
BRDA:119,8,0,1
BRDA:119,8,1,1
BRDA:134,9,0,1
BRDA:134,9,1,2
BRDA:149,10,0,1
BRDA:149,10,1,1
BRDA:176,11,0,2
BRDA:176,11,1,16
BRF:24
BRH:21
end_of_record
TN:
SF:src\context\FavoritesContext.js
FN:7,FavoritesProvider
FN:12,(anonymous_1)
FN:24,(anonymous_2)
FN:33,(anonymous_3)
FN:37,(anonymous_4)
FN:45,(anonymous_5)
FN:54,(anonymous_6)
FN:63,(anonymous_7)
FN:76,useFavorites
FNF:9
FNH:9
FNDA:27,FavoritesProvider
FNDA:9,(anonymous_1)
FNDA:6,(anonymous_2)
FNDA:14,(anonymous_3)
FNDA:5,(anonymous_4)
FNDA:1,(anonymous_5)
FNDA:1,(anonymous_6)
FNDA:9,(anonymous_7)
FNDA:30,useFavorites
DA:5,1
DA:8,27
DA:9,27
DA:10,27
DA:12,27
DA:13,9
DA:14,2
DA:15,2
DA:17,7
DA:18,7
DA:19,7
DA:23,6
DA:24,6
DA:27,1
DA:29,7
DA:33,27
DA:34,14
DA:37,27
DA:38,5
DA:39,4
DA:40,4
DA:41,4
DA:42,2
DA:44,2
DA:45,1
DA:46,1
DA:47,1
DA:48,1
DA:50,1
DA:52,2
DA:53,2
DA:54,1
DA:55,1
DA:58,2
DA:59,2
DA:63,27
DA:64,9
DA:67,27
DA:77,30
DA:78,29
DA:79,27
LF:41
LH:41
BRDA:13,0,0,2
BRDA:13,0,1,7
BRDA:23,1,0,6
BRDA:23,1,1,0
BRDA:23,2,0,6
BRDA:23,2,1,6
BRDA:38,3,0,1
BRDA:38,3,1,4
BRDA:41,4,0,2
BRDA:41,4,1,2
BRDA:44,5,0,1
BRDA:44,5,1,1
BRDA:53,6,0,1
BRDA:53,6,1,1
BRDA:78,7,0,2
BRDA:78,7,1,27
BRF:16
BRH:15
end_of_record
TN:
SF:src\context\NotificationContext.js
FN:8,(anonymous_0)
FN:17,(anonymous_1)
FN:22,(anonymous_2)
FN:43,(anonymous_3)
FN:58,(anonymous_4)
FN:67,(anonymous_5)
FN:88,(anonymous_6)
FN:91,(anonymous_7)
FN:92,(anonymous_8)
FN:99,(anonymous_9)
FN:106,(anonymous_10)
FN:113,(anonymous_11)
FN:122,(anonymous_12)
FN:123,(anonymous_13)
FN:127,(anonymous_14)
FN:134,(anonymous_15)
FN:146,(anonymous_16)
FN:147,(anonymous_17)
FN:156,(anonymous_18)
FN:165,(anonymous_19)
FN:165,(anonymous_20)
FN:167,(anonymous_21)
FN:169,(anonymous_22)
FN:177,(anonymous_23)
FN:214,(anonymous_24)
FNF:25
FNH:25
FNDA:56,(anonymous_0)
FNDA:17,(anonymous_1)
FNDA:16,(anonymous_2)
FNDA:16,(anonymous_3)
FNDA:24,(anonymous_4)
FNDA:17,(anonymous_5)
FNDA:2,(anonymous_6)
FNDA:1,(anonymous_7)
FNDA:1,(anonymous_8)
FNDA:1,(anonymous_9)
FNDA:15,(anonymous_10)
FNDA:2,(anonymous_11)
FNDA:1,(anonymous_12)
FNDA:3,(anonymous_13)
FNDA:1,(anonymous_14)
FNDA:3,(anonymous_15)
FNDA:1,(anonymous_16)
FNDA:2,(anonymous_17)
FNDA:3,(anonymous_18)
FNDA:2,(anonymous_19)
FNDA:4,(anonymous_20)
FNDA:3,(anonymous_21)
FNDA:1,(anonymous_22)
FNDA:3,(anonymous_23)
FNDA:59,(anonymous_24)
DA:6,1
DA:8,1
DA:9,56
DA:10,56
DA:11,56
DA:12,56
DA:13,56
DA:14,56
DA:15,56
DA:17,56
DA:18,17
DA:22,56
DA:23,16
DA:25,16
DA:26,16
DA:32,16
DA:35,15
DA:37,1
DA:38,1
DA:43,56
DA:44,16
DA:46,16
DA:47,16
DA:48,16
DA:55,16
DA:57,15
DA:58,24
DA:60,1
DA:62,16
DA:67,56
DA:68,17
DA:69,2
DA:70,2
DA:71,2
DA:74,15
DA:75,15
DA:78,15
DA:90,2
DA:91,1
DA:92,1
DA:99,15
DA:100,1
DA:101,1
DA:102,1
DA:106,15
DA:107,15
DA:108,15
DA:113,56
DA:114,2
DA:115,2
DA:120,2
DA:122,1
DA:123,1
DA:124,3
DA:127,1
DA:129,1
DA:134,56
DA:135,3
DA:137,2
DA:138,2
DA:144,2
DA:146,1
DA:147,2
DA:149,1
DA:151,1
DA:156,56
DA:157,3
DA:158,3
DA:163,3
DA:165,4
DA:167,3
DA:168,2
DA:169,1
DA:172,1
DA:177,56
DA:178,3
DA:180,2
DA:181,2
DA:186,2
DA:188,1
DA:189,1
DA:191,1
DA:195,56
DA:214,1
DA:215,59
DA:216,58
DA:217,2
DA:219,56
LF:88
LH:88
BRDA:23,0,0,0
BRDA:23,0,1,16
BRDA:32,1,0,1
BRDA:32,1,1,15
BRDA:44,2,0,0
BRDA:44,2,1,16
BRDA:55,3,0,1
BRDA:55,3,1,15
BRDA:57,4,0,15
BRDA:57,4,1,0
BRDA:58,5,0,15
BRDA:58,5,1,1
BRDA:68,6,0,2
BRDA:68,6,1,15
BRDA:90,7,0,1
BRDA:90,7,1,1
BRDA:100,8,0,1
BRDA:100,8,1,0
BRDA:107,9,0,15
BRDA:107,9,1,0
BRDA:120,10,0,1
BRDA:120,10,1,1
BRDA:124,11,0,1
BRDA:124,11,1,2
BRDA:135,12,0,1
BRDA:135,12,1,2
BRDA:135,13,0,3
BRDA:135,13,1,2
BRDA:144,14,0,1
BRDA:144,14,1,1
BRDA:163,15,0,1
BRDA:163,15,1,2
BRDA:168,16,0,1
BRDA:168,16,1,1
BRDA:168,17,0,2
BRDA:168,17,1,2
BRDA:178,18,0,1
BRDA:178,18,1,2
BRDA:186,19,0,1
BRDA:186,19,1,1
BRDA:216,20,0,2
BRDA:216,20,1,56
BRF:42
BRH:37
end_of_record
TN:
SF:src\context\ProductContext.js
FN:9,(anonymous_0)
FN:18,(anonymous_1)
FN:41,(anonymous_2)
FN:58,(anonymous_3)
FN:59,(anonymous_4)
FN:60,(anonymous_5)
FN:67,(anonymous_6)
FN:68,(anonymous_7)
FN:72,(anonymous_8)
FN:73,(anonymous_9)
FN:73,(anonymous_10)
FN:77,(anonymous_11)
FN:82,(anonymous_12)
FN:84,(anonymous_13)
FN:88,(anonymous_14)
FN:89,(anonymous_15)
FN:93,(anonymous_16)
FN:94,(anonymous_17)
FN:98,(anonymous_18)
FN:111,(anonymous_19)
FN:149,(anonymous_20)
FN:168,(anonymous_21)
FN:172,(anonymous_22)
FN:183,(anonymous_23)
FNF:24
FNH:24
FNDA:47,(anonymous_0)
FNDA:14,(anonymous_1)
FNDA:2,(anonymous_2)
FNDA:2,(anonymous_3)
FNDA:2,(anonymous_4)
FNDA:5,(anonymous_5)
FNDA:3,(anonymous_6)
FNDA:3,(anonymous_7)
FNDA:1,(anonymous_8)
FNDA:1,(anonymous_9)
FNDA:3,(anonymous_10)
FNDA:5,(anonymous_11)
FNDA:2,(anonymous_12)
FNDA:2,(anonymous_13)
FNDA:1,(anonymous_14)
FNDA:2,(anonymous_15)
FNDA:1,(anonymous_16)
FNDA:2,(anonymous_17)
FNDA:13,(anonymous_18)
FNDA:7,(anonymous_19)
FNDA:13,(anonymous_20)
FNDA:1,(anonymous_21)
FNDA:1,(anonymous_22)
FNDA:50,(anonymous_23)
DA:7,1
DA:9,1
DA:10,47
DA:11,47
DA:12,47
DA:13,47
DA:14,47
DA:15,47
DA:18,47
DA:19,14
DA:20,14
DA:21,14
DA:27,14
DA:29,13
DA:30,13
DA:32,1
DA:33,1
DA:35,14
DA:36,14
DA:41,47
DA:42,2
DA:43,2
DA:49,2
DA:50,1
DA:52,1
DA:53,1
DA:58,47
DA:59,2
DA:60,2
DA:61,5
DA:67,47
DA:68,3
DA:72,47
DA:73,3
DA:77,47
DA:78,5
DA:82,47
DA:83,2
DA:84,2
DA:88,47
DA:89,2
DA:93,47
DA:94,2
DA:98,47
DA:99,13
DA:102,13
DA:112,7
DA:114,7
DA:116,3
DA:117,3
DA:118,3
DA:121,2
DA:122,2
DA:125,2
DA:126,2
DA:128,2
DA:129,1
DA:131,2
DA:134,1
DA:135,1
DA:136,1
DA:139,1
DA:142,7
DA:147,13
DA:149,13
DA:150,13
DA:151,12
DA:157,47
DA:169,1
DA:170,1
DA:172,1
DA:175,47
DA:183,1
DA:184,50
DA:185,49
DA:186,2
DA:188,47
LF:77
LH:77
BRDA:27,0,0,1
BRDA:27,0,1,13
BRDA:29,1,0,13
BRDA:29,1,1,1
BRDA:49,2,0,1
BRDA:49,2,1,1
BRDA:61,3,0,2
BRDA:61,3,1,3
BRDA:78,4,0,5
BRDA:78,4,1,2
BRDA:83,5,0,1
BRDA:83,5,1,1
BRDA:114,6,0,3
BRDA:114,6,1,2
BRDA:114,6,2,1
BRDA:114,6,3,1
BRDA:128,7,0,1
BRDA:128,7,1,1
BRDA:150,8,0,12
BRDA:150,8,1,1
BRDA:185,9,0,2
BRDA:185,9,1,47
BRF:22
BRH:22
end_of_record
TN:
SF:src\context\ReviewContext.js
FN:7,(anonymous_0)
FN:12,(anonymous_1)
FN:25,(anonymous_2)
FN:39,(anonymous_3)
FN:63,(anonymous_4)
FN:92,(anonymous_5)
FN:121,(anonymous_6)
FN:141,(anonymous_7)
FN:168,(anonymous_8)
FN:194,(anonymous_9)
FN:239,(anonymous_10)
FNF:11
FNH:11
FNDA:25,(anonymous_0)
FNDA:3,(anonymous_1)
FNDA:3,(anonymous_2)
FNDA:2,(anonymous_3)
FNDA:3,(anonymous_4)
FNDA:3,(anonymous_5)
FNDA:3,(anonymous_6)
FNDA:3,(anonymous_7)
FNDA:3,(anonymous_8)
FNDA:3,(anonymous_9)
FNDA:31,(anonymous_10)
DA:5,1
DA:7,1
DA:8,25
DA:9,25
DA:12,25
DA:13,3
DA:14,3
DA:19,3
DA:21,2
DA:22,1
DA:25,3
DA:26,1
DA:28,1
DA:33,1
DA:34,1
DA:39,25
DA:40,2
DA:41,2
DA:53,2
DA:55,1
DA:57,1
DA:58,1
DA:63,25
DA:64,3
DA:66,2
DA:67,2
DA:69,2
DA:80,2
DA:82,1
DA:84,1
DA:85,1
DA:87,2
DA:92,25
DA:93,3
DA:95,2
DA:96,2
DA:98,2
DA:109,2
DA:111,1
DA:113,1
DA:114,1
DA:116,2
DA:121,25
DA:122,3
DA:124,2
DA:125,2
DA:131,2
DA:133,1
DA:135,1
DA:136,1
DA:141,25
DA:142,3
DA:144,3
DA:145,3
DA:152,3
DA:154,2
DA:155,1
DA:157,1
DA:160,1
DA:162,1
DA:163,1
DA:168,25
DA:169,3
DA:171,3
DA:172,3
DA:179,3
DA:180,2
DA:181,1
DA:183,1
DA:186,1
DA:188,1
DA:189,1
DA:194,25
DA:195,3
DA:197,2
DA:198,2
DA:210,2
DA:212,1
DA:214,1
DA:215,1
DA:219,25
DA:231,25
DA:239,1
DA:240,31
DA:241,30
DA:242,2
DA:244,28
LF:87
LH:87
BRDA:19,0,0,1
BRDA:19,0,1,2
BRDA:21,1,0,1
BRDA:21,1,1,1
BRDA:21,2,0,2
BRDA:21,2,1,2
BRDA:39,3,0,1
BRDA:53,4,0,1
BRDA:53,4,1,1
BRDA:55,5,0,1
BRDA:55,5,1,0
BRDA:64,6,0,1
BRDA:64,6,1,2
BRDA:75,7,0,2
BRDA:75,7,1,0
BRDA:80,8,0,1
BRDA:80,8,1,1
BRDA:93,9,0,1
BRDA:93,9,1,2
BRDA:102,10,0,2
BRDA:102,10,1,0
BRDA:109,11,0,1
BRDA:109,11,1,1
BRDA:122,12,0,1
BRDA:122,12,1,2
BRDA:131,13,0,1
BRDA:131,13,1,1
BRDA:142,14,0,0
BRDA:142,14,1,3
BRDA:152,15,0,2
BRDA:152,15,1,1
BRDA:154,16,0,1
BRDA:154,16,1,1
BRDA:169,17,0,0
BRDA:169,17,1,3
BRDA:179,18,0,2
BRDA:179,18,1,1
BRDA:180,19,0,1
BRDA:180,19,1,1
BRDA:195,20,0,1
BRDA:195,20,1,2
BRDA:210,21,0,1
BRDA:210,21,1,1
BRDA:212,22,0,1
BRDA:212,22,1,0
BRDA:241,23,0,2
BRDA:241,23,1,28
BRF:47
BRH:41
end_of_record
TN:
SF:src\context\RiderRatingContext.js
FN:7,(anonymous_0)
FN:12,(anonymous_1)
FN:25,(anonymous_2)
FN:39,(anonymous_3)
FN:63,(anonymous_4)
FN:93,(anonymous_5)
FN:122,(anonymous_6)
FN:148,(anonymous_7)
FN:174,(anonymous_8)
FN:196,(anonymous_9)
FN:202,(anonymous_10)
FN:203,(anonymous_11)
FN:204,(anonymous_12)
FN:205,(anonymous_13)
FN:206,(anonymous_14)
FN:233,(anonymous_15)
FNF:16
FNH:16
FNDA:22,(anonymous_0)
FNDA:2,(anonymous_1)
FNDA:3,(anonymous_2)
FNDA:2,(anonymous_3)
FNDA:3,(anonymous_4)
FNDA:3,(anonymous_5)
FNDA:4,(anonymous_6)
FNDA:4,(anonymous_7)
FNDA:3,(anonymous_8)
FNDA:5,(anonymous_9)
FNDA:5,(anonymous_10)
FNDA:5,(anonymous_11)
FNDA:5,(anonymous_12)
FNDA:5,(anonymous_13)
FNDA:5,(anonymous_14)
FNDA:26,(anonymous_15)
DA:5,1
DA:7,1
DA:8,22
DA:9,22
DA:12,22
DA:13,2
DA:14,2
DA:19,2
DA:21,1
DA:22,0
DA:25,3
DA:26,1
DA:28,1
DA:33,1
DA:34,1
DA:39,22
DA:40,2
DA:41,2
DA:53,1
DA:55,1
DA:57,1
DA:58,1
DA:63,22
DA:64,3
DA:66,2
DA:67,2
DA:69,2
DA:81,2
DA:83,1
DA:85,1
DA:86,1
DA:88,2
DA:93,22
DA:94,3
DA:96,2
DA:97,2
DA:99,2
DA:110,2
DA:112,1
DA:114,1
DA:115,1
DA:117,2
DA:122,22
DA:123,4
DA:125,3
DA:126,3
DA:133,3
DA:134,2
DA:135,1
DA:137,1
DA:140,1
DA:142,1
DA:143,1
DA:148,22
DA:149,4
DA:151,3
DA:152,3
DA:159,3
DA:160,2
DA:161,1
DA:163,1
DA:166,1
DA:168,1
DA:169,1
DA:174,22
DA:175,3
DA:176,3
DA:181,3
DA:183,2
DA:184,1
DA:195,1
DA:196,5
DA:197,1
DA:199,1
DA:202,5
DA:203,5
DA:204,5
DA:205,5
DA:206,5
DA:209,1
DA:210,1
DA:214,22
DA:225,22
DA:233,1
DA:234,26
DA:235,25
DA:236,2
DA:238,23
LF:88
LH:87
BRDA:19,0,0,1
BRDA:19,0,1,1
BRDA:21,1,0,0
BRDA:21,1,1,1
BRDA:21,2,0,1
BRDA:21,2,1,1
BRDA:39,3,0,0
BRDA:53,4,0,0
BRDA:53,4,1,1
BRDA:55,5,0,1
BRDA:55,5,1,0
BRDA:64,6,0,1
BRDA:64,6,1,2
BRDA:76,7,0,2
BRDA:76,7,1,0
BRDA:81,8,0,1
BRDA:81,8,1,1
BRDA:94,9,0,1
BRDA:94,9,1,2
BRDA:103,10,0,2
BRDA:103,10,1,0
BRDA:110,11,0,1
BRDA:110,11,1,1
BRDA:123,12,0,1
BRDA:123,12,1,3
BRDA:133,13,0,2
BRDA:133,13,1,1
BRDA:134,14,0,1
BRDA:134,14,1,1
BRDA:149,15,0,1
BRDA:149,15,1,3
BRDA:159,16,0,2
BRDA:159,16,1,1
BRDA:160,17,0,1
BRDA:160,17,1,1
BRDA:181,18,0,1
BRDA:181,18,1,2
BRDA:183,19,0,1
BRDA:183,19,1,1
BRDA:183,20,0,2
BRDA:183,20,1,2
BRDA:235,21,0,2
BRDA:235,21,1,23
BRF:43
BRH:37
end_of_record
TN:
SF:src\lib\supabase.js
FNF:0
FNH:0
DA:7,2
DA:8,2
DA:10,2
DA:11,1
DA:17,1
LF:5
LH:5
BRDA:10,0,0,1
BRDA:10,0,1,1
BRDA:10,1,0,2
BRDA:10,1,1,1
BRF:4
BRH:4
end_of_record
TN:
SF:src\services\avatarService.js
FN:8,(anonymous_0)
FN:16,(anonymous_1)
FN:24,(anonymous_2)
FN:50,(anonymous_3)
FN:80,(anonymous_4)
FN:143,(anonymous_5)
FNF:6
FNH:6
FNDA:30,(anonymous_0)
FNDA:2,(anonymous_1)
FNDA:2,(anonymous_2)
FNDA:2,(anonymous_3)
FNDA:3,(anonymous_4)
FNDA:4,(anonymous_5)
DA:7,1
DA:8,1
DA:9,30
DA:10,30
DA:14,1
DA:17,2
DA:18,2
DA:20,2
DA:25,2
DA:26,2
DA:27,2
DA:35,2
DA:37,2
DA:38,1
DA:40,1
DA:41,1
DA:44,0
DA:45,0
DA:51,2
DA:52,2
DA:53,2
DA:54,2
DA:55,1
DA:58,1
DA:65,1
DA:67,1
DA:68,1
DA:70,0
DA:71,0
DA:74,1
DA:75,1
DA:81,3
DA:82,3
DA:85,3
DA:86,3
DA:87,3
DA:88,3
DA:90,3
DA:93,3
DA:98,3
DA:106,3
DA:107,1
DA:110,2
DA:113,2
DA:117,2
DA:118,2
DA:121,2
DA:122,2
DA:130,2
DA:131,1
DA:134,1
DA:135,1
DA:137,2
DA:138,2
DA:144,4
DA:145,4
DA:146,1
DA:147,1
DA:150,3
DA:153,3
DA:154,3
DA:155,3
DA:156,2
DA:159,1
DA:160,1
DA:161,0
DA:165,3
DA:166,1
DA:167,1
DA:168,1
DA:171,2
DA:174,2
DA:178,2
DA:179,1
DA:180,1
DA:183,1
DA:186,1
DA:194,1
DA:195,0
DA:196,0
DA:199,1
DA:201,2
DA:202,2
LF:83
LH:76
BRDA:9,0,0,30
BRDA:9,0,1,0
BRDA:20,1,0,2
BRDA:20,1,1,1
BRDA:37,2,0,1
BRDA:37,2,1,1
BRDA:37,3,0,2
BRDA:37,3,1,1
BRDA:37,3,2,1
BRDA:54,4,0,1
BRDA:54,4,1,1
BRDA:67,5,0,1
BRDA:67,5,1,0
BRDA:67,6,0,1
BRDA:67,6,1,1
BRDA:67,6,2,1
BRDA:86,7,0,3
BRDA:86,7,1,0
BRDA:88,8,0,1
BRDA:88,8,1,2
BRDA:106,9,0,1
BRDA:106,9,1,2
BRDA:130,10,0,1
BRDA:130,10,1,1
BRDA:145,11,0,1
BRDA:145,11,1,3
BRDA:155,12,0,2
BRDA:155,12,1,1
BRDA:160,13,0,0
BRDA:160,13,1,1
BRDA:165,14,0,1
BRDA:165,14,1,2
BRDA:178,15,0,1
BRDA:178,15,1,1
BRDA:194,16,0,0
BRDA:194,16,1,1
BRF:36
BRH:31
end_of_record
TN:
SF:src\services\errorHandlerService.js
FN:12,(anonymous_0)
FN:14,(anonymous_1)
FN:19,(anonymous_2)
FN:38,(anonymous_3)
FN:64,(anonymous_4)
FN:71,(anonymous_5)
FN:78,(anonymous_6)
FNF:7
FNH:7
FNDA:1,(anonymous_0)
FNDA:1,(anonymous_1)
FNDA:1,(anonymous_2)
FNDA:59,(anonymous_3)
FNDA:5,(anonymous_4)
FNDA:5,(anonymous_5)
FNDA:2,(anonymous_6)
DA:8,5
DA:9,5
DA:12,5
DA:14,1
DA:15,1
DA:19,1
DA:20,1
DA:24,1
DA:25,1
DA:28,1
DA:29,1
DA:32,1
DA:38,5
DA:39,59
DA:49,59
DA:50,59
DA:51,5
DA:55,59
DA:64,5
DA:65,5
DA:71,5
DA:72,5
DA:78,5
DA:79,2
LF:24
LH:24
BRDA:20,0,0,1
BRDA:20,0,1,0
BRDA:24,1,0,1
BRDA:24,1,1,0
BRDA:28,2,0,1
BRDA:28,2,1,0
BRDA:28,3,0,1
BRDA:28,3,1,1
BRDA:38,4,0,58
BRDA:42,5,0,59
BRDA:42,5,1,1
BRDA:43,6,0,59
BRDA:43,6,1,1
BRDA:50,7,0,5
BRDA:50,7,1,54
BRDA:78,8,0,1
BRDA:78,9,0,1
BRF:17
BRH:14
end_of_record
TN:
SF:src\services\imageOptimizationService.js
FN:13,(anonymous_0)
FN:58,(anonymous_1)
FN:82,(anonymous_2)
FN:127,(anonymous_3)
FN:140,(anonymous_4)
FN:144,(anonymous_5)
FN:152,(anonymous_6)
FN:169,(anonymous_7)
FN:172,(anonymous_8)
FN:173,(anonymous_9)
FN:194,(anonymous_10)
FNF:11
FNH:11
FNDA:3,(anonymous_0)
FNDA:2,(anonymous_1)
FNDA:3,(anonymous_2)
FNDA:2,(anonymous_3)
FNDA:5,(anonymous_4)
FNDA:2,(anonymous_5)
FNDA:2,(anonymous_6)
FNDA:2,(anonymous_7)
FNDA:2,(anonymous_8)
FNDA:1,(anonymous_9)
FNDA:3,(anonymous_10)
DA:5,1
DA:6,1
DA:7,1
DA:9,1
DA:14,3
DA:16,3
DA:17,2
DA:20,2
DA:21,1
DA:30,1
DA:31,1
DA:33,1
DA:43,1
DA:50,1
DA:51,1
DA:59,2
DA:60,2
DA:69,1
DA:74,1
DA:75,1
DA:83,3
DA:85,3
DA:86,3
DA:89,2
DA:94,2
DA:102,2
DA:105,1
DA:109,1
DA:119,2
DA:120,2
DA:128,2
DA:130,2
DA:131,5
DA:132,5
DA:133,5
DA:135,5
DA:136,3
DA:140,5
DA:141,2
DA:144,2
DA:153,2
DA:154,2
DA:158,2
DA:159,1
DA:161,1
DA:162,1
DA:170,2
DA:171,2
DA:172,2
DA:173,2
DA:174,1
DA:178,1
DA:186,1
DA:187,1
DA:195,3
DA:196,3
DA:197,3
DA:200,3
DA:201,3
DA:202,1
DA:206,2
DA:211,1
DA:213,1
DA:214,1
LF:64
LH:64
BRDA:20,0,0,1
BRDA:20,0,1,1
BRDA:86,1,0,1
BRDA:86,1,1,2
BRDA:102,2,0,1
BRDA:102,2,1,1
BRDA:135,3,0,3
BRDA:135,3,1,2
BRDA:158,4,0,1
BRDA:158,4,1,1
BRDA:201,5,0,1
BRDA:201,5,1,2
BRF:12
BRH:12
end_of_record
TN:
SF:src\services\locationTrackingService.js
FN:13,(anonymous_0)
FN:37,(anonymous_1)
FN:59,(anonymous_2)
FN:74,(anonymous_3)
FN:77,(anonymous_4)
FN:95,(anonymous_5)
FN:140,(anonymous_6)
FN:167,(anonymous_7)
FN:193,(anonymous_8)
FN:204,(anonymous_9)
FN:215,(anonymous_10)
FN:220,(anonymous_11)
FNF:12
FNH:12
FNDA:7,(anonymous_0)
FNDA:2,(anonymous_1)
FNDA:4,(anonymous_2)
FNDA:2,(anonymous_3)
FNDA:1,(anonymous_4)
FNDA:3,(anonymous_5)
FNDA:1,(anonymous_6)
FNDA:3,(anonymous_7)
FNDA:1,(anonymous_8)
FNDA:1,(anonymous_9)
FNDA:1,(anonymous_10)
FNDA:3,(anonymous_11)
DA:4,1
DA:6,1
DA:14,7
DA:15,7
DA:17,6
DA:18,2
DA:22,4
DA:24,4
DA:30,1
DA:38,2
DA:39,2
DA:43,1
DA:52,1
DA:60,4
DA:62,4
DA:63,4
DA:64,1
DA:68,3
DA:76,2
DA:77,2
DA:78,1
DA:83,2
DA:88,1
DA:96,3
DA:97,3
DA:108,3
DA:111,2
DA:120,2
DA:121,1
DA:130,2
DA:132,1
DA:133,1
DA:141,1
DA:142,1
DA:143,1
DA:144,1
DA:147,1
DA:150,1
DA:158,1
DA:160,0
DA:168,3
DA:170,3
DA:174,2
DA:176,1
DA:177,1
DA:179,1
DA:186,2
DA:194,1
DA:205,1
DA:215,1
DA:216,1
DA:221,3
DA:222,2
DA:223,2
LF:54
LH:53
BRDA:17,0,0,2
BRDA:17,0,1,4
BRDA:63,1,0,1
BRDA:63,1,1,3
BRDA:108,2,0,1
BRDA:108,2,1,2
BRDA:120,3,0,1
BRDA:120,3,1,1
BRDA:142,4,0,1
BRDA:142,4,1,0
BRDA:174,5,0,1
BRDA:174,5,1,1
BRDA:221,6,0,2
BRDA:221,6,1,1
BRF:14
BRH:13
end_of_record
TN:
SF:src\services\mobileNotificationService.js
FN:12,(anonymous_0)
FN:23,(anonymous_1)
FN:61,(anonymous_2)
FN:64,(anonymous_3)
FN:71,(anonymous_4)
FN:77,(anonymous_5)
FN:86,(anonymous_6)
FN:112,(anonymous_7)
FN:134,(anonymous_8)
FN:136,(anonymous_9)
FN:149,(anonymous_10)
FN:161,(anonymous_11)
FN:168,(anonymous_12)
FN:174,(anonymous_13)
FN:182,(anonymous_14)
FN:200,(anonymous_15)
FNF:16
FNH:14
FNDA:0,(anonymous_0)
FNDA:4,(anonymous_1)
FNDA:1,(anonymous_2)
FNDA:1,(anonymous_3)
FNDA:1,(anonymous_4)
FNDA:1,(anonymous_5)
FNDA:4,(anonymous_6)
FNDA:2,(anonymous_7)
FNDA:3,(anonymous_8)
FNDA:0,(anonymous_9)
FNDA:2,(anonymous_10)
FNDA:1,(anonymous_11)
FNDA:1,(anonymous_12)
FNDA:1,(anonymous_13)
FNDA:2,(anonymous_14)
FNDA:4,(anonymous_15)
DA:7,1
DA:8,1
DA:11,1
DA:12,0
DA:19,1
DA:24,4
DA:25,4
DA:26,0
DA:27,0
DA:30,4
DA:31,4
DA:33,4
DA:34,2
DA:35,2
DA:38,4
DA:39,2
DA:40,2
DA:43,2
DA:46,2
DA:47,1
DA:50,1
DA:51,1
DA:53,1
DA:54,1
DA:63,1
DA:65,1
DA:70,1
DA:72,1
DA:73,1
DA:77,1
DA:78,1
DA:79,1
DA:87,4
DA:88,1
DA:91,3
DA:92,1
DA:95,2
DA:96,2
DA:101,2
DA:102,1
DA:104,1
DA:105,1
DA:113,2
DA:114,2
DA:124,1
DA:126,1
DA:127,1
DA:135,3
DA:136,1
DA:139,2
DA:150,2
DA:152,2
DA:162,1
DA:165,2
DA:169,1
DA:170,1
DA:174,2
DA:175,1
DA:183,2
DA:184,2
DA:189,2
DA:190,1
DA:192,1
DA:193,1
DA:201,4
DA:202,1
DA:205,3
DA:206,3
DA:210,3
DA:211,3
DA:218,3
DA:219,2
DA:221,1
DA:222,1
LF:74
LH:71
BRDA:25,0,0,0
BRDA:25,0,1,4
BRDA:33,1,0,2
BRDA:33,1,1,2
BRDA:38,2,0,2
BRDA:38,2,1,2
BRDA:43,3,0,2
BRDA:43,3,1,1
BRDA:46,4,0,1
BRDA:46,4,1,1
BRDA:87,5,0,1
BRDA:87,5,1,3
BRDA:91,6,0,1
BRDA:91,6,1,2
BRDA:91,7,0,3
BRDA:91,7,1,3
BRDA:91,7,2,3
BRDA:101,8,0,1
BRDA:101,8,1,1
BRDA:112,9,0,1
BRDA:135,10,0,1
BRDA:135,10,1,2
BRDA:169,11,0,1
BRDA:169,11,1,0
BRDA:189,12,0,1
BRDA:189,12,1,1
BRDA:200,13,0,0
BRDA:201,14,0,1
BRDA:201,14,1,3
BRDA:206,15,0,2
BRDA:206,15,1,1
BRDA:218,16,0,1
BRDA:218,16,1,2
BRF:33
BRH:30
end_of_record
TN:
SF:src\services\networkStateService.js
FN:19,(anonymous_0)
FN:36,(anonymous_1)
FN:75,(anonymous_2)
FN:87,(anonymous_3)
FN:116,(anonymous_4)
FN:133,(anonymous_5)
FNF:6
FNH:5
FNDA:5,(anonymous_0)
FNDA:3,(anonymous_1)
FNDA:3,(anonymous_2)
FNDA:5,(anonymous_3)
FNDA:3,(anonymous_4)
FNDA:0,(anonymous_5)
DA:9,9
DA:10,9
DA:11,9
DA:12,9
DA:14,9
DA:20,5
DA:21,1
DA:22,1
DA:25,4
DA:27,4
DA:28,3
DA:30,3
DA:31,3
DA:32,0
DA:36,3
DA:37,3
DA:38,3
DA:41,3
DA:42,2
DA:44,2
DA:45,1
DA:48,2
DA:49,2
DA:51,2
DA:52,2
DA:53,0
DA:56,2
DA:59,3
DA:60,1
DA:63,3
DA:66,3
DA:68,1
DA:76,3
DA:77,3
DA:78,3
DA:79,3
DA:80,3
DA:88,5
DA:89,1
DA:96,4
DA:97,4
DA:98,4
DA:99,3
DA:104,3
DA:106,1
DA:107,1
DA:109,4
DA:117,3
DA:118,3
DA:119,2
DA:125,1
DA:126,1
DA:134,0
LF:53
LH:50
BRDA:20,0,0,1
BRDA:20,0,1,4
BRDA:31,1,0,0
BRDA:31,1,1,3
BRDA:31,2,0,3
BRDA:31,2,1,3
BRDA:41,3,0,2
BRDA:41,3,1,1
BRDA:41,4,0,3
BRDA:41,4,1,2
BRDA:42,5,0,1
BRDA:42,5,1,1
BRDA:44,6,0,1
BRDA:44,6,1,1
BRDA:52,7,0,0
BRDA:52,7,1,2
BRDA:52,8,0,2
BRDA:52,8,1,2
BRDA:59,9,0,1
BRDA:59,9,1,2
BRDA:59,10,0,3
BRDA:59,10,1,1
BRDA:76,11,0,3
BRDA:76,11,1,0
BRDA:88,12,0,1
BRDA:88,12,1,4
BRDA:122,13,0,2
BRDA:122,13,1,1
BRF:28
BRH:25
end_of_record
TN:
SF:src\services\offlineStorageService.js
FN:18,(anonymous_0)
FN:39,(anonymous_1)
FN:65,(anonymous_2)
FN:78,(anonymous_3)
FN:104,(anonymous_4)
FN:118,(anonymous_5)
FN:131,(anonymous_6)
FN:154,(anonymous_7)
FN:192,(anonymous_8)
FN:221,(anonymous_9)
FN:240,(anonymous_10)
FN:264,(anonymous_11)
FN:264,(anonymous_12)
FN:290,(anonymous_13)
FN:305,(anonymous_14)
FNF:15
FNH:15
FNDA:2,(anonymous_0)
FNDA:3,(anonymous_1)
FNDA:2,(anonymous_2)
FNDA:2,(anonymous_3)
FNDA:14,(anonymous_4)
FNDA:2,(anonymous_5)
FNDA:2,(anonymous_6)
FNDA:9,(anonymous_7)
FNDA:1,(anonymous_8)
FNDA:4,(anonymous_9)
FNDA:2,(anonymous_10)
FNDA:10,(anonymous_11)
FNDA:11,(anonymous_12)
FNDA:1,(anonymous_13)
FNDA:1,(anonymous_14)
DA:4,1
DA:14,1
DA:19,2
DA:20,2
DA:25,2
DA:29,1
DA:31,1
DA:32,1
DA:40,3
DA:41,3
DA:45,3
DA:47,3
DA:48,2
DA:50,2
DA:51,1
DA:52,1
DA:55,1
DA:57,1
DA:58,1
DA:66,2
DA:67,2
DA:68,1
DA:70,1
DA:71,1
DA:79,2
DA:80,2
DA:81,2
DA:82,2
DA:84,2
DA:90,2
DA:94,1
DA:96,1
DA:97,1
DA:105,14
DA:106,14
DA:107,14
DA:108,13
DA:110,1
DA:111,1
DA:119,2
DA:120,2
DA:121,2
DA:122,1
DA:130,1
DA:131,1
DA:132,2
DA:133,2
DA:136,1
DA:137,1
DA:139,1
DA:146,0
DA:147,0
DA:155,9
DA:156,9
DA:157,8
DA:159,8
DA:160,10
DA:162,10
DA:163,10
DA:165,10
DA:167,2
DA:170,2
DA:173,2
DA:174,2
DA:176,2
DA:177,1
DA:178,1
DA:181,1
DA:187,1
DA:188,0
DA:189,0
DA:192,1
DA:197,1
DA:201,1
DA:202,0
DA:203,0
DA:206,1
DA:207,1
DA:211,3
DA:212,0
DA:213,0
DA:216,3
DA:217,3
DA:221,3
DA:222,4
DA:225,3
DA:227,3
DA:230,2
DA:231,1
DA:232,1
DA:235,1
DA:236,1
DA:240,1
DA:241,2
DA:244,1
DA:246,1
DA:249,1
DA:252,6
DA:253,1
DA:255,5
DA:258,0
DA:263,8
DA:264,11
DA:267,8
DA:268,5
DA:270,3
DA:276,8
DA:282,1
DA:283,1
DA:291,1
DA:292,1
DA:293,1
DA:294,1
DA:295,1
DA:296,1
DA:298,0
DA:306,1
DA:307,1
DA:308,1
DA:309,1
DA:311,0
LF:121
LH:110
BRDA:18,0,0,1
BRDA:26,1,0,2
BRDA:26,1,1,0
BRDA:42,2,0,3
BRDA:42,2,1,0
BRDA:45,3,0,0
BRDA:45,3,1,3
BRDA:50,4,0,1
BRDA:50,4,1,1
BRDA:51,5,0,1
BRDA:51,5,1,0
BRDA:82,6,0,2
BRDA:82,6,1,2
BRDA:82,6,2,2
BRDA:82,6,3,0
BRDA:107,7,0,14
BRDA:107,7,1,0
BRDA:108,8,0,12
BRDA:108,8,1,1
BRDA:118,9,0,0
BRDA:121,10,0,1
BRDA:121,10,1,1
BRDA:132,11,0,2
BRDA:132,11,1,0
BRDA:133,12,0,1
BRDA:133,12,1,1
BRDA:162,13,0,10
BRDA:162,13,1,0
BRDA:163,14,0,10
BRDA:163,14,1,6
BRDA:163,14,2,6
BRDA:163,14,3,6
BRDA:165,15,0,2
BRDA:165,15,1,2
BRDA:165,15,2,3
BRDA:165,15,3,2
BRDA:165,15,4,1
BRDA:176,16,0,1
BRDA:176,16,1,1
BRDA:176,17,0,2
BRDA:176,17,1,1
BRDA:187,18,0,0
BRDA:187,18,1,1
BRDA:201,19,0,0
BRDA:201,19,1,1
BRDA:211,20,0,0
BRDA:211,20,1,3
BRDA:216,21,0,3
BRDA:216,21,1,2
BRDA:230,22,0,1
BRDA:230,22,1,1
BRDA:235,23,0,1
BRDA:235,23,1,0
BRDA:252,24,0,1
BRDA:252,24,1,5
BRDA:258,25,0,0
BRDA:258,25,1,0
BRDA:264,26,0,11
BRDA:264,26,1,8
BRDA:264,27,0,11
BRDA:264,27,1,0
BRDA:267,28,0,5
BRDA:267,28,1,3
BRDA:293,29,0,1
BRDA:293,29,1,0
BRDA:308,30,0,1
BRDA:308,30,1,0
BRDA:309,31,0,1
BRDA:309,31,1,0
BRF:69
BRH:50
end_of_record
TN:
SF:src\services\orderService.js
FN:5,getOnlineState
FN:15,(anonymous_1)
FN:53,(anonymous_2)
FN:71,(anonymous_3)
FNF:4
FNH:4
FNDA:11,getOnlineState
FNDA:5,(anonymous_1)
FNDA:2,(anonymous_2)
FNDA:6,(anonymous_3)
DA:6,11
DA:7,11
DA:8,10
DA:10,1
DA:14,1
DA:20,5
DA:22,5
DA:23,2
DA:33,2
DA:34,1
DA:37,1
DA:44,3
DA:50,3
DA:52,2
DA:53,2
DA:58,2
DA:62,2
DA:64,1
DA:72,6
DA:74,6
DA:75,4
DA:86,4
DA:87,2
DA:90,2
DA:96,2
DA:102,2
DA:104,1
LF:27
LH:27
BRDA:22,0,0,2
BRDA:22,0,1,3
BRDA:33,1,0,1
BRDA:33,1,1,1
BRDA:34,2,0,1
BRDA:34,2,1,1
BRDA:40,3,0,1
BRDA:40,3,1,0
BRDA:50,4,0,1
BRDA:50,4,1,2
BRDA:62,5,0,1
BRDA:62,5,1,1
BRDA:74,6,0,4
BRDA:74,6,1,2
BRDA:86,7,0,2
BRDA:86,7,1,2
BRDA:87,8,0,2
BRDA:87,8,1,1
BRDA:102,9,0,1
BRDA:102,9,1,1
BRF:20
BRH:19
end_of_record
