TN:
SF:src\context\AddressContext.js
FN:7,(anonymous_0)
FN:13,(anonymous_1)
FN:35,(anonymous_2)
FN:67,(anonymous_3)
FN:70,(anonymous_4)
FN:83,(anonymous_5)
FN:113,(anonymous_6)
FN:114,(anonymous_7)
FN:116,(anonymous_8)
FN:129,(anonymous_9)
FN:141,(anonymous_10)
FN:141,(anonymous_11)
FN:151,(anonymous_12)
FN:153,(anonymous_13)
FN:159,(anonymous_14)
FN:160,(anonymous_15)
FN:164,(anonymous_16)
FN:179,(anonymous_17)
FN:185,(anonymous_18)
FN:209,(anonymous_19)
FNF:20
FNH:19
FNDA:20,(anonymous_0)
FNDA:7,(anonymous_1)
FNDA:3,(anonymous_2)
FNDA:2,(anonymous_3)
FNDA:3,(anonymous_4)
FNDA:3,(anonymous_5)
FNDA:2,(anonymous_6)
FNDA:4,(anonymous_7)
FNDA:2,(anonymous_8)
FNDA:2,(anonymous_9)
FNDA:1,(anonymous_10)
FNDA:3,(anonymous_11)
FNDA:1,(anonymous_12)
FNDA:2,(anonymous_13)
FNDA:4,(anonymous_14)
FNDA:4,(anonymous_15)
FNDA:8,(anonymous_16)
FNDA:0,(anonymous_17)
FNDA:7,(anonymous_18)
FNDA:23,(anonymous_19)
DA:5,1
DA:7,1
DA:8,20
DA:9,20
DA:10,20
DA:13,20
DA:14,7
DA:16,7
DA:17,7
DA:18,7
DA:25,7
DA:26,6
DA:28,1
DA:30,7
DA:35,20
DA:36,3
DA:38,2
DA:39,0
DA:42,2
DA:44,2
DA:45,1
DA:51,2
DA:64,2
DA:67,2
DA:68,2
DA:69,2
DA:70,3
DA:72,1
DA:75,2
DA:77,0
DA:78,0
DA:83,20
DA:84,3
DA:86,2
DA:88,2
DA:89,1
DA:96,2
DA:110,2
DA:113,2
DA:114,4
DA:115,2
DA:116,2
DA:118,1
DA:121,2
DA:123,0
DA:124,0
DA:129,20
DA:130,2
DA:132,1
DA:133,1
DA:138,1
DA:141,3
DA:143,1
DA:145,0
DA:146,0
DA:151,20
DA:152,1
DA:153,2
DA:159,20
DA:160,4
DA:164,20
DA:165,8
DA:167,7
DA:169,7
DA:180,0
DA:185,7
DA:186,7
DA:190,20
DA:201,20
DA:209,1
DA:210,23
DA:211,22
DA:212,2
DA:214,20
LF:74
LH:66
BRDA:14,0,0,0
BRDA:14,0,1,7
BRDA:25,1,0,1
BRDA:25,1,1,6
BRDA:26,2,0,6
BRDA:26,2,1,0
BRDA:36,3,0,1
BRDA:36,3,1,2
BRDA:38,4,0,0
BRDA:38,4,1,2
BRDA:38,5,0,2
BRDA:38,5,1,2
BRDA:44,6,0,1
BRDA:44,6,1,1
BRDA:59,7,0,2
BRDA:59,7,1,1
BRDA:64,8,0,0
BRDA:64,8,1,2
BRDA:69,9,0,1
BRDA:69,9,1,1
BRDA:70,10,0,1
BRDA:70,10,1,2
BRDA:84,11,0,1
BRDA:84,11,1,2
BRDA:88,12,0,1
BRDA:88,12,1,1
BRDA:103,13,0,2
BRDA:103,13,1,1
BRDA:110,14,0,0
BRDA:110,14,1,2
BRDA:114,15,0,2
BRDA:114,15,1,2
BRDA:115,16,0,1
BRDA:115,16,1,1
BRDA:116,17,0,1
BRDA:116,17,1,1
BRDA:130,18,0,1
BRDA:130,18,1,1
BRDA:138,19,0,0
BRDA:138,19,1,1
BRDA:160,20,0,4
BRDA:160,20,1,1
BRDA:160,20,2,1
BRDA:165,21,0,1
BRDA:165,21,1,7
BRDA:211,22,0,2
BRDA:211,22,1,20
BRF:47
BRH:41
end_of_record
TN:
SF:src\context\AuthContext.js
FN:9,(anonymous_0)
FN:22,(anonymous_1)
FN:25,(anonymous_2)
FN:26,(anonymous_3)
FN:30,(anonymous_4)
FN:35,(anonymous_5)
FN:41,(anonymous_6)
FN:44,(anonymous_7)
FN:56,(anonymous_8)
FN:64,(anonymous_9)
FN:73,(anonymous_10)
FN:76,(anonymous_11)
FN:101,(anonymous_12)
FN:104,(anonymous_13)
FN:105,(anonymous_14)
FN:124,(anonymous_15)
FN:129,(anonymous_16)
FN:170,(anonymous_17)
FN:183,(anonymous_18)
FN:202,(anonymous_19)
FN:238,(anonymous_20)
FN:269,(anonymous_21)
FNF:22
FNH:17
FNDA:32,(anonymous_0)
FNDA:30,(anonymous_1)
FNDA:30,(anonymous_2)
FNDA:1,(anonymous_3)
FNDA:26,(anonymous_4)
FNDA:16,(anonymous_5)
FNDA:0,(anonymous_6)
FNDA:0,(anonymous_7)
FNDA:0,(anonymous_8)
FNDA:8,(anonymous_9)
FNDA:15,(anonymous_10)
FNDA:1,(anonymous_11)
FNDA:15,(anonymous_12)
FNDA:15,(anonymous_13)
FNDA:2,(anonymous_14)
FNDA:15,(anonymous_15)
FNDA:16,(anonymous_16)
FNDA:9,(anonymous_17)
FNDA:0,(anonymous_18)
FNDA:5,(anonymous_19)
FNDA:0,(anonymous_20)
FNDA:30,(anonymous_21)
DA:7,2
DA:9,2
DA:10,32
DA:11,32
DA:12,32
DA:13,32
DA:14,32
DA:15,32
DA:17,32
DA:18,32
DA:19,32
DA:20,32
DA:22,32
DA:25,30
DA:26,30
DA:29,30
DA:30,26
DA:35,32
DA:36,16
DA:37,16
DA:38,16
DA:41,32
DA:42,0
DA:43,0
DA:44,0
DA:45,0
DA:48,0
DA:49,0
DA:52,0
DA:56,32
DA:57,0
DA:58,0
DA:59,0
DA:61,0
DA:64,32
DA:65,8
DA:70,8
DA:73,32
DA:74,15
DA:76,15
DA:77,1
DA:78,1
DA:79,1
DA:80,0
DA:81,0
DA:82,0
DA:85,1
DA:93,1
DA:96,0
DA:97,0
DA:101,15
DA:104,32
DA:105,15
DA:106,2
DA:108,2
DA:109,1
DA:112,2
DA:113,1
DA:114,1
DA:116,1
DA:119,2
DA:122,15
DA:124,15
DA:125,15
DA:129,32
DA:130,16
DA:131,16
DA:136,15
DA:137,7
DA:138,0
DA:139,0
DA:140,0
DA:141,0
DA:145,7
DA:151,8
DA:154,8
DA:155,8
DA:156,8
DA:157,0
DA:158,0
DA:159,0
DA:164,8
DA:166,16
DA:170,32
DA:171,9
DA:177,0
DA:178,0
DA:181,0
DA:182,0
DA:183,0
DA:184,0
DA:187,0
DA:191,0
DA:192,0
DA:193,0
DA:194,0
DA:197,0
DA:198,0
DA:199,0
DA:202,32
DA:203,5
DA:206,5
DA:211,5
DA:219,2
DA:221,1
DA:222,1
DA:223,1
DA:229,1
DA:230,1
DA:231,0
DA:233,1
DA:238,32
DA:240,0
DA:241,0
DA:242,0
DA:243,0
DA:245,0
DA:248,0
DA:249,0
DA:252,32
DA:269,30
LF:121
LH:76
BRDA:45,0,0,0
BRDA:45,0,1,0
BRDA:45,0,2,0
BRDA:48,1,0,0
BRDA:48,1,1,0
BRDA:58,2,0,0
BRDA:58,2,1,0
BRDA:70,3,0,8
BRDA:70,3,1,8
BRDA:77,4,0,1
BRDA:77,4,1,0
BRDA:79,5,0,0
BRDA:79,5,1,1
BRDA:108,6,0,1
BRDA:108,6,1,1
BRDA:108,7,0,2
BRDA:108,7,1,1
BRDA:108,7,2,1
BRDA:112,8,0,1
BRDA:112,8,1,1
BRDA:112,9,0,2
BRDA:112,9,1,2
BRDA:112,9,2,1
BRDA:136,10,0,7
BRDA:136,10,1,8
BRDA:137,11,0,0
BRDA:137,11,1,7
BRDA:155,12,0,8
BRDA:155,12,1,0
BRDA:156,13,0,0
BRDA:156,13,1,8
BRDA:156,14,0,8
BRDA:156,14,1,8
BRDA:170,15,0,9
BRDA:177,16,0,0
BRDA:177,16,1,0
BRDA:181,17,0,0
BRDA:181,17,1,0
BRDA:182,18,0,0
BRDA:182,18,1,0
BRDA:191,19,0,0
BRDA:191,19,1,0
BRDA:219,20,0,1
BRDA:219,20,1,1
BRDA:221,21,0,1
BRDA:221,21,1,0
BRDA:229,22,0,1
BRDA:229,22,1,0
BRDA:230,23,0,0
BRDA:230,23,1,1
BRDA:240,24,0,0
BRDA:240,24,1,0
BRDA:240,25,0,0
BRDA:240,25,1,0
BRF:54
BRH:27
end_of_record
TN:
SF:src\context\CartContext.js
FN:8,(anonymous_0)
FN:11,(anonymous_1)
FN:12,(anonymous_2)
FN:29,(anonymous_3)
FN:30,(anonymous_4)
FN:42,(anonymous_5)
FN:47,(anonymous_6)
FN:60,(anonymous_7)
FN:62,(anonymous_8)
FN:77,(anonymous_9)
FN:103,(anonymous_10)
FN:110,(anonymous_11)
FN:111,(anonymous_12)
FN:132,(anonymous_13)
FN:133,(anonymous_14)
FN:133,(anonymous_15)
FN:137,(anonymous_16)
FN:142,(anonymous_17)
FN:143,(anonymous_18)
FN:147,(anonymous_19)
FN:148,(anonymous_20)
FN:152,(anonymous_21)
FN:153,(anonymous_22)
FN:157,(anonymous_23)
FN:158,(anonymous_24)
FN:163,(anonymous_25)
FN:165,(anonymous_26)
FN:166,(anonymous_27)
FN:190,(anonymous_28)
FNF:29
FNH:29
FNDA:27,(anonymous_0)
FNDA:8,(anonymous_1)
FNDA:8,(anonymous_2)
FNDA:27,(anonymous_3)
FNDA:27,(anonymous_4)
FNDA:10,(anonymous_5)
FNDA:12,(anonymous_6)
FNDA:10,(anonymous_7)
FNDA:3,(anonymous_8)
FNDA:1,(anonymous_9)
FNDA:3,(anonymous_10)
FNDA:2,(anonymous_11)
FNDA:2,(anonymous_12)
FNDA:2,(anonymous_13)
FNDA:2,(anonymous_14)
FNDA:2,(anonymous_15)
FNDA:1,(anonymous_16)
FNDA:2,(anonymous_17)
FNDA:1,(anonymous_18)
FNDA:4,(anonymous_19)
FNDA:3,(anonymous_20)
FNDA:2,(anonymous_21)
FNDA:2,(anonymous_22)
FNDA:6,(anonymous_23)
FNDA:6,(anonymous_24)
FNDA:27,(anonymous_25)
FNDA:17,(anonymous_26)
FNDA:17,(anonymous_27)
FNDA:30,(anonymous_28)
DA:5,1
DA:6,1
DA:8,1
DA:9,27
DA:11,27
DA:12,8
DA:13,8
DA:14,8
DA:15,8
DA:17,7
DA:18,7
DA:19,7
DA:22,0
DA:26,8
DA:29,27
DA:30,27
DA:31,27
DA:32,27
DA:34,0
DA:38,27
DA:42,27
DA:43,10
DA:47,27
DA:49,12
DA:50,1
DA:51,1
DA:55,11
DA:56,1
DA:57,1
DA:60,10
DA:62,10
DA:64,10
DA:66,2
DA:67,2
DA:70,2
DA:71,1
DA:72,1
DA:75,1
DA:77,1
DA:78,1
DA:90,8
DA:91,8
DA:103,27
DA:104,3
DA:106,1
DA:107,1
DA:110,2
DA:111,2
DA:112,2
DA:114,2
DA:115,1
DA:116,1
DA:119,1
DA:120,1
DA:126,0
DA:132,27
DA:133,2
DA:137,27
DA:138,1
DA:142,27
DA:143,2
DA:147,27
DA:148,4
DA:152,27
DA:153,2
DA:157,27
DA:158,6
DA:159,6
DA:163,27
DA:165,17
DA:166,17
DA:170,27
DA:190,1
DA:191,30
DA:192,29
DA:193,2
DA:195,27
LF:77
LH:74
BRDA:15,0,0,1
BRDA:15,0,1,7
BRDA:18,1,0,7
BRDA:18,1,1,0
BRDA:22,2,0,0
BRDA:22,2,1,0
BRDA:34,3,0,0
BRDA:34,3,1,0
BRDA:49,4,0,1
BRDA:49,4,1,11
BRDA:55,5,0,1
BRDA:55,5,1,10
BRDA:55,6,0,11
BRDA:55,6,1,11
BRDA:64,7,0,2
BRDA:64,7,1,8
BRDA:70,8,0,1
BRDA:70,8,1,1
BRDA:70,9,0,2
BRDA:70,9,1,2
BRDA:78,10,0,1
BRDA:78,10,1,0
BRDA:104,11,0,1
BRDA:104,11,1,2
BRDA:112,12,0,2
BRDA:112,12,1,0
BRDA:114,13,0,1
BRDA:114,13,1,1
BRDA:114,14,0,2
BRDA:114,14,1,2
BRDA:159,15,0,5
BRDA:159,15,1,1
BRDA:192,16,0,2
BRDA:192,16,1,27
BRF:34
BRH:27
end_of_record
TN:
SF:src\context\DeliveryProofContext.js
FN:9,(anonymous_0)
FN:14,(anonymous_1)
FN:56,(anonymous_2)
FN:109,(anonymous_3)
FN:133,(anonymous_4)
FN:174,(anonymous_5)
FNF:6
FNH:6
FNDA:16,(anonymous_0)
FNDA:4,(anonymous_1)
FNDA:3,(anonymous_2)
FNDA:2,(anonymous_3)
FNDA:3,(anonymous_4)
FNDA:19,(anonymous_5)
DA:7,1
DA:9,1
DA:10,16
DA:11,16
DA:14,16
DA:15,4
DA:17,3
DA:18,3
DA:21,3
DA:22,3
DA:25,3
DA:28,3
DA:29,3
DA:32,3
DA:39,3
DA:42,2
DA:46,2
DA:48,1
DA:49,1
DA:51,3
DA:56,16
DA:57,3
DA:59,2
DA:61,2
DA:67,2
DA:73,2
DA:79,2
DA:80,0
DA:82,2
DA:83,0
DA:86,2
DA:99,2
DA:101,1
DA:103,1
DA:104,1
DA:109,16
DA:110,2
DA:111,2
DA:117,2
DA:119,2
DA:120,1
DA:122,1
DA:125,0
DA:127,1
DA:128,1
DA:133,16
DA:134,3
DA:136,2
DA:137,2
DA:149,2
DA:151,1
DA:153,1
DA:154,1
DA:158,16
DA:166,16
DA:174,1
DA:175,19
DA:176,18
DA:177,2
DA:179,16
LF:60
LH:57
BRDA:15,0,0,1
BRDA:15,0,1,3
BRDA:35,1,0,2
BRDA:35,1,1,1
BRDA:39,2,0,1
BRDA:39,2,1,2
BRDA:57,3,0,1
BRDA:57,3,1,2
BRDA:79,4,0,0
BRDA:79,4,1,2
BRDA:82,5,0,0
BRDA:82,5,1,2
BRDA:99,6,0,1
BRDA:99,6,1,1
BRDA:117,7,0,2
BRDA:117,7,1,0
BRDA:119,8,0,1
BRDA:119,8,1,1
BRDA:134,9,0,1
BRDA:134,9,1,2
BRDA:149,10,0,1
BRDA:149,10,1,1
BRDA:176,11,0,2
BRDA:176,11,1,16
BRF:24
BRH:21
end_of_record
TN:
SF:src\context\FavoritesContext.js
FN:7,FavoritesProvider
FN:12,(anonymous_1)
FN:24,(anonymous_2)
FN:33,(anonymous_3)
FN:37,(anonymous_4)
FN:45,(anonymous_5)
FN:54,(anonymous_6)
FN:63,(anonymous_7)
FN:76,useFavorites
FNF:9
FNH:9
FNDA:27,FavoritesProvider
FNDA:9,(anonymous_1)
FNDA:6,(anonymous_2)
FNDA:14,(anonymous_3)
FNDA:5,(anonymous_4)
FNDA:1,(anonymous_5)
FNDA:1,(anonymous_6)
FNDA:9,(anonymous_7)
FNDA:30,useFavorites
DA:5,1
DA:8,27
DA:9,27
DA:10,27
DA:12,27
DA:13,9
DA:14,2
DA:15,2
DA:17,7
DA:18,7
DA:19,7
DA:23,6
DA:24,6
DA:27,1
DA:29,7
DA:33,27
DA:34,14
DA:37,27
DA:38,5
DA:39,4
DA:40,4
DA:41,4
DA:42,2
DA:44,2
DA:45,1
DA:46,1
DA:47,1
DA:48,1
DA:50,1
DA:52,2
DA:53,2
DA:54,1
DA:55,1
DA:58,2
DA:59,2
DA:63,27
DA:64,9
DA:67,27
DA:77,30
DA:78,29
DA:79,27
LF:41
LH:41
BRDA:13,0,0,2
BRDA:13,0,1,7
BRDA:23,1,0,6
BRDA:23,1,1,0
BRDA:23,2,0,6
BRDA:23,2,1,6
BRDA:38,3,0,1
BRDA:38,3,1,4
BRDA:41,4,0,2
BRDA:41,4,1,2
BRDA:44,5,0,1
BRDA:44,5,1,1
BRDA:53,6,0,1
BRDA:53,6,1,1
BRDA:78,7,0,2
BRDA:78,7,1,27
BRF:16
BRH:15
end_of_record
TN:
SF:src\context\NotificationContext.js
FN:10,(anonymous_0)
FN:12,(anonymous_1)
FN:22,(anonymous_2)
FN:27,(anonymous_3)
FN:32,(anonymous_4)
FN:74,(anonymous_5)
FN:95,(anonymous_6)
FN:110,(anonymous_7)
FN:119,(anonymous_8)
FN:140,(anonymous_9)
FN:143,(anonymous_10)
FN:144,(anonymous_11)
FN:151,(anonymous_12)
FN:158,(anonymous_13)
FN:165,(anonymous_14)
FN:174,(anonymous_15)
FN:175,(anonymous_16)
FN:179,(anonymous_17)
FN:186,(anonymous_18)
FN:198,(anonymous_19)
FN:199,(anonymous_20)
FN:208,(anonymous_21)
FN:217,(anonymous_22)
FN:217,(anonymous_23)
FN:219,(anonymous_24)
FN:221,(anonymous_25)
FN:229,(anonymous_26)
FN:266,(anonymous_27)
FNF:28
FNH:26
FNDA:0,(anonymous_0)
FNDA:56,(anonymous_1)
FNDA:17,(anonymous_2)
FNDA:17,(anonymous_3)
FNDA:0,(anonymous_4)
FNDA:16,(anonymous_5)
FNDA:16,(anonymous_6)
FNDA:24,(anonymous_7)
FNDA:17,(anonymous_8)
FNDA:2,(anonymous_9)
FNDA:1,(anonymous_10)
FNDA:1,(anonymous_11)
FNDA:1,(anonymous_12)
FNDA:15,(anonymous_13)
FNDA:2,(anonymous_14)
FNDA:1,(anonymous_15)
FNDA:3,(anonymous_16)
FNDA:1,(anonymous_17)
FNDA:3,(anonymous_18)
FNDA:1,(anonymous_19)
FNDA:2,(anonymous_20)
FNDA:3,(anonymous_21)
FNDA:2,(anonymous_22)
FNDA:4,(anonymous_23)
FNDA:3,(anonymous_24)
FNDA:1,(anonymous_25)
FNDA:3,(anonymous_26)
FNDA:59,(anonymous_27)
DA:8,1
DA:9,1
DA:10,1
DA:12,1
DA:13,56
DA:14,56
DA:15,56
DA:16,56
DA:17,56
DA:18,56
DA:19,56
DA:20,56
DA:22,56
DA:23,17
DA:27,56
DA:28,17
DA:29,17
DA:32,0
DA:33,0
DA:34,0
DA:36,0
DA:37,0
DA:38,0
DA:40,0
DA:41,0
DA:44,0
DA:45,0
DA:46,0
DA:49,0
DA:50,0
DA:54,0
DA:60,0
DA:61,0
DA:64,0
DA:66,0
DA:70,0
DA:74,56
DA:75,16
DA:77,16
DA:78,16
DA:84,16
DA:87,15
DA:89,1
DA:90,1
DA:95,56
DA:96,16
DA:98,16
DA:99,16
DA:100,16
DA:107,16
DA:109,15
DA:110,24
DA:112,1
DA:114,16
DA:119,56
DA:120,17
DA:121,2
DA:122,2
DA:123,2
DA:126,15
DA:127,15
DA:130,15
DA:142,2
DA:143,1
DA:144,1
DA:151,15
DA:152,1
DA:153,1
DA:154,1
DA:158,15
DA:159,15
DA:160,15
DA:165,56
DA:166,2
DA:167,2
DA:172,2
DA:174,1
DA:175,1
DA:176,3
DA:179,1
DA:181,1
DA:186,56
DA:187,3
DA:189,2
DA:190,2
DA:196,2
DA:198,1
DA:199,2
DA:201,1
DA:203,1
DA:208,56
DA:209,3
DA:210,3
DA:215,3
DA:217,4
DA:219,3
DA:220,2
DA:221,1
DA:224,1
DA:229,56
DA:230,3
DA:232,2
DA:233,2
DA:238,2
DA:240,1
DA:241,1
DA:243,1
DA:247,56
DA:266,1
DA:267,59
DA:268,58
DA:269,2
DA:271,56
LF:113
LH:94
BRDA:28,0,0,17
BRDA:28,0,1,0
BRDA:28,1,0,17
BRDA:28,1,1,15
BRDA:33,2,0,0
BRDA:33,2,1,0
BRDA:40,3,0,0
BRDA:40,3,1,0
BRDA:45,4,0,0
BRDA:45,4,1,0
BRDA:49,5,0,0
BRDA:49,5,1,0
BRDA:50,6,0,0
BRDA:50,6,1,0
BRDA:60,7,0,0
BRDA:60,7,1,0
BRDA:64,8,0,0
BRDA:64,8,1,0
BRDA:75,9,0,0
BRDA:75,9,1,16
BRDA:84,10,0,1
BRDA:84,10,1,15
BRDA:96,11,0,0
BRDA:96,11,1,16
BRDA:107,12,0,1
BRDA:107,12,1,15
BRDA:109,13,0,15
BRDA:109,13,1,0
BRDA:110,14,0,15
BRDA:110,14,1,1
BRDA:120,15,0,2
BRDA:120,15,1,15
BRDA:142,16,0,1
BRDA:142,16,1,1
BRDA:152,17,0,1
BRDA:152,17,1,0
BRDA:159,18,0,15
BRDA:159,18,1,0
BRDA:172,19,0,1
BRDA:172,19,1,1
BRDA:176,20,0,1
BRDA:176,20,1,2
BRDA:187,21,0,1
BRDA:187,21,1,2
BRDA:187,22,0,3
BRDA:187,22,1,2
BRDA:196,23,0,1
BRDA:196,23,1,1
BRDA:215,24,0,1
BRDA:215,24,1,2
BRDA:220,25,0,1
BRDA:220,25,1,1
BRDA:220,26,0,2
BRDA:220,26,1,2
BRDA:230,27,0,1
BRDA:230,27,1,2
BRDA:238,28,0,1
BRDA:238,28,1,1
BRDA:268,29,0,2
BRDA:268,29,1,56
BRF:60
BRH:40
end_of_record
TN:
SF:src\context\ProductContext.js
FN:10,(anonymous_0)
FN:19,(anonymous_1)
FN:21,(anonymous_2)
FN:21,(anonymous_3)
FN:46,(anonymous_4)
FN:63,(anonymous_5)
FN:64,(anonymous_6)
FN:65,(anonymous_7)
FN:72,(anonymous_8)
FN:73,(anonymous_9)
FN:77,(anonymous_10)
FN:78,(anonymous_11)
FN:78,(anonymous_12)
FN:82,(anonymous_13)
FN:87,(anonymous_14)
FN:89,(anonymous_15)
FN:93,(anonymous_16)
FN:94,(anonymous_17)
FN:98,(anonymous_18)
FN:99,(anonymous_19)
FN:103,(anonymous_20)
FN:116,(anonymous_21)
FN:154,(anonymous_22)
FN:173,(anonymous_23)
FN:177,(anonymous_24)
FN:181,(anonymous_25)
FN:184,(anonymous_26)
FN:190,(anonymous_27)
FN:202,(anonymous_28)
FN:215,(anonymous_29)
FNF:30
FNH:27
FNDA:47,(anonymous_0)
FNDA:14,(anonymous_1)
FNDA:14,(anonymous_2)
FNDA:0,(anonymous_3)
FNDA:2,(anonymous_4)
FNDA:2,(anonymous_5)
FNDA:2,(anonymous_6)
FNDA:5,(anonymous_7)
FNDA:3,(anonymous_8)
FNDA:3,(anonymous_9)
FNDA:1,(anonymous_10)
FNDA:1,(anonymous_11)
FNDA:3,(anonymous_12)
FNDA:5,(anonymous_13)
FNDA:2,(anonymous_14)
FNDA:2,(anonymous_15)
FNDA:1,(anonymous_16)
FNDA:2,(anonymous_17)
FNDA:1,(anonymous_18)
FNDA:2,(anonymous_19)
FNDA:13,(anonymous_20)
FNDA:7,(anonymous_21)
FNDA:13,(anonymous_22)
FNDA:1,(anonymous_23)
FNDA:1,(anonymous_24)
FNDA:33,(anonymous_25)
FNDA:0,(anonymous_26)
FNDA:0,(anonymous_27)
FNDA:33,(anonymous_28)
FNDA:50,(anonymous_29)
DA:8,1
DA:10,1
DA:11,47
DA:12,47
DA:13,47
DA:14,47
DA:15,47
DA:16,47
DA:19,47
DA:20,14
DA:21,14
DA:23,14
DA:24,14
DA:25,14
DA:31,14
DA:33,14
DA:34,13
DA:35,13
DA:37,1
DA:38,1
DA:40,14
DA:41,14
DA:46,47
DA:47,2
DA:48,2
DA:54,2
DA:55,1
DA:57,1
DA:58,1
DA:63,47
DA:64,2
DA:65,2
DA:66,5
DA:72,47
DA:73,3
DA:77,47
DA:78,3
DA:82,47
DA:83,5
DA:87,47
DA:88,2
DA:89,2
DA:93,47
DA:94,2
DA:98,47
DA:99,2
DA:103,47
DA:104,13
DA:107,13
DA:117,7
DA:119,7
DA:121,3
DA:122,3
DA:123,3
DA:126,2
DA:127,2
DA:130,2
DA:131,2
DA:133,2
DA:134,1
DA:136,2
DA:139,1
DA:140,1
DA:141,1
DA:144,1
DA:147,7
DA:152,13
DA:154,13
DA:155,13
DA:156,12
DA:162,47
DA:174,1
DA:175,1
DA:177,1
DA:181,47
DA:182,33
DA:184,33
DA:185,0
DA:186,0
DA:187,0
DA:188,0
DA:190,0
DA:191,0
DA:192,0
DA:196,0
DA:201,33
DA:202,33
DA:203,33
DA:207,47
DA:215,1
DA:216,50
DA:217,49
DA:218,2
DA:220,47
LF:94
LH:86
BRDA:33,0,0,1
BRDA:33,0,1,13
BRDA:34,1,0,13
BRDA:34,1,1,1
BRDA:54,2,0,1
BRDA:54,2,1,1
BRDA:66,3,0,2
BRDA:66,3,1,3
BRDA:83,4,0,5
BRDA:83,4,1,2
BRDA:88,5,0,1
BRDA:88,5,1,1
BRDA:119,6,0,3
BRDA:119,6,1,2
BRDA:119,6,2,1
BRDA:119,6,3,1
BRDA:133,7,0,1
BRDA:133,7,1,1
BRDA:155,8,0,12
BRDA:155,8,1,1
BRDA:185,9,0,0
BRDA:185,9,1,0
BRDA:187,10,0,0
BRDA:187,10,1,0
BRDA:188,11,0,0
BRDA:188,11,1,0
BRDA:201,12,0,33
BRDA:201,12,1,0
BRDA:203,13,0,33
BRDA:203,13,1,0
BRDA:203,14,0,33
BRDA:203,14,1,33
BRDA:217,15,0,2
BRDA:217,15,1,47
BRF:34
BRH:26
end_of_record
TN:
SF:src\context\ReviewContext.js
FN:7,(anonymous_0)
FN:12,(anonymous_1)
FN:25,(anonymous_2)
FN:39,(anonymous_3)
FN:63,(anonymous_4)
FN:92,(anonymous_5)
FN:121,(anonymous_6)
FN:141,(anonymous_7)
FN:168,(anonymous_8)
FN:194,(anonymous_9)
FN:239,(anonymous_10)
FNF:11
FNH:11
FNDA:25,(anonymous_0)
FNDA:3,(anonymous_1)
FNDA:3,(anonymous_2)
FNDA:2,(anonymous_3)
FNDA:3,(anonymous_4)
FNDA:3,(anonymous_5)
FNDA:3,(anonymous_6)
FNDA:3,(anonymous_7)
FNDA:3,(anonymous_8)
FNDA:3,(anonymous_9)
FNDA:31,(anonymous_10)
DA:5,1
DA:7,1
DA:8,25
DA:9,25
DA:12,25
DA:13,3
DA:14,3
DA:19,3
DA:21,2
DA:22,1
DA:25,3
DA:26,1
DA:28,1
DA:33,1
DA:34,1
DA:39,25
DA:40,2
DA:41,2
DA:53,2
DA:55,1
DA:57,1
DA:58,1
DA:63,25
DA:64,3
DA:66,2
DA:67,2
DA:69,2
DA:80,2
DA:82,1
DA:84,1
DA:85,1
DA:87,2
DA:92,25
DA:93,3
DA:95,2
DA:96,2
DA:98,2
DA:109,2
DA:111,1
DA:113,1
DA:114,1
DA:116,2
DA:121,25
DA:122,3
DA:124,2
DA:125,2
DA:131,2
DA:133,1
DA:135,1
DA:136,1
DA:141,25
DA:142,3
DA:144,3
DA:145,3
DA:152,3
DA:154,2
DA:155,1
DA:157,1
DA:160,1
DA:162,1
DA:163,1
DA:168,25
DA:169,3
DA:171,3
DA:172,3
DA:179,3
DA:180,2
DA:181,1
DA:183,1
DA:186,1
DA:188,1
DA:189,1
DA:194,25
DA:195,3
DA:197,2
DA:198,2
DA:210,2
DA:212,1
DA:214,1
DA:215,1
DA:219,25
DA:231,25
DA:239,1
DA:240,31
DA:241,30
DA:242,2
DA:244,28
LF:87
LH:87
BRDA:19,0,0,1
BRDA:19,0,1,2
BRDA:21,1,0,1
BRDA:21,1,1,1
BRDA:21,2,0,2
BRDA:21,2,1,2
BRDA:39,3,0,1
BRDA:53,4,0,1
BRDA:53,4,1,1
BRDA:55,5,0,1
BRDA:55,5,1,0
BRDA:64,6,0,1
BRDA:64,6,1,2
BRDA:75,7,0,2
BRDA:75,7,1,0
BRDA:80,8,0,1
BRDA:80,8,1,1
BRDA:93,9,0,1
BRDA:93,9,1,2
BRDA:102,10,0,2
BRDA:102,10,1,0
BRDA:109,11,0,1
BRDA:109,11,1,1
BRDA:122,12,0,1
BRDA:122,12,1,2
BRDA:131,13,0,1
BRDA:131,13,1,1
BRDA:142,14,0,0
BRDA:142,14,1,3
BRDA:152,15,0,2
BRDA:152,15,1,1
BRDA:154,16,0,1
BRDA:154,16,1,1
BRDA:169,17,0,0
BRDA:169,17,1,3
BRDA:179,18,0,2
BRDA:179,18,1,1
BRDA:180,19,0,1
BRDA:180,19,1,1
BRDA:195,20,0,1
BRDA:195,20,1,2
BRDA:210,21,0,1
BRDA:210,21,1,1
BRDA:212,22,0,1
BRDA:212,22,1,0
BRDA:241,23,0,2
BRDA:241,23,1,28
BRF:47
BRH:41
end_of_record
TN:
SF:src\context\RiderRatingContext.js
FN:7,(anonymous_0)
FN:12,(anonymous_1)
FN:25,(anonymous_2)
FN:39,(anonymous_3)
FN:63,(anonymous_4)
FN:93,(anonymous_5)
FN:122,(anonymous_6)
FN:148,(anonymous_7)
FN:174,(anonymous_8)
FN:196,(anonymous_9)
FN:202,(anonymous_10)
FN:203,(anonymous_11)
FN:204,(anonymous_12)
FN:205,(anonymous_13)
FN:206,(anonymous_14)
FN:233,(anonymous_15)
FNF:16
FNH:16
FNDA:22,(anonymous_0)
FNDA:2,(anonymous_1)
FNDA:3,(anonymous_2)
FNDA:2,(anonymous_3)
FNDA:3,(anonymous_4)
FNDA:3,(anonymous_5)
FNDA:4,(anonymous_6)
FNDA:4,(anonymous_7)
FNDA:3,(anonymous_8)
FNDA:5,(anonymous_9)
FNDA:5,(anonymous_10)
FNDA:5,(anonymous_11)
FNDA:5,(anonymous_12)
FNDA:5,(anonymous_13)
FNDA:5,(anonymous_14)
FNDA:26,(anonymous_15)
DA:5,1
DA:7,1
DA:8,22
DA:9,22
DA:12,22
DA:13,2
DA:14,2
DA:19,2
DA:21,1
DA:22,0
DA:25,3
DA:26,1
DA:28,1
DA:33,1
DA:34,1
DA:39,22
DA:40,2
DA:41,2
DA:53,1
DA:55,1
DA:57,1
DA:58,1
DA:63,22
DA:64,3
DA:66,2
DA:67,2
DA:69,2
DA:81,2
DA:83,1
DA:85,1
DA:86,1
DA:88,2
DA:93,22
DA:94,3
DA:96,2
DA:97,2
DA:99,2
DA:110,2
DA:112,1
DA:114,1
DA:115,1
DA:117,2
DA:122,22
DA:123,4
DA:125,3
DA:126,3
DA:133,3
DA:134,2
DA:135,1
DA:137,1
DA:140,1
DA:142,1
DA:143,1
DA:148,22
DA:149,4
DA:151,3
DA:152,3
DA:159,3
DA:160,2
DA:161,1
DA:163,1
DA:166,1
DA:168,1
DA:169,1
DA:174,22
DA:175,3
DA:176,3
DA:181,3
DA:183,2
DA:184,1
DA:195,1
DA:196,5
DA:197,1
DA:199,1
DA:202,5
DA:203,5
DA:204,5
DA:205,5
DA:206,5
DA:209,1
DA:210,1
DA:214,22
DA:225,22
DA:233,1
DA:234,26
DA:235,25
DA:236,2
DA:238,23
LF:88
LH:87
BRDA:19,0,0,1
BRDA:19,0,1,1
BRDA:21,1,0,0
BRDA:21,1,1,1
BRDA:21,2,0,1
BRDA:21,2,1,1
BRDA:39,3,0,0
BRDA:53,4,0,0
BRDA:53,4,1,1
BRDA:55,5,0,1
BRDA:55,5,1,0
BRDA:64,6,0,1
BRDA:64,6,1,2
BRDA:76,7,0,2
BRDA:76,7,1,0
BRDA:81,8,0,1
BRDA:81,8,1,1
BRDA:94,9,0,1
BRDA:94,9,1,2
BRDA:103,10,0,2
BRDA:103,10,1,0
BRDA:110,11,0,1
BRDA:110,11,1,1
BRDA:123,12,0,1
BRDA:123,12,1,3
BRDA:133,13,0,2
BRDA:133,13,1,1
BRDA:134,14,0,1
BRDA:134,14,1,1
BRDA:149,15,0,1
BRDA:149,15,1,3
BRDA:159,16,0,2
BRDA:159,16,1,1
BRDA:160,17,0,1
BRDA:160,17,1,1
BRDA:181,18,0,1
BRDA:181,18,1,2
BRDA:183,19,0,1
BRDA:183,19,1,1
BRDA:183,20,0,2
BRDA:183,20,1,2
BRDA:235,21,0,2
BRDA:235,21,1,23
BRF:43
BRH:37
end_of_record
TN:
SF:src\lib\supabase.js
FNF:0
FNH:0
DA:7,2
DA:8,2
DA:10,2
DA:11,1
DA:17,1
LF:5
LH:5
BRDA:10,0,0,1
BRDA:10,0,1,1
BRDA:10,1,0,2
BRDA:10,1,1,1
BRF:4
BRH:4
end_of_record
TN:
SF:src\services\avatarService.js
FN:8,(anonymous_0)
FN:16,(anonymous_1)
FN:24,(anonymous_2)
FN:50,(anonymous_3)
FN:80,(anonymous_4)
FN:143,(anonymous_5)
FNF:6
FNH:6
FNDA:30,(anonymous_0)
FNDA:2,(anonymous_1)
FNDA:2,(anonymous_2)
FNDA:2,(anonymous_3)
FNDA:3,(anonymous_4)
FNDA:4,(anonymous_5)
DA:7,1
DA:8,1
DA:9,30
DA:10,30
DA:14,1
DA:17,2
DA:18,2
DA:20,2
DA:25,2
DA:26,2
DA:27,2
DA:35,2
DA:37,2
DA:38,1
DA:40,1
DA:41,1
DA:44,0
DA:45,0
DA:51,2
DA:52,2
DA:53,2
DA:54,2
DA:55,1
DA:58,1
DA:65,1
DA:67,1
DA:68,1
DA:70,0
DA:71,0
DA:74,1
DA:75,1
DA:81,3
DA:82,3
DA:85,3
DA:86,3
DA:87,3
DA:88,3
DA:90,3
DA:93,3
DA:98,3
DA:106,3
DA:107,1
DA:110,2
DA:113,2
DA:117,2
DA:118,2
DA:121,2
DA:122,2
DA:130,2
DA:131,1
DA:134,1
DA:135,1
DA:137,2
DA:138,2
DA:144,4
DA:145,4
DA:146,1
DA:147,1
DA:150,3
DA:153,3
DA:154,3
DA:155,3
DA:156,2
DA:159,1
DA:160,1
DA:161,0
DA:165,3
DA:166,1
DA:167,1
DA:168,1
DA:171,2
DA:174,2
DA:178,2
DA:179,1
DA:180,1
DA:183,1
DA:186,1
DA:194,1
DA:195,0
DA:196,0
DA:199,1
DA:201,2
DA:202,2
LF:83
LH:76
BRDA:9,0,0,30
BRDA:9,0,1,0
BRDA:20,1,0,2
BRDA:20,1,1,1
BRDA:37,2,0,1
BRDA:37,2,1,1
BRDA:37,3,0,2
BRDA:37,3,1,1
BRDA:37,3,2,1
BRDA:54,4,0,1
BRDA:54,4,1,1
BRDA:67,5,0,1
BRDA:67,5,1,0
BRDA:67,6,0,1
BRDA:67,6,1,1
BRDA:67,6,2,1
BRDA:86,7,0,3
BRDA:86,7,1,0
BRDA:88,8,0,1
BRDA:88,8,1,2
BRDA:106,9,0,1
BRDA:106,9,1,2
BRDA:130,10,0,1
BRDA:130,10,1,1
BRDA:145,11,0,1
BRDA:145,11,1,3
BRDA:155,12,0,2
BRDA:155,12,1,1
BRDA:160,13,0,0
BRDA:160,13,1,1
BRDA:165,14,0,1
BRDA:165,14,1,2
BRDA:178,15,0,1
BRDA:178,15,1,1
BRDA:194,16,0,0
BRDA:194,16,1,1
BRF:36
BRH:31
end_of_record
TN:
SF:src\services\chatService.js
FN:9,(anonymous_0)
FN:35,(anonymous_1)
FN:63,(anonymous_2)
FN:92,(anonymous_3)
FN:109,(anonymous_4)
FN:133,(anonymous_5)
FN:166,(anonymous_6)
FN:196,(anonymous_7)
FN:216,(anonymous_8)
FN:238,(anonymous_9)
FN:257,(anonymous_10)
FN:268,(anonymous_11)
FN:275,(anonymous_12)
FN:281,(anonymous_13)
FN:287,(anonymous_14)
FN:293,(anonymous_15)
FN:301,(anonymous_16)
FN:312,(anonymous_17)
FN:336,(anonymous_18)
FN:344,(anonymous_19)
FN:352,(anonymous_20)
FN:363,(anonymous_21)
FN:377,(anonymous_22)
FN:380,(anonymous_23)
FN:385,(anonymous_24)
FN:391,(anonymous_25)
FN:399,(anonymous_26)
FN:409,(anonymous_27)
FN:423,(anonymous_28)
FN:437,(anonymous_29)
FN:443,(anonymous_30)
FN:449,(anonymous_31)
FN:457,(anonymous_32)
FN:466,(anonymous_33)
FN:470,(anonymous_34)
FN:471,(anonymous_35)
FN:488,(anonymous_36)
FN:499,(anonymous_37)
FN:514,(anonymous_38)
FN:526,(anonymous_39)
FN:537,(anonymous_40)
FN:545,(anonymous_41)
FN:554,(anonymous_42)
FN:573,(anonymous_43)
FN:604,(anonymous_44)
FNF:45
FNH:11
FNDA:3,(anonymous_0)
FNDA:0,(anonymous_1)
FNDA:0,(anonymous_2)
FNDA:0,(anonymous_3)
FNDA:1,(anonymous_4)
FNDA:3,(anonymous_5)
FNDA:0,(anonymous_6)
FNDA:0,(anonymous_7)
FNDA:0,(anonymous_8)
FNDA:0,(anonymous_9)
FNDA:1,(anonymous_10)
FNDA:0,(anonymous_11)
FNDA:0,(anonymous_12)
FNDA:0,(anonymous_13)
FNDA:0,(anonymous_14)
FNDA:0,(anonymous_15)
FNDA:0,(anonymous_16)
FNDA:0,(anonymous_17)
FNDA:0,(anonymous_18)
FNDA:0,(anonymous_19)
FNDA:0,(anonymous_20)
FNDA:0,(anonymous_21)
FNDA:0,(anonymous_22)
FNDA:0,(anonymous_23)
FNDA:0,(anonymous_24)
FNDA:0,(anonymous_25)
FNDA:1,(anonymous_26)
FNDA:0,(anonymous_27)
FNDA:0,(anonymous_28)
FNDA:0,(anonymous_29)
FNDA:0,(anonymous_30)
FNDA:0,(anonymous_31)
FNDA:1,(anonymous_32)
FNDA:0,(anonymous_33)
FNDA:0,(anonymous_34)
FNDA:0,(anonymous_35)
FNDA:0,(anonymous_36)
FNDA:1,(anonymous_37)
FNDA:1,(anonymous_38)
FNDA:1,(anonymous_39)
FNDA:0,(anonymous_40)
FNDA:0,(anonymous_41)
FNDA:2,(anonymous_42)
FNDA:1,(anonymous_43)
FNDA:0,(anonymous_44)
DA:4,1
DA:10,3
DA:11,3
DA:17,3
DA:19,2
DA:21,2
DA:27,1
DA:28,1
DA:36,0
DA:37,0
DA:52,0
DA:53,0
DA:55,0
DA:56,0
DA:64,0
DA:65,0
DA:89,0
DA:92,0
DA:99,0
DA:101,0
DA:102,0
DA:110,1
DA:111,1
DA:121,1
DA:123,1
DA:125,0
DA:126,0
DA:134,3
DA:135,1
DA:138,2
DA:139,2
DA:154,2
DA:156,1
DA:158,1
DA:159,1
DA:167,0
DA:168,0
DA:169,0
DA:172,0
DA:173,0
DA:184,0
DA:186,0
DA:188,0
DA:189,0
DA:197,0
DA:198,0
DA:204,0
DA:206,0
DA:208,0
DA:209,0
DA:217,0
DA:218,0
DA:219,0
DA:226,0
DA:228,0
DA:230,0
DA:231,0
DA:239,0
DA:240,0
DA:245,0
DA:247,0
DA:249,0
DA:250,0
DA:258,1
DA:270,0
DA:276,0
DA:282,0
DA:283,0
DA:288,0
DA:289,0
DA:293,1
DA:294,0
DA:302,0
DA:313,0
DA:315,0
DA:316,0
DA:322,0
DA:324,0
DA:337,0
DA:338,0
DA:344,0
DA:345,0
DA:353,0
DA:365,0
DA:378,0
DA:381,0
DA:386,0
DA:387,0
DA:391,0
DA:392,0
DA:400,1
DA:410,0
DA:411,0
DA:424,0
DA:425,0
DA:438,0
DA:439,0
DA:444,0
DA:445,0
DA:449,1
DA:450,0
DA:458,1
DA:466,1
DA:467,0
DA:468,0
DA:470,0
DA:471,0
DA:472,0
DA:473,0
DA:474,0
DA:479,0
DA:480,0
DA:484,1
DA:489,0
DA:490,0
DA:499,1
DA:500,1
DA:501,1
DA:508,0
DA:512,1
DA:515,1
DA:516,1
DA:518,1
DA:527,1
DA:538,0
DA:539,0
DA:545,1
DA:546,0
DA:555,2
DA:556,2
DA:562,2
DA:563,1
DA:565,1
DA:566,1
DA:574,1
DA:576,1
DA:583,1
DA:586,1
DA:592,1
DA:594,1
DA:596,0
DA:597,0
DA:605,0
DA:606,0
DA:616,0
DA:617,0
DA:620,0
DA:622,0
DA:624,0
DA:629,0
DA:630,0
LF:151
LH:48
BRDA:17,0,0,1
BRDA:17,0,1,2
BRDA:19,1,0,2
BRDA:19,1,1,0
BRDA:19,1,2,0
BRDA:52,2,0,0
BRDA:52,2,1,0
BRDA:63,3,0,0
BRDA:89,4,0,0
BRDA:89,4,1,0
BRDA:92,5,0,0
BRDA:92,5,1,0
BRDA:109,6,0,0
BRDA:109,7,0,0
BRDA:121,8,0,0
BRDA:121,8,1,1
BRDA:123,9,0,1
BRDA:123,9,1,0
BRDA:134,10,0,1
BRDA:134,10,1,2
BRDA:134,11,0,3
BRDA:134,11,1,3
BRDA:154,12,0,1
BRDA:154,12,1,1
BRDA:167,13,0,0
BRDA:167,13,1,0
BRDA:168,14,0,0
BRDA:168,14,1,0
BRDA:184,15,0,0
BRDA:184,15,1,0
BRDA:204,16,0,0
BRDA:204,16,1,0
BRDA:218,17,0,0
BRDA:218,17,1,0
BRDA:218,18,0,0
BRDA:218,18,1,0
BRDA:226,19,0,0
BRDA:226,19,1,0
BRDA:245,20,0,0
BRDA:245,20,1,0
BRDA:288,21,0,0
BRDA:288,21,1,0
BRDA:301,22,0,0
BRDA:313,23,0,0
BRDA:313,23,1,0
BRDA:313,24,0,0
BRDA:313,24,1,0
BRDA:322,25,0,0
BRDA:322,25,1,0
BRDA:337,26,0,0
BRDA:337,26,1,0
BRDA:337,27,0,0
BRDA:337,27,1,0
BRDA:386,28,0,0
BRDA:386,28,1,0
BRDA:410,29,0,0
BRDA:410,29,1,0
BRDA:424,30,0,0
BRDA:424,30,1,0
BRDA:438,31,0,0
BRDA:438,31,1,0
BRDA:444,32,0,0
BRDA:444,32,1,0
BRDA:471,33,0,0
BRDA:471,33,1,0
BRDA:472,34,0,0
BRDA:472,34,1,0
BRDA:472,35,0,0
BRDA:472,35,1,0
BRDA:473,36,0,0
BRDA:473,36,1,0
BRDA:479,37,0,0
BRDA:479,37,1,0
BRDA:489,38,0,0
BRDA:489,38,1,0
BRDA:515,39,0,1
BRDA:515,39,1,0
BRDA:538,40,0,0
BRDA:538,40,1,0
BRDA:538,41,0,0
BRDA:538,41,1,0
BRDA:562,42,0,1
BRDA:562,42,1,1
BRDA:583,43,0,0
BRDA:583,43,1,1
BRDA:592,44,0,0
BRDA:592,44,1,1
BRDA:594,45,0,1
BRDA:594,45,1,0
BRDA:604,46,0,0
BRDA:616,47,0,0
BRDA:616,47,1,0
BRDA:622,48,0,0
BRDA:622,48,1,0
BRDA:626,49,0,0
BRDA:626,49,1,0
BRF:96
BRH:17
end_of_record
TN:
SF:src\services\errorHandlerService.js
FN:12,(anonymous_0)
FN:14,(anonymous_1)
FN:19,(anonymous_2)
FN:38,(anonymous_3)
FN:64,(anonymous_4)
FN:71,(anonymous_5)
FN:78,(anonymous_6)
FNF:7
FNH:7
FNDA:1,(anonymous_0)
FNDA:1,(anonymous_1)
FNDA:1,(anonymous_2)
FNDA:59,(anonymous_3)
FNDA:5,(anonymous_4)
FNDA:5,(anonymous_5)
FNDA:2,(anonymous_6)
DA:8,5
DA:9,5
DA:12,5
DA:14,1
DA:15,1
DA:19,1
DA:20,1
DA:24,1
DA:25,1
DA:28,1
DA:29,1
DA:32,1
DA:38,5
DA:39,59
DA:49,59
DA:50,59
DA:51,5
DA:55,59
DA:64,5
DA:65,5
DA:71,5
DA:72,5
DA:78,5
DA:79,2
LF:24
LH:24
BRDA:20,0,0,1
BRDA:20,0,1,0
BRDA:24,1,0,1
BRDA:24,1,1,0
BRDA:28,2,0,1
BRDA:28,2,1,0
BRDA:28,3,0,1
BRDA:28,3,1,1
BRDA:38,4,0,58
BRDA:42,5,0,59
BRDA:42,5,1,1
BRDA:43,6,0,59
BRDA:43,6,1,1
BRDA:50,7,0,5
BRDA:50,7,1,54
BRDA:78,8,0,1
BRDA:78,9,0,1
BRF:17
BRH:14
end_of_record
TN:
SF:src\services\imageOptimizationService.js
FN:13,(anonymous_0)
FN:58,(anonymous_1)
FN:82,(anonymous_2)
FN:127,(anonymous_3)
FN:140,(anonymous_4)
FN:144,(anonymous_5)
FN:152,(anonymous_6)
FN:169,(anonymous_7)
FN:172,(anonymous_8)
FN:173,(anonymous_9)
FN:194,(anonymous_10)
FNF:11
FNH:11
FNDA:3,(anonymous_0)
FNDA:2,(anonymous_1)
FNDA:3,(anonymous_2)
FNDA:2,(anonymous_3)
FNDA:5,(anonymous_4)
FNDA:2,(anonymous_5)
FNDA:2,(anonymous_6)
FNDA:2,(anonymous_7)
FNDA:2,(anonymous_8)
FNDA:1,(anonymous_9)
FNDA:3,(anonymous_10)
DA:5,1
DA:6,1
DA:7,1
DA:9,1
DA:14,3
DA:16,3
DA:17,2
DA:20,2
DA:21,1
DA:30,1
DA:31,1
DA:33,1
DA:43,1
DA:50,1
DA:51,1
DA:59,2
DA:60,2
DA:69,1
DA:74,1
DA:75,1
DA:83,3
DA:85,3
DA:86,3
DA:89,2
DA:94,2
DA:102,2
DA:105,1
DA:109,1
DA:119,2
DA:120,2
DA:128,2
DA:130,2
DA:131,5
DA:132,5
DA:133,5
DA:135,5
DA:136,3
DA:140,5
DA:141,2
DA:144,2
DA:153,2
DA:154,2
DA:158,2
DA:159,1
DA:161,1
DA:162,1
DA:170,2
DA:171,2
DA:172,2
DA:173,2
DA:174,1
DA:178,1
DA:186,1
DA:187,1
DA:195,3
DA:196,3
DA:197,3
DA:200,3
DA:201,3
DA:202,1
DA:206,2
DA:211,1
DA:213,1
DA:214,1
LF:64
LH:64
BRDA:20,0,0,1
BRDA:20,0,1,1
BRDA:86,1,0,1
BRDA:86,1,1,2
BRDA:102,2,0,1
BRDA:102,2,1,1
BRDA:135,3,0,3
BRDA:135,3,1,2
BRDA:158,4,0,1
BRDA:158,4,1,1
BRDA:201,5,0,1
BRDA:201,5,1,2
BRF:12
BRH:12
end_of_record
TN:
SF:src\services\locationTrackingService.js
FN:13,(anonymous_0)
FN:37,(anonymous_1)
FN:59,(anonymous_2)
FN:74,(anonymous_3)
FN:77,(anonymous_4)
FN:95,(anonymous_5)
FN:140,(anonymous_6)
FN:167,(anonymous_7)
FN:193,(anonymous_8)
FN:204,(anonymous_9)
FN:215,(anonymous_10)
FN:220,(anonymous_11)
FNF:12
FNH:12
FNDA:7,(anonymous_0)
FNDA:2,(anonymous_1)
FNDA:4,(anonymous_2)
FNDA:2,(anonymous_3)
FNDA:1,(anonymous_4)
FNDA:3,(anonymous_5)
FNDA:1,(anonymous_6)
FNDA:3,(anonymous_7)
FNDA:1,(anonymous_8)
FNDA:1,(anonymous_9)
FNDA:1,(anonymous_10)
FNDA:3,(anonymous_11)
DA:4,1
DA:6,1
DA:14,7
DA:15,7
DA:17,6
DA:18,2
DA:22,4
DA:24,4
DA:30,1
DA:38,2
DA:39,2
DA:43,1
DA:52,1
DA:60,4
DA:62,4
DA:63,4
DA:64,1
DA:68,3
DA:76,2
DA:77,2
DA:78,1
DA:83,2
DA:88,1
DA:96,3
DA:97,3
DA:108,3
DA:111,2
DA:120,2
DA:121,1
DA:130,2
DA:132,1
DA:133,1
DA:141,1
DA:142,1
DA:143,1
DA:144,1
DA:147,1
DA:150,1
DA:158,1
DA:160,0
DA:168,3
DA:170,3
DA:174,2
DA:176,1
DA:177,1
DA:179,1
DA:186,2
DA:194,1
DA:205,1
DA:215,1
DA:216,1
DA:221,3
DA:222,2
DA:223,2
LF:54
LH:53
BRDA:17,0,0,2
BRDA:17,0,1,4
BRDA:63,1,0,1
BRDA:63,1,1,3
BRDA:108,2,0,1
BRDA:108,2,1,2
BRDA:120,3,0,1
BRDA:120,3,1,1
BRDA:142,4,0,1
BRDA:142,4,1,0
BRDA:174,5,0,1
BRDA:174,5,1,1
BRDA:221,6,0,2
BRDA:221,6,1,1
BRF:14
BRH:13
end_of_record
TN:
SF:src\services\mobileNotificationService.js
FN:18,(anonymous_0)
FN:26,(anonymous_1)
FN:45,(anonymous_2)
FN:58,(anonymous_3)
FN:112,(anonymous_4)
FN:115,(anonymous_5)
FN:122,(anonymous_6)
FN:128,(anonymous_7)
FN:137,(anonymous_8)
FN:163,(anonymous_9)
FN:185,(anonymous_10)
FN:192,(anonymous_11)
FN:198,(anonymous_12)
FN:210,(anonymous_13)
FN:263,(anonymous_14)
FN:265,(anonymous_15)
FN:278,(anonymous_16)
FN:292,(anonymous_17)
FN:299,(anonymous_18)
FN:305,(anonymous_19)
FN:313,(anonymous_20)
FN:331,(anonymous_21)
FNF:22
FNH:12
FNDA:0,(anonymous_0)
FNDA:5,(anonymous_1)
FNDA:0,(anonymous_2)
FNDA:4,(anonymous_3)
FNDA:1,(anonymous_4)
FNDA:0,(anonymous_5)
FNDA:0,(anonymous_6)
FNDA:0,(anonymous_7)
FNDA:4,(anonymous_8)
FNDA:2,(anonymous_9)
FNDA:2,(anonymous_10)
FNDA:0,(anonymous_11)
FNDA:0,(anonymous_12)
FNDA:1,(anonymous_13)
FNDA:3,(anonymous_14)
FNDA:0,(anonymous_15)
FNDA:2,(anonymous_16)
FNDA:0,(anonymous_17)
FNDA:1,(anonymous_18)
FNDA:0,(anonymous_19)
FNDA:2,(anonymous_20)
FNDA:4,(anonymous_21)
DA:7,2
DA:8,2
DA:9,2
DA:10,2
DA:11,2
DA:12,2
DA:13,2
DA:14,2
DA:17,2
DA:18,0
DA:25,2
DA:27,5
DA:28,5
DA:31,0
DA:32,0
DA:39,0
DA:41,0
DA:46,0
DA:59,4
DA:60,4
DA:61,4
DA:62,4
DA:65,0
DA:66,0
DA:68,0
DA:69,0
DA:70,0
DA:73,0
DA:74,0
DA:75,0
DA:78,0
DA:80,0
DA:82,0
DA:83,0
DA:86,0
DA:87,0
DA:89,0
DA:93,0
DA:97,0
DA:98,0
DA:101,0
DA:104,0
DA:105,0
DA:114,1
DA:116,0
DA:121,1
DA:123,0
DA:124,0
DA:128,1
DA:129,0
DA:130,0
DA:138,4
DA:139,1
DA:142,3
DA:143,1
DA:146,2
DA:147,2
DA:152,2
DA:153,1
DA:155,1
DA:156,1
DA:164,2
DA:165,2
DA:167,2
DA:178,2
DA:180,0
DA:181,0
DA:186,2
DA:187,0
DA:190,2
DA:191,2
DA:192,0
DA:193,0
DA:194,0
DA:197,0
DA:199,0
DA:203,0
DA:205,2
DA:206,2
DA:211,1
DA:212,0
DA:215,1
DA:216,1
DA:217,0
DA:220,1
DA:221,1
DA:222,1
DA:224,1
DA:225,1
DA:228,1
DA:235,1
DA:253,1
DA:255,0
DA:256,0
DA:264,3
DA:265,1
DA:268,2
DA:279,2
DA:281,2
DA:282,2
DA:293,0
DA:296,2
DA:300,1
DA:301,1
DA:305,2
DA:306,0
DA:314,2
DA:315,2
DA:320,2
DA:321,1
DA:323,1
DA:324,1
DA:332,4
DA:333,1
DA:336,3
DA:337,3
DA:341,3
DA:342,3
DA:349,3
DA:350,2
DA:352,1
DA:353,1
LF:122
LH:75
BRDA:12,0,0,2
BRDA:12,0,1,0
BRDA:13,1,0,2
BRDA:13,1,1,0
BRDA:27,2,0,5
BRDA:27,2,1,0
BRDA:27,3,0,5
BRDA:27,3,1,0
BRDA:47,4,0,0
BRDA:47,4,1,0
BRDA:47,4,2,0
BRDA:47,4,3,0
BRDA:47,4,4,0
BRDA:60,5,0,4
BRDA:60,5,1,0
BRDA:68,6,0,0
BRDA:68,6,1,0
BRDA:73,7,0,0
BRDA:73,7,1,0
BRDA:80,8,0,0
BRDA:80,8,1,0
BRDA:89,9,0,0
BRDA:89,9,1,0
BRDA:89,9,2,0
BRDA:93,10,0,0
BRDA:93,10,1,0
BRDA:93,10,2,0
BRDA:97,11,0,0
BRDA:97,11,1,0
BRDA:138,12,0,1
BRDA:138,12,1,3
BRDA:142,13,0,1
BRDA:142,13,1,2
BRDA:142,14,0,3
BRDA:142,14,1,3
BRDA:142,14,2,3
BRDA:152,15,0,1
BRDA:152,15,1,1
BRDA:163,16,0,1
BRDA:174,17,0,0
BRDA:174,17,1,2
BRDA:186,18,0,0
BRDA:186,18,1,2
BRDA:193,19,0,0
BRDA:193,19,1,0
BRDA:194,20,0,0
BRDA:194,20,1,0
BRDA:211,21,0,0
BRDA:211,21,1,1
BRDA:216,22,0,0
BRDA:216,22,1,1
BRDA:225,23,0,1
BRDA:225,23,1,0
BRDA:238,24,0,1
BRDA:238,24,1,0
BRDA:248,25,0,0
BRDA:248,25,1,1
BRDA:264,26,0,1
BRDA:264,26,1,2
BRDA:289,27,0,0
BRDA:289,27,1,2
BRDA:300,28,0,1
BRDA:300,28,1,0
BRDA:320,29,0,1
BRDA:320,29,1,1
BRDA:331,30,0,0
BRDA:332,31,0,1
BRDA:332,31,1,3
BRDA:337,32,0,2
BRDA:337,32,1,1
BRDA:349,33,0,1
BRDA:349,33,1,2
BRF:72
BRH:34
end_of_record
TN:
SF:src\services\networkStateService.js
FN:19,(anonymous_0)
FN:36,(anonymous_1)
FN:75,(anonymous_2)
FN:87,(anonymous_3)
FN:116,(anonymous_4)
FN:133,(anonymous_5)
FNF:6
FNH:5
FNDA:5,(anonymous_0)
FNDA:3,(anonymous_1)
FNDA:3,(anonymous_2)
FNDA:5,(anonymous_3)
FNDA:3,(anonymous_4)
FNDA:0,(anonymous_5)
DA:9,9
DA:10,9
DA:11,9
DA:12,9
DA:14,9
DA:20,5
DA:21,1
DA:22,1
DA:25,4
DA:27,4
DA:28,3
DA:30,3
DA:31,3
DA:32,0
DA:36,3
DA:37,3
DA:38,3
DA:41,3
DA:42,2
DA:44,2
DA:45,1
DA:48,2
DA:49,2
DA:51,2
DA:52,2
DA:53,0
DA:56,2
DA:59,3
DA:60,1
DA:63,3
DA:66,3
DA:68,1
DA:76,3
DA:77,3
DA:78,3
DA:79,3
DA:80,3
DA:88,5
DA:89,1
DA:96,4
DA:97,4
DA:98,4
DA:99,3
DA:104,3
DA:106,1
DA:107,1
DA:109,4
DA:117,3
DA:118,3
DA:119,2
DA:125,1
DA:126,1
DA:134,0
LF:53
LH:50
BRDA:20,0,0,1
BRDA:20,0,1,4
BRDA:31,1,0,0
BRDA:31,1,1,3
BRDA:31,2,0,3
BRDA:31,2,1,3
BRDA:41,3,0,2
BRDA:41,3,1,1
BRDA:41,4,0,3
BRDA:41,4,1,2
BRDA:42,5,0,1
BRDA:42,5,1,1
BRDA:44,6,0,1
BRDA:44,6,1,1
BRDA:52,7,0,0
BRDA:52,7,1,2
BRDA:52,8,0,2
BRDA:52,8,1,2
BRDA:59,9,0,1
BRDA:59,9,1,2
BRDA:59,10,0,3
BRDA:59,10,1,1
BRDA:76,11,0,3
BRDA:76,11,1,0
BRDA:88,12,0,1
BRDA:88,12,1,4
BRDA:122,13,0,2
BRDA:122,13,1,1
BRF:28
BRH:25
end_of_record
TN:
SF:src\services\offlineStorageService.js
FN:18,(anonymous_0)
FN:39,(anonymous_1)
FN:65,(anonymous_2)
FN:78,(anonymous_3)
FN:104,(anonymous_4)
FN:118,(anonymous_5)
FN:131,(anonymous_6)
FN:154,(anonymous_7)
FN:192,(anonymous_8)
FN:221,(anonymous_9)
FN:240,(anonymous_10)
FN:264,(anonymous_11)
FN:264,(anonymous_12)
FN:290,(anonymous_13)
FN:305,(anonymous_14)
FNF:15
FNH:15
FNDA:2,(anonymous_0)
FNDA:3,(anonymous_1)
FNDA:2,(anonymous_2)
FNDA:2,(anonymous_3)
FNDA:14,(anonymous_4)
FNDA:2,(anonymous_5)
FNDA:2,(anonymous_6)
FNDA:9,(anonymous_7)
FNDA:1,(anonymous_8)
FNDA:4,(anonymous_9)
FNDA:2,(anonymous_10)
FNDA:10,(anonymous_11)
FNDA:11,(anonymous_12)
FNDA:1,(anonymous_13)
FNDA:1,(anonymous_14)
DA:4,1
DA:14,1
DA:19,2
DA:20,2
DA:25,2
DA:29,1
DA:31,1
DA:32,1
DA:40,3
DA:41,3
DA:45,3
DA:47,3
DA:48,2
DA:50,2
DA:51,1
DA:52,1
DA:55,1
DA:57,1
DA:58,1
DA:66,2
DA:67,2
DA:68,1
DA:70,1
DA:71,1
DA:79,2
DA:80,2
DA:81,2
DA:82,2
DA:84,2
DA:90,2
DA:94,1
DA:96,1
DA:97,1
DA:105,14
DA:106,14
DA:107,14
DA:108,13
DA:110,1
DA:111,1
DA:119,2
DA:120,2
DA:121,2
DA:122,1
DA:130,1
DA:131,1
DA:132,2
DA:133,2
DA:136,1
DA:137,1
DA:139,1
DA:146,0
DA:147,0
DA:155,9
DA:156,9
DA:157,8
DA:159,8
DA:160,10
DA:162,10
DA:163,10
DA:165,10
DA:167,2
DA:170,2
DA:173,2
DA:174,2
DA:176,2
DA:177,1
DA:178,1
DA:181,1
DA:187,1
DA:188,0
DA:189,0
DA:192,1
DA:197,1
DA:201,1
DA:202,0
DA:203,0
DA:206,1
DA:207,1
DA:211,3
DA:212,0
DA:213,0
DA:216,3
DA:217,3
DA:221,3
DA:222,4
DA:225,3
DA:227,3
DA:230,2
DA:231,1
DA:232,1
DA:235,1
DA:236,1
DA:240,1
DA:241,2
DA:244,1
DA:246,1
DA:249,1
DA:252,6
DA:253,1
DA:255,5
DA:258,0
DA:263,8
DA:264,11
DA:267,8
DA:268,5
DA:270,3
DA:276,8
DA:282,1
DA:283,1
DA:291,1
DA:292,1
DA:293,1
DA:294,1
DA:295,1
DA:296,1
DA:298,0
DA:306,1
DA:307,1
DA:308,1
DA:309,1
DA:311,0
LF:121
LH:110
BRDA:18,0,0,1
BRDA:26,1,0,2
BRDA:26,1,1,0
BRDA:42,2,0,3
BRDA:42,2,1,0
BRDA:45,3,0,0
BRDA:45,3,1,3
BRDA:50,4,0,1
BRDA:50,4,1,1
BRDA:51,5,0,1
BRDA:51,5,1,0
BRDA:82,6,0,2
BRDA:82,6,1,2
BRDA:82,6,2,2
BRDA:82,6,3,0
BRDA:107,7,0,14
BRDA:107,7,1,0
BRDA:108,8,0,12
BRDA:108,8,1,1
BRDA:118,9,0,0
BRDA:121,10,0,1
BRDA:121,10,1,1
BRDA:132,11,0,2
BRDA:132,11,1,0
BRDA:133,12,0,1
BRDA:133,12,1,1
BRDA:162,13,0,10
BRDA:162,13,1,0
BRDA:163,14,0,10
BRDA:163,14,1,6
BRDA:163,14,2,6
BRDA:163,14,3,6
BRDA:165,15,0,2
BRDA:165,15,1,2
BRDA:165,15,2,3
BRDA:165,15,3,2
BRDA:165,15,4,1
BRDA:176,16,0,1
BRDA:176,16,1,1
BRDA:176,17,0,2
BRDA:176,17,1,1
BRDA:187,18,0,0
BRDA:187,18,1,1
BRDA:201,19,0,0
BRDA:201,19,1,1
BRDA:211,20,0,0
BRDA:211,20,1,3
BRDA:216,21,0,3
BRDA:216,21,1,2
BRDA:230,22,0,1
BRDA:230,22,1,1
BRDA:235,23,0,1
BRDA:235,23,1,0
BRDA:252,24,0,1
BRDA:252,24,1,5
BRDA:258,25,0,0
BRDA:258,25,1,0
BRDA:264,26,0,11
BRDA:264,26,1,8
BRDA:264,27,0,11
BRDA:264,27,1,0
BRDA:267,28,0,5
BRDA:267,28,1,3
BRDA:293,29,0,1
BRDA:293,29,1,0
BRDA:308,30,0,1
BRDA:308,30,1,0
BRDA:309,31,0,1
BRDA:309,31,1,0
BRF:69
BRH:50
end_of_record
TN:
SF:src\services\orderService.js
FN:5,getOnlineState
FN:15,(anonymous_1)
FN:53,(anonymous_2)
FN:71,(anonymous_3)
FNF:4
FNH:4
FNDA:11,getOnlineState
FNDA:5,(anonymous_1)
FNDA:2,(anonymous_2)
FNDA:6,(anonymous_3)
DA:6,11
DA:7,11
DA:8,10
DA:10,1
DA:14,1
DA:20,5
DA:22,5
DA:23,2
DA:33,2
DA:34,1
DA:37,1
DA:44,3
DA:50,3
DA:52,2
DA:53,2
DA:58,2
DA:62,2
DA:64,1
DA:72,6
DA:74,6
DA:75,4
DA:86,4
DA:87,2
DA:90,2
DA:96,2
DA:102,2
DA:104,1
LF:27
LH:27
BRDA:22,0,0,2
BRDA:22,0,1,3
BRDA:33,1,0,1
BRDA:33,1,1,1
BRDA:34,2,0,1
BRDA:34,2,1,1
BRDA:40,3,0,1
BRDA:40,3,1,0
BRDA:50,4,0,1
BRDA:50,4,1,2
BRDA:62,5,0,1
BRDA:62,5,1,1
BRDA:74,6,0,4
BRDA:74,6,1,2
BRDA:86,7,0,2
BRDA:86,7,1,2
BRDA:87,8,0,2
BRDA:87,8,1,1
BRDA:102,9,0,1
BRDA:102,9,1,1
BRF:20
BRH:19
end_of_record
TN:
SF:src\services\reservationService.js
FN:9,getReservedSlotsForDate
FN:25,getReservationsByMonth
FN:44,createReservation
FN:65,(anonymous_3)
FN:72,getMyUpcomingReservations
FN:87,cancelReservation
FN:102,(anonymous_6)
FN:109,updateReservation
FN:129,(anonymous_8)
FNF:9
FNH:0
FNDA:0,getReservedSlotsForDate
FNDA:0,getReservationsByMonth
FNDA:0,createReservation
FNDA:0,(anonymous_3)
FNDA:0,getMyUpcomingReservations
FNDA:0,cancelReservation
FNDA:0,(anonymous_6)
FNDA:0,updateReservation
FNDA:0,(anonymous_8)
DA:4,0
DA:10,0
DA:11,0
DA:13,0
DA:21,0
DA:22,0
DA:26,0
DA:27,0
DA:29,0
DA:30,0
DA:32,0
DA:40,0
DA:41,0
DA:45,0
DA:59,0
DA:61,0
DA:66,0
DA:69,0
DA:73,0
DA:75,0
DA:83,0
DA:84,0
DA:88,0
DA:100,0
DA:102,0
DA:103,0
DA:106,0
DA:110,0
DA:123,0
DA:125,0
DA:130,0
DA:133,0
DA:136,0
LF:33
LH:0
BRDA:21,0,0,0
BRDA:21,0,1,0
BRDA:22,1,0,0
BRDA:22,1,1,0
BRDA:40,2,0,0
BRDA:40,2,1,0
BRDA:41,3,0,0
BRDA:41,3,1,0
BRDA:44,4,0,0
BRDA:51,5,0,0
BRDA:51,5,1,0
BRDA:52,6,0,0
BRDA:52,6,1,0
BRDA:53,7,0,0
BRDA:53,7,1,0
BRDA:59,8,0,0
BRDA:59,8,1,0
BRDA:64,9,0,0
BRDA:64,9,1,0
BRDA:64,9,2,0
BRDA:73,10,0,0
BRDA:73,10,1,0
BRDA:83,11,0,0
BRDA:83,11,1,0
BRDA:84,12,0,0
BRDA:84,12,1,0
BRDA:100,13,0,0
BRDA:100,13,1,0
BRDA:109,14,0,0
BRDA:114,15,0,0
BRDA:114,15,1,0
BRDA:123,16,0,0
BRDA:123,16,1,0
BRDA:128,17,0,0
BRDA:128,17,1,0
BRF:35
BRH:0
end_of_record
TN:
SF:src\services\riderPresenceService.js
FN:34,(anonymous_0)
FN:59,(anonymous_1)
FN:76,(anonymous_2)
FN:97,(anonymous_3)
FN:117,(anonymous_4)
FN:120,(anonymous_5)
FN:136,(anonymous_6)
FN:146,(anonymous_7)
FN:149,(anonymous_8)
FN:171,(anonymous_9)
FN:181,(anonymous_10)
FN:184,(anonymous_11)
FN:202,(anonymous_12)
FN:212,(anonymous_13)
FNF:14
FNH:0
FNDA:0,(anonymous_0)
FNDA:0,(anonymous_1)
FNDA:0,(anonymous_2)
FNDA:0,(anonymous_3)
FNDA:0,(anonymous_4)
FNDA:0,(anonymous_5)
FNDA:0,(anonymous_6)
FNDA:0,(anonymous_7)
FNDA:0,(anonymous_8)
FNDA:0,(anonymous_9)
FNDA:0,(anonymous_10)
FNDA:0,(anonymous_11)
FNDA:0,(anonymous_12)
FNDA:0,(anonymous_13)
DA:21,0
DA:23,0
DA:24,0
DA:25,0
DA:26,0
DA:27,0
DA:29,0
DA:35,0
DA:36,0
DA:37,0
DA:40,0
DA:43,0
DA:46,0
DA:49,0
DA:52,0
DA:60,0
DA:62,0
DA:63,0
DA:64,0
DA:66,0
DA:67,0
DA:70,0
DA:77,0
DA:79,0
DA:80,0
DA:88,0
DA:90,0
DA:98,0
DA:100,0
DA:101,0
DA:108,0
DA:110,0
DA:118,0
DA:120,0
DA:121,0
DA:123,0
DA:124,0
DA:125,0
DA:128,0
DA:137,0
DA:138,0
DA:139,0
DA:147,0
DA:149,0
DA:150,0
DA:151,0
DA:153,0
DA:154,0
DA:155,0
DA:157,0
DA:159,0
DA:160,0
DA:163,0
DA:172,0
DA:173,0
DA:174,0
DA:182,0
DA:184,0
DA:185,0
DA:186,0
DA:188,0
DA:191,0
DA:194,0
DA:203,0
DA:204,0
DA:205,0
DA:213,0
DA:215,0
DA:216,0
DA:222,0
DA:223,0
DA:225,0
DA:226,0
LF:73
LH:0
BRDA:35,0,0,0
BRDA:35,0,1,0
BRDA:60,1,0,0
BRDA:60,1,1,0
BRDA:66,2,0,0
BRDA:66,2,1,0
BRDA:77,3,0,0
BRDA:77,3,1,0
BRDA:88,4,0,0
BRDA:88,4,1,0
BRDA:98,5,0,0
BRDA:98,5,1,0
BRDA:108,6,0,0
BRDA:108,6,1,0
BRDA:124,7,0,0
BRDA:124,7,1,0
BRDA:137,8,0,0
BRDA:137,8,1,0
BRDA:151,9,0,0
BRDA:151,9,1,0
BRDA:154,10,0,0
BRDA:154,10,1,0
BRDA:154,11,0,0
BRDA:154,11,1,0
BRDA:157,12,0,0
BRDA:157,12,1,0
BRDA:157,13,0,0
BRDA:157,13,1,0
BRDA:172,14,0,0
BRDA:172,14,1,0
BRDA:186,15,0,0
BRDA:186,15,1,0
BRDA:203,16,0,0
BRDA:203,16,1,0
BRDA:213,17,0,0
BRDA:213,17,1,0
BRDA:222,18,0,0
BRDA:222,18,1,0
BRDA:223,19,0,0
BRDA:223,19,1,0
BRF:40
BRH:0
end_of_record
